
JLAB fadc pedestal measurement on host adccnd1
----------------------------
Opening CRCSR Window (opened at [0xb6f5f000,0xb7f5f000])
Opening A32 Window (opened at [0xb6f4f000,0xb6f5f000])
Opening A32Blt Window (opened at [0xacf4f000,0xb6f4f000])
Opening A24 Window (opened at [0xabf4f000,0xacf4f000])
Opening A16 Window (opened at [0xabf3f000,0xabf4f000])
jlabgefMapTsi: Tempe Chip Userspace map successful
VME Bus Error IRQ Disabled
vmeBusCreateLockShm: vmeBus shared memory mutex initialized
Initialized FADC  0  Slot #  3 at address 0xac0cf000 (0x00180000) 
Initialized FADC  1  Slot #  4 at address 0xac14f000 (0x00200000) 
Initialized FADC  2  Slot #  5 at address 0xac1cf000 (0x00280000) 
Initialized FADC  3  Slot #  6 at address 0xac24f000 (0x00300000) 
Initialized FADC  4  Slot #  7 at address 0xac2cf000 (0x00380000) 
Initialized FADC  5  Slot #  8 at address 0xac34f000 (0x00400000) 
Initialized FADC  6  Slot #  9 at address 0xac3cf000 (0x00480000) 
Initialized FADC  7  Slot # 10 at address 0xac44f000 (0x00500000) 
jlabgefMemProbe: Clearing VME BERR/2eST (0x800cf900) at VME address 0x580000
jlabgefMemProbe: Clearing VME BERR/2eST (0x800cf900) at VME address 0x600000
Initialized FADC  8  Slot # 13 at address 0xac5cf000 (0x00680000) 
jlabgefMemProbe: Clearing VME BERR/2eST (0x800cf900) at VME address 0x700000
jlabgefMemProbe: Clearing VME BERR/2eST (0x800cf900) at VME address 0xa00000
faInit: Enabling FADC Internal Clock, and VXS Triggers (VXS Sync Reset)
faInit: 9 FADC(s) successfully initialized
fadc250Config: nfadc=9
fadc250InitGlobals reached

NOTE: use EXPID=>clasrun< from environment

ReadConfigFile: Using configuration file >/usr/clas12/release/1.3.2/parms/fadc250/adccnd1.cnf<

ReadConfigFile: crate = all  host = adccnd1 - activated

ReadConfigFile: crate = end  host = adccnd1 - disactivated

ReadConfigFile: Using configuration file >/usr/clas12/release/1.3.2/parms/fadc250/adccnd1_ped.cnf<

ReadConfigFile: crate = adccnd1  host = adccnd1 - activated
CONF: read ped[3][0]=162.865005
CONF: read ped[3][1]=154.069000
CONF: read ped[3][2]=178.429993
CONF: read ped[3][3]=163.561996
CONF: read ped[3][4]=166.421005
CONF: read ped[3][5]=161.921005
CONF: read ped[3][6]=167.300995
CONF: read ped[3][7]=222.968994
CONF: read ped[3][8]=182.809998
CONF: read ped[3][9]=268.951996
CONF: read ped[3][10]=186.039001
CONF: read ped[3][11]=137.735992
CONF: read ped[3][12]=200.147003
CONF: read ped[3][13]=167.320007
CONF: read ped[3][14]=191.136993
CONF: read ped[3][15]=179.184998
CONF: read ped[4][0]=196.559998
CONF: read ped[4][1]=201.811996
CONF: read ped[4][2]=185.018005
CONF: read ped[4][3]=179.141006
CONF: read ped[4][4]=216.380997
CONF: read ped[4][5]=227.112000
CONF: read ped[4][6]=167.800003
CONF: read ped[4][7]=197.410995
CONF: read ped[4][8]=209.056000
CONF: read ped[4][9]=180.421997
CONF: read ped[4][10]=198.694000
CONF: read ped[4][11]=166.270996
CONF: read ped[4][12]=193.981003
CONF: read ped[4][13]=209.218002
CONF: read ped[4][14]=190.705002
CONF: read ped[4][15]=185.597000
CONF: read ped[5][0]=147.776993
CONF: read ped[5][1]=144.011002
CONF: read ped[5][2]=177.031998
CONF: read ped[5][3]=156.039993
CONF: read ped[5][4]=154.653000
CONF: read ped[5][5]=177.738998
CONF: read ped[5][6]=172.570999
CONF: read ped[5][7]=182.466995
CONF: read ped[5][8]=201.369003
CONF: read ped[5][9]=171.414001
CONF: read ped[5][10]=218.639999
CONF: read ped[5][11]=164.901993
CONF: read ped[5][12]=141.169006
CONF: read ped[5][13]=201.404007
CONF: read ped[5][14]=149.815994
CONF: read ped[5][15]=207.826996
CONF: read ped[6][0]=162.819000
CONF: read ped[6][1]=188.406998
CONF: read ped[6][2]=173.098007
CONF: read ped[6][3]=131.041000
CONF: read ped[6][4]=116.878998
CONF: read ped[6][5]=210.468994
CONF: read ped[6][6]=167.300003
CONF: read ped[6][7]=159.410995
CONF: read ped[6][8]=199.225006
CONF: read ped[6][9]=214.016998
CONF: read ped[6][10]=181.421997
CONF: read ped[6][11]=167.570999
CONF: read ped[6][12]=226.339996
CONF: read ped[6][13]=195.371002
CONF: read ped[6][14]=175.130997
CONF: read ped[6][15]=186.261002
CONF: read ped[7][0]=176.016006
CONF: read ped[7][1]=150.748001
CONF: read ped[7][2]=183.684006
CONF: read ped[7][3]=149.076996
CONF: read ped[7][4]=162.899002
CONF: read ped[7][5]=187.276993
CONF: read ped[7][6]=154.212006
CONF: read ped[7][7]=166.617004
CONF: read ped[7][8]=170.231003
CONF: read ped[7][9]=184.212006
CONF: read ped[7][10]=178.819000
CONF: read ped[7][11]=168.832001
CONF: read ped[7][12]=184.625000
CONF: read ped[7][13]=164.477997
CONF: read ped[7][14]=154.871994
CONF: read ped[7][15]=160.074997
CONF: read ped[8][0]=196.554001
CONF: read ped[8][1]=174.800995
CONF: read ped[8][2]=167.177002
CONF: read ped[8][3]=119.021004
CONF: read ped[8][4]=214.167999
CONF: read ped[8][5]=200.268997
CONF: read ped[8][6]=191.994003
CONF: read ped[8][7]=201.871994
CONF: read ped[8][8]=227.466995
CONF: read ped[8][9]=245.188995
CONF: read ped[8][10]=248.459000
CONF: read ped[8][11]=229.959000
CONF: read ped[8][12]=222.335007
CONF: read ped[8][13]=254.621994
CONF: read ped[8][14]=225.781006
CONF: read ped[8][15]=248.112000
CONF: read ped[9][0]=158.097000
CONF: read ped[9][1]=172.203995
CONF: read ped[9][2]=159.539001
CONF: read ped[9][3]=131.154999
CONF: read ped[9][4]=148.240997
CONF: read ped[9][5]=156.171997
CONF: read ped[9][6]=176.455994
CONF: read ped[9][7]=192.916000
CONF: read ped[9][8]=156.667007
CONF: read ped[9][9]=169.973999
CONF: read ped[9][10]=179.621002
CONF: read ped[9][11]=161.235992
CONF: read ped[9][12]=165.587997
CONF: read ped[9][13]=177.203995
CONF: read ped[9][14]=167.057007
CONF: read ped[9][15]=159.899994
CONF: read ped[10][0]=190.664993
CONF: read ped[10][1]=204.524994
CONF: read ped[10][2]=219.462006
CONF: read ped[10][3]=189.261002
CONF: read ped[10][4]=256.109985
CONF: read ped[10][5]=207.145996
CONF: read ped[10][6]=217.001007
CONF: read ped[10][7]=196.570999
CONF: read ped[10][8]=157.813995
CONF: read ped[10][9]=161.130997
CONF: read ped[10][10]=171.307999
CONF: read ped[10][11]=142.203003
CONF: read ped[10][12]=161.804001
CONF: read ped[10][13]=135.194000
CONF: read ped[10][14]=156.089996
CONF: read ped[10][15]=167.546997
CONF: read ped[13][0]=186.662003
CONF: read ped[13][1]=165.397995
CONF: read ped[13][2]=170.610001
CONF: read ped[13][3]=166.677002
CONF: read ped[13][4]=161.496002
CONF: read ped[13][5]=160.468002
CONF: read ped[13][6]=119.049004
CONF: read ped[13][7]=220.061996
CONF: read ped[13][8]=190.802002
CONF: read ped[13][9]=150.130997
CONF: read ped[13][10]=166.813995
CONF: read ped[13][11]=163.046005
CONF: read ped[13][12]=188.188004
CONF: read ped[13][13]=175.160995
CONF: read ped[13][14]=165.345993
CONF: read ped[13][15]=155.464996

ReadConfigFile: crate = end  host = adccnd1 - disactivated


fadc250DownloadAll reached, nfadc=9
faMeasureChannelPedestal: slot 3, chan 0 => avg 164.003, rms  2.207, min 158, max 171
faMeasureChannelPedestal: slot 3, chan 1 => avg 153.869, rms  2.943, min 145, max 165
faMeasureChannelPedestal: slot 3, chan 2 => avg 174.622, rms  2.646, min 168, max 182
faMeasureChannelPedestal: slot 3, chan 3 => avg 163.520, rms  2.363, min 157, max 170
faMeasureChannelPedestal: slot 3, chan 4 => avg 166.786, rms  2.519, min 160, max 175
faMeasureChannelPedestal: slot 3, chan 5 => avg 162.657, rms  2.199, min 156, max 170
faMeasureChannelPedestal: slot 3, chan 6 => avg 167.786, rms  2.135, min 161, max 174
faMeasureChannelPedestal: slot 3, chan 7 => avg 224.105, rms  2.873, min 215, max 232
faMeasureChannelPedestal: slot 3, chan 8 => avg 183.675, rms  1.850, min 176, max 191
faMeasureChannelPedestal: slot 3, chan 9 => avg 270.527, rms  1.572, min 265, max 276
faMeasureChannelPedestal: slot 3, chan 10 => avg 186.341, rms  1.411, min 182, max 191
faMeasureChannelPedestal: slot 3, chan 11 => avg 138.110, rms  1.392, min 133, max 143
faMeasureChannelPedestal: slot 3, chan 12 => avg 201.103, rms  1.505, min 196, max 207
faMeasureChannelPedestal: slot 3, chan 13 => avg 168.029, rms  1.475, min 163, max 173
faMeasureChannelPedestal: slot 3, chan 14 => avg 191.921, rms  1.827, min 185, max 199
faMeasureChannelPedestal: slot 3, chan 15 => avg 179.206, rms  1.269, min 175, max 185
faMeasureChannelPedestal: slot 4, chan 0 => avg 196.817, rms  1.392, min 192, max 202
faMeasureChannelPedestal: slot 4, chan 1 => avg 201.891, rms  1.356, min 198, max 208
faMeasureChannelPedestal: slot 4, chan 2 => avg 186.164, rms  1.326, min 182, max 193
faMeasureChannelPedestal: slot 4, chan 3 => avg 180.077, rms  1.490, min 175, max 185
faMeasureChannelPedestal: slot 4, chan 4 => avg 218.100, rms  1.599, min 213, max 224
faMeasureChannelPedestal: slot 4, chan 5 => avg 227.183, rms  1.646, min 222, max 235
faMeasureChannelPedestal: slot 4, chan 6 => avg 168.423, rms  1.604, min 163, max 174
faMeasureChannelPedestal: slot 4, chan 7 => avg 196.393, rms  1.536, min 191, max 202
faMeasureChannelPedestal: slot 4, chan 8 => avg 206.877, rms  1.507, min 201, max 212
faMeasureChannelPedestal: slot 4, chan 9 => avg 179.636, rms  1.515, min 174, max 185
faMeasureChannelPedestal: slot 4, chan 10 => avg 197.517, rms  1.503, min 191, max 203
faMeasureChannelPedestal: slot 4, chan 11 => avg 164.267, rms  1.424, min 159, max 170
faMeasureChannelPedestal: slot 4, chan 12 => avg 193.065, rms  1.508, min 188, max 199
faMeasureChannelPedestal: slot 4, chan 13 => avg 207.831, rms  1.433, min 202, max 213
faMeasureChannelPedestal: slot 4, chan 14 => avg 189.562, rms  2.049, min 183, max 255
faMeasureChannelPedestal: slot 4, chan 15 => avg 183.028, rms  1.585, min 177, max 189
faMeasureChannelPedestal: slot 5, chan 0 => avg 146.782, rms  1.665, min 141, max 153
faMeasureChannelPedestal: slot 5, chan 1 => avg 143.430, rms  1.433, min 138, max 148
faMeasureChannelPedestal: slot 5, chan 2 => avg 176.702, rms  1.617, min 170, max 182
faMeasureChannelPedestal: slot 5, chan 3 => avg 156.022, rms  1.656, min 150, max 162
faMeasureChannelPedestal: slot 5, chan 4 => avg 154.939, rms  2.008, min 149, max 162
faMeasureChannelPedestal: slot 5, chan 5 => avg 177.256, rms  1.714, min 172, max 184
faMeasureChannelPedestal: slot 5, chan 6 => avg 172.025, rms  1.839, min 166, max 178
faMeasureChannelPedestal: slot 5, chan 7 => avg 181.579, rms  1.995, min 175, max 189
faMeasureChannelPedestal: slot 5, chan 8 => avg 200.378, rms  1.997, min 192, max 210
faMeasureChannelPedestal: slot 5, chan 9 => avg 171.490, rms  1.567, min 166, max 177
faMeasureChannelPedestal: slot 5, chan 10 => avg 218.565, rms  1.388, min 213, max 224
faMeasureChannelPedestal: slot 5, chan 11 => avg 165.001, rms  1.453, min 160, max 170
faMeasureChannelPedestal: slot 5, chan 12 => avg 140.931, rms  1.634, min 135, max 149
faMeasureChannelPedestal: slot 5, chan 13 => avg 201.459, rms  2.095, min 194, max 209
faMeasureChannelPedestal: slot 5, chan 14 => avg 149.572, rms  1.520, min 144, max 154
faMeasureChannelPedestal: slot 5, chan 15 => avg 208.224, rms  1.271, min 204, max 212
faMeasureChannelPedestal: slot 6, chan 0 => avg 162.316, rms  1.619, min 156, max 168
faMeasureChannelPedestal: slot 6, chan 1 => avg 188.463, rms  1.342, min 184, max 193
faMeasureChannelPedestal: slot 6, chan 2 => avg 172.339, rms  1.256, min 168, max 177
faMeasureChannelPedestal: slot 6, chan 3 => avg 130.334, rms  1.321, min 126, max 135
faMeasureChannelPedestal: slot 6, chan 4 => avg 117.281, rms  1.563, min 112, max 123
faMeasureChannelPedestal: slot 6, chan 5 => avg 210.846, rms  1.287, min 206, max 216
faMeasureChannelPedestal: slot 6, chan 6 => avg 168.755, rms  1.329, min 164, max 173
faMeasureChannelPedestal: slot 6, chan 7 => avg 159.251, rms  1.446, min 154, max 166
faMeasureChannelPedestal: slot 6, chan 8 => avg 200.377, rms  1.432, min 195, max 205
faMeasureChannelPedestal: slot 6, chan 9 => avg 215.160, rms  1.606, min 209, max 221
faMeasureChannelPedestal: slot 6, chan 10 => avg 182.122, rms  2.484, min 172, max 192
faMeasureChannelPedestal: slot 6, chan 11 => avg 168.345, rms  1.909, min 160, max 176
faMeasureChannelPedestal: slot 6, chan 12 => avg 227.443, rms  1.606, min 222, max 234
faMeasureChannelPedestal: slot 6, chan 13 => avg 195.716, rms  1.658, min 191, max 202
faMeasureChannelPedestal: slot 6, chan 14 => avg 175.959, rms  1.570, min 169, max 182
faMeasureChannelPedestal: slot 6, chan 15 => avg 187.292, rms  1.310, min 183, max 192
faMeasureChannelPedestal: slot 7, chan 0 => avg 201.465, rms  1.777, min 196, max 207
faMeasureChannelPedestal: slot 7, chan 1 => avg 192.749, rms  1.379, min 188, max 198
faMeasureChannelPedestal: slot 7, chan 2 => avg 223.619, rms  1.283, min 218, max 229
faMeasureChannelPedestal: slot 7, chan 3 => avg 201.215, rms  1.275, min 197, max 206
faMeasureChannelPedestal: slot 7, chan 4 => avg 217.622, rms  1.342, min 213, max 222
faMeasureChannelPedestal: slot 7, chan 5 => avg 228.514, rms  1.284, min 224, max 233
faMeasureChannelPedestal: slot 7, chan 6 => avg 227.397, rms  1.310, min 223, max 232
faMeasureChannelPedestal: slot 7, chan 7 => avg 211.959, rms  1.326, min 207, max 217
faMeasureChannelPedestal: slot 7, chan 8 => avg 221.231, rms  1.299, min 217, max 226
faMeasureChannelPedestal: slot 7, chan 9 => avg 186.815, rms  1.329, min 182, max 191
faMeasureChannelPedestal: slot 7, chan 10 => avg 212.957, rms  1.282, min 209, max 218
faMeasureChannelPedestal: slot 7, chan 11 => avg 219.782, rms  1.466, min 214, max 225
faMeasureChannelPedestal: slot 7, chan 12 => avg 202.987, rms  1.677, min 196, max 208
faMeasureChannelPedestal: slot 7, chan 13 => avg 175.845, rms  1.437, min 171, max 181
faMeasureChannelPedestal: slot 7, chan 14 => avg 210.209, rms  1.265, min 206, max 215
faMeasureChannelPedestal: slot 7, chan 15 => avg 183.296, rms  1.265, min 179, max 188
faMeasureChannelPedestal: slot 8, chan 0 => avg 196.153, rms  1.371, min 191, max 202
faMeasureChannelPedestal: slot 8, chan 1 => avg 173.997, rms  1.309, min 169, max 179
faMeasureChannelPedestal: slot 8, chan 2 => avg 166.280, rms  1.304, min 162, max 171
faMeasureChannelPedestal: slot 8, chan 3 => avg 118.224, rms  1.349, min 113, max 124
faMeasureChannelPedestal: slot 8, chan 4 => avg 212.949, rms  1.433, min 208, max 217
faMeasureChannelPedestal: slot 8, chan 5 => avg 199.609, rms  1.360, min 194, max 205
faMeasureChannelPedestal: slot 8, chan 6 => avg 190.308, rms  1.433, min 185, max 196
faMeasureChannelPedestal: slot 8, chan 7 => avg 200.913, rms  1.388, min 196, max 206
faMeasureChannelPedestal: slot 8, chan 8 => avg 224.378, rms  1.278, min 220, max 228
faMeasureChannelPedestal: slot 8, chan 9 => avg 242.818, rms  1.340, min 239, max 248
faMeasureChannelPedestal: slot 8, chan 10 => avg 246.496, rms  1.307, min 241, max 251
faMeasureChannelPedestal: slot 8, chan 11 => avg 227.735, rms  1.291, min 223, max 232
faMeasureChannelPedestal: slot 8, chan 12 => avg 219.980, rms  1.497, min 215, max 225
faMeasureChannelPedestal: slot 8, chan 13 => avg 252.257, rms  1.252, min 248, max 257
faMeasureChannelPedestal: slot 8, chan 14 => avg 223.363, rms  1.170, min 219, max 227
faMeasureChannelPedestal: slot 8, chan 15 => avg 245.050, rms  1.192, min 241, max 249
faMeasureChannelPedestal: slot 9, chan 0 => avg 158.667, rms  1.742, min 153, max 165
faMeasureChannelPedestal: slot 9, chan 1 => avg 173.195, rms  2.705, min 161, max 183
faMeasureChannelPedestal: slot 9, chan 2 => avg 160.371, rms  1.383, min 156, max 166
faMeasureChannelPedestal: slot 9, chan 3 => avg 131.095, rms  1.535, min 126, max 136
faMeasureChannelPedestal: slot 9, chan 4 => avg 149.759, rms  1.504, min 145, max 155
faMeasureChannelPedestal: slot 9, chan 5 => avg 156.580, rms  1.774, min 150, max 166
faMeasureChannelPedestal: slot 9, chan 6 => avg 175.817, rms  1.360, min 171, max 181
faMeasureChannelPedestal: slot 9, chan 7 => avg 192.940, rms  1.443, min 188, max 198
faMeasureChannelPedestal: slot 9, chan 8 => avg 163.642, rms  1.485, min 159, max 171
faMeasureChannelPedestal: slot 9, chan 9 => avg 176.811, rms  1.449, min 172, max 183
faMeasureChannelPedestal: slot 9, chan 10 => avg 186.219, rms  1.415, min 181, max 191
faMeasureChannelPedestal: slot 9, chan 11 => avg 168.276, rms  1.360, min 164, max 173
faMeasureChannelPedestal: slot 9, chan 12 => avg 172.948, rms  1.431, min 168, max 178
faMeasureChannelPedestal: slot 9, chan 13 => avg 183.820, rms  1.750, min 178, max 191
faMeasureChannelPedestal: slot 9, chan 14 => avg 174.045, rms  1.566, min 169, max 180
faMeasureChannelPedestal: slot 9, chan 15 => avg 167.122, rms  1.639, min 161, max 173
faMeasureChannelPedestal: slot 10, chan 0 => avg 190.814, rms  1.396, min 185, max 196
faMeasureChannelPedestal: slot 10, chan 1 => avg 204.924, rms  1.364, min 200, max 210
faMeasureChannelPedestal: slot 10, chan 2 => avg 219.839, rms  1.405, min 213, max 225
faMeasureChannelPedestal: slot 10, chan 3 => avg 189.883, rms  3.571, min 177, max 201
faMeasureChannelPedestal: slot 10, chan 4 => avg 256.810, rms  1.450, min 251, max 262
faMeasureChannelPedestal: slot 10, chan 5 => avg 208.351, rms  1.472, min 203, max 214
faMeasureChannelPedestal: slot 10, chan 6 => avg 218.822, rms  1.380, min 213, max 224
faMeasureChannelPedestal: slot 10, chan 7 => avg 199.423, rms  1.500, min 194, max 205
faMeasureChannelPedestal: slot 10, chan 8 => avg 157.538, rms  1.505, min 152, max 163
faMeasureChannelPedestal: slot 10, chan 9 => avg 159.925, rms  1.617, min 154, max 165
faMeasureChannelPedestal: slot 10, chan 10 => avg 171.526, rms  1.801, min 166, max 178
faMeasureChannelPedestal: slot 10, chan 11 => avg 142.353, rms  1.848, min 136, max 149
faMeasureChannelPedestal: slot 10, chan 12 => avg 161.109, rms  1.665, min 155, max 167
faMeasureChannelPedestal: slot 10, chan 13 => avg 135.935, rms  1.481, min 131, max 142
faMeasureChannelPedestal: slot 10, chan 14 => avg 156.421, rms  1.533, min 151, max 162
faMeasureChannelPedestal: slot 10, chan 15 => avg 167.917, rms  1.317, min 163, max 173
faMeasureChannelPedestal: slot 13, chan 0 => avg 190.486, rms  2.174, min 183, max 199
faMeasureChannelPedestal: slot 13, chan 1 => avg 169.559, rms  1.953, min 164, max 176
faMeasureChannelPedestal: slot 13, chan 2 => avg 174.337, rms  2.024, min 168, max 182
faMeasureChannelPedestal: slot 13, chan 3 => avg 170.478, rms  1.909, min 164, max 177
faMeasureChannelPedestal: slot 13, chan 4 => avg 164.620, rms  2.016, min 157, max 172
faMeasureChannelPedestal: slot 13, chan 5 => avg 163.403, rms  1.740, min 158, max 169
faMeasureChannelPedestal: slot 13, chan 6 => avg 122.416, rms  1.780, min 117, max 129
faMeasureChannelPedestal: slot 13, chan 7 => avg 222.655, rms  1.513, min 218, max 228
faMeasureChannelPedestal: slot 13, chan 8 => avg 190.879, rms  1.419, min 186, max 196
faMeasureChannelPedestal: slot 13, chan 9 => avg 150.221, rms  1.527, min 145, max 156
faMeasureChannelPedestal: slot 13, chan 10 => avg 166.621, rms  1.634, min 161, max 173
faMeasureChannelPedestal: slot 13, chan 11 => avg 162.973, rms  1.728, min 156, max 169
faMeasureChannelPedestal: slot 13, chan 12 => avg 188.183, rms  1.508, min 183, max 195
faMeasureChannelPedestal: slot 13, chan 13 => avg 174.785, rms  1.473, min 170, max 180
faMeasureChannelPedestal: slot 13, chan 14 => avg 164.496, rms  1.396, min 159, max 171
faMeasureChannelPedestal: slot 13, chan 15 => avg 155.047, rms  1.387, min 151, max 160
jlabgefCloseDefaultWindows reached
Closing A16 Window
Closing A24 Window
Closing A32Blt Window
Closing A32 Window
Closing CRCSR Window
Calling gefVmeClose
