
JLAB fadc pedestal measurement on host adcecal5
----------------------------
Opening CRCSR Window (opened at [0xb6f63000,0xb7f63000])
Opening A32 Window (opened at [0xb6f53000,0xb6f63000])
Opening A32Blt Window (opened at [0xacf53000,0xb6f53000])
Opening A24 Window (opened at [0xabf53000,0xacf53000])
Opening A16 Window (opened at [0xabf43000,0xabf53000])
jlabgefMapTsi: Tempe Chip Userspace map successful
VME Bus Error IRQ Disabled
vmeBusCreateLockShm: vmeBus shared memory mutex initialized
Initialized FADC  0  Slot #  3 at address 0xac0d3000 (0x00180000) 
Initialized FADC  1  Slot #  4 at address 0xac153000 (0x00200000) 
Initialized FADC  2  Slot #  5 at address 0xac1d3000 (0x00280000) 
Initialized FADC  3  Slot #  6 at address 0xac253000 (0x00300000) 
Initialized FADC  4  Slot #  7 at address 0xac2d3000 (0x00380000) 
Initialized FADC  5  Slot #  8 at address 0xac353000 (0x00400000) 
Initialized FADC  6  Slot #  9 at address 0xac3d3000 (0x00480000) 
Initialized FADC  7  Slot # 10 at address 0xac453000 (0x00500000) 
jlabgefMemProbe: Clearing VME BERR/2eST (0x800cf900) at VME address 0x580000
jlabgefMemProbe: Clearing VME BERR/2eST (0x800cf900) at VME address 0x600000
Initialized FADC  8  Slot # 13 at address 0xac5d3000 (0x00680000) 
Initialized FADC  9  Slot # 14 at address 0xac653000 (0x00700000) 
Initialized FADC 10  Slot # 15 at address 0xac6d3000 (0x00780000) 
Initialized FADC 11  Slot # 16 at address 0xac753000 (0x00800000) 
Initialized FADC 12  Slot # 17 at address 0xac7d3000 (0x00880000) 
Initialized FADC 13  Slot # 18 at address 0xac853000 (0x00900000) 
Initialized FADC 14  Slot # 19 at address 0xac8d3000 (0x00980000) 
Initialized FADC 15  Slot # 20 at address 0xac953000 (0x00a00000) 
faInit: Enabling FADC Internal Clock, and VXS Triggers (VXS Sync Reset)
faInit: 16 FADC(s) successfully initialized
fadc250Config: nfadc=16
fadc250InitGlobals reached

NOTE: use EXPID=>clasdev< from environment

ReadConfigFile: Using configuration file >/usr/clas12/release/1.3.2/parms/fadc250/adcecal5.cnf<

ReadConfigFile: crate = all  host = adcecal5 - activated

ReadConfigFile: crate = end  host = adcecal5 - disactivated


fadc250DownloadAll reached, nfadc=16
faMeasureChannelPedestal: slot 3, chan 0 => avg 127.241, rms  1.333, min 122, max 134
faMeasureChannelPedestal: slot 3, chan 1 => avg 100.091, rms  1.204, min 96, max 105
faMeasureChannelPedestal: slot 3, chan 2 => avg 104.502, rms  1.288, min 100, max 109
faMeasureChannelPedestal: slot 3, chan 3 => avg 109.588, rms  1.254, min 106, max 114
faMeasureChannelPedestal: slot 3, chan 4 => avg 115.700, rms  1.268, min 111, max 121
faMeasureChannelPedestal: slot 3, chan 5 => avg 85.207, rms  1.329, min 80, max 91
faMeasureChannelPedestal: slot 3, chan 6 => avg 120.119, rms  1.301, min 114, max 124
faMeasureChannelPedestal: slot 3, chan 7 => avg 96.329, rms  1.357, min 92, max 101
faMeasureChannelPedestal: slot 3, chan 8 => avg 156.188, rms  1.417, min 151, max 161
faMeasureChannelPedestal: slot 3, chan 9 => avg 130.221, rms  1.376, min 125, max 161
faMeasureChannelPedestal: slot 3, chan 10 => avg 90.319, rms  1.363, min 86, max 95
faMeasureChannelPedestal: slot 3, chan 11 => avg 78.196, rms  1.180, min 73, max 82
faMeasureChannelPedestal: slot 3, chan 12 => avg 124.854, rms  1.190, min 120, max 129
faMeasureChannelPedestal: slot 3, chan 13 => avg 114.091, rms  1.196, min 110, max 118
faMeasureChannelPedestal: slot 3, chan 14 => avg 99.054, rms  1.174, min 95, max 103
faMeasureChannelPedestal: slot 3, chan 15 => avg 102.217, rms  2.972, min 97, max 280
faMeasureChannelPedestal: slot 4, chan 0 => avg 151.639, rms  1.300, min 147, max 156
faMeasureChannelPedestal: slot 4, chan 1 => avg 123.931, rms  1.360, min 118, max 129
faMeasureChannelPedestal: slot 4, chan 2 => avg 113.011, rms  1.267, min 109, max 117
faMeasureChannelPedestal: slot 4, chan 3 => avg 96.682, rms  1.196, min 93, max 101
faMeasureChannelPedestal: slot 4, chan 4 => avg 111.420, rms  1.541, min 106, max 116
faMeasureChannelPedestal: slot 4, chan 5 => avg 104.415, rms  1.445, min 99, max 109
faMeasureChannelPedestal: slot 4, chan 6 => avg 117.796, rms  1.313, min 114, max 123
faMeasureChannelPedestal: slot 4, chan 7 => avg 96.102, rms  1.353, min 92, max 101
faMeasureChannelPedestal: slot 4, chan 8 => avg 103.548, rms  1.240, min 99, max 108
faMeasureChannelPedestal: slot 4, chan 9 => avg 131.260, rms  1.460, min 126, max 137
faMeasureChannelPedestal: slot 4, chan 10 => avg 125.086, rms  1.378, min 121, max 130
faMeasureChannelPedestal: slot 4, chan 11 => avg 114.076, rms  1.355, min 110, max 137
faMeasureChannelPedestal: slot 4, chan 12 => avg 123.514, rms  1.231, min 119, max 127
faMeasureChannelPedestal: slot 4, chan 13 => avg 101.272, rms  1.173, min 97, max 106
faMeasureChannelPedestal: slot 4, chan 14 => avg 153.399, rms  1.332, min 149, max 157
faMeasureChannelPedestal: slot 4, chan 15 => avg 135.903, rms  1.202, min 131, max 140
faMeasureChannelPedestal: slot 5, chan 0 => avg 127.963, rms  1.209, min 124, max 133
faMeasureChannelPedestal: slot 5, chan 1 => avg 131.526, rms  1.311, min 127, max 136
faMeasureChannelPedestal: slot 5, chan 2 => avg 81.604, rms  1.195, min 77, max 86
faMeasureChannelPedestal: slot 5, chan 3 => avg 114.063, rms  1.172, min 110, max 118
faMeasureChannelPedestal: slot 5, chan 4 => avg 104.820, rms  1.374, min 100, max 109
faMeasureChannelPedestal: slot 5, chan 5 => avg 97.257, rms  1.252, min 93, max 102
faMeasureChannelPedestal: slot 5, chan 6 => avg 139.755, rms  1.216, min 135, max 144
faMeasureChannelPedestal: slot 5, chan 7 => avg 133.152, rms  1.344, min 128, max 137
faMeasureChannelPedestal: slot 5, chan 8 => avg 146.933, rms  1.285, min 142, max 151
faMeasureChannelPedestal: slot 5, chan 9 => avg 136.037, rms  1.310, min 132, max 140
faMeasureChannelPedestal: slot 5, chan 10 => avg 101.636, rms  1.319, min 97, max 107
faMeasureChannelPedestal: slot 5, chan 11 => avg 132.261, rms  1.239, min 128, max 137
faMeasureChannelPedestal: slot 5, chan 12 => avg 129.404, rms  1.256, min 125, max 133
faMeasureChannelPedestal: slot 5, chan 13 => avg 105.240, rms  1.212, min 101, max 110
faMeasureChannelPedestal: slot 5, chan 14 => avg 116.451, rms  1.175, min 112, max 120
faMeasureChannelPedestal: slot 5, chan 15 => avg 134.703, rms  1.181, min 131, max 139
faMeasureChannelPedestal: slot 6, chan 0 => avg 100.363, rms  1.218, min 96, max 105
faMeasureChannelPedestal: slot 6, chan 1 => avg 102.570, rms  1.312, min 98, max 119
faMeasureChannelPedestal: slot 6, chan 2 => avg 116.632, rms  1.196, min 112, max 121
faMeasureChannelPedestal: slot 6, chan 3 => avg 107.339, rms  1.131, min 103, max 111
faMeasureChannelPedestal: slot 6, chan 4 => avg 100.766, rms  1.207, min 96, max 105
faMeasureChannelPedestal: slot 6, chan 5 => avg 98.452, rms  1.193, min 94, max 103
faMeasureChannelPedestal: slot 6, chan 6 => avg 151.130, rms  1.253, min 146, max 157
faMeasureChannelPedestal: slot 6, chan 7 => avg 116.451, rms  1.293, min 112, max 120
faMeasureChannelPedestal: slot 6, chan 8 => avg 110.365, rms  1.209, min 106, max 115
faMeasureChannelPedestal: slot 6, chan 9 => avg 100.586, rms  1.320, min 95, max 106
faMeasureChannelPedestal: slot 6, chan 10 => avg 115.508, rms  1.181, min 111, max 120
faMeasureChannelPedestal: slot 6, chan 11 => avg 95.228, rms  1.116, min 91, max 99
faMeasureChannelPedestal: slot 6, chan 12 => avg 99.473, rms  1.241, min 95, max 104
faMeasureChannelPedestal: slot 6, chan 13 => avg 82.452, rms  1.183, min 79, max 87
faMeasureChannelPedestal: slot 6, chan 14 => avg 101.588, rms  1.287, min 97, max 141
faMeasureChannelPedestal: slot 6, chan 15 => avg 84.328, rms  1.125, min 81, max 88
faMeasureChannelPedestal: slot 7, chan 0 => avg 123.313, rms  1.314, min 118, max 128
faMeasureChannelPedestal: slot 7, chan 1 => avg 122.157, rms  1.192, min 118, max 126
faMeasureChannelPedestal: slot 7, chan 2 => avg 114.517, rms  1.300, min 110, max 119
faMeasureChannelPedestal: slot 7, chan 3 => avg 102.425, rms  1.312, min 99, max 107
faMeasureChannelPedestal: slot 7, chan 4 => avg 95.497, rms  1.289, min 92, max 100
faMeasureChannelPedestal: slot 7, chan 5 => avg 145.188, rms  1.367, min 140, max 150
faMeasureChannelPedestal: slot 7, chan 6 => avg 130.411, rms  1.411, min 125, max 136
faMeasureChannelPedestal: slot 7, chan 7 => avg 85.109, rms  1.376, min 80, max 90
faMeasureChannelPedestal: slot 7, chan 8 => avg 126.742, rms  1.414, min 122, max 132
faMeasureChannelPedestal: slot 7, chan 9 => avg 112.802, rms  1.297, min 108, max 118
faMeasureChannelPedestal: slot 7, chan 10 => avg 109.149, rms  1.315, min 103, max 114
faMeasureChannelPedestal: slot 7, chan 11 => avg 126.244, rms  1.246, min 122, max 131
faMeasureChannelPedestal: slot 7, chan 12 => avg 126.502, rms  1.417, min 121, max 131
faMeasureChannelPedestal: slot 7, chan 13 => avg 72.868, rms  1.262, min 69, max 88
faMeasureChannelPedestal: slot 7, chan 14 => avg 112.297, rms  1.247, min 107, max 116
faMeasureChannelPedestal: slot 7, chan 15 => avg 79.607, rms  1.156, min 76, max 84
faMeasureChannelPedestal: slot 8, chan 0 => avg 143.948, rms  1.355, min 139, max 149
faMeasureChannelPedestal: slot 8, chan 1 => avg 127.711, rms  1.272, min 123, max 132
faMeasureChannelPedestal: slot 8, chan 2 => avg 132.340, rms  1.237, min 128, max 137
faMeasureChannelPedestal: slot 8, chan 3 => avg 119.768, rms  1.225, min 115, max 124
faMeasureChannelPedestal: slot 8, chan 4 => avg 155.728, rms  1.431, min 151, max 160
faMeasureChannelPedestal: slot 8, chan 5 => avg 120.378, rms  1.464, min 115, max 125
faMeasureChannelPedestal: slot 8, chan 6 => avg 131.662, rms  1.379, min 127, max 137
faMeasureChannelPedestal: slot 8, chan 7 => avg 125.969, rms  1.422, min 121, max 131
faMeasureChannelPedestal: slot 8, chan 8 => avg 120.924, rms  1.376, min 116, max 127
faMeasureChannelPedestal: slot 8, chan 9 => avg 148.869, rms  1.523, min 144, max 156
faMeasureChannelPedestal: slot 8, chan 10 => avg 160.165, rms  1.357, min 156, max 164
faMeasureChannelPedestal: slot 8, chan 11 => avg 110.719, rms  1.232, min 106, max 115
faMeasureChannelPedestal: slot 8, chan 12 => avg 96.670, rms  1.280, min 92, max 101
faMeasureChannelPedestal: slot 8, chan 13 => avg 124.389, rms  1.290, min 120, max 129
faMeasureChannelPedestal: slot 8, chan 14 => avg 114.890, rms  1.226, min 110, max 133
faMeasureChannelPedestal: slot 8, chan 15 => avg 128.238, rms  1.352, min 123, max 133
faMeasureChannelPedestal: slot 9, chan 0 => avg 112.406, rms  1.218, min 108, max 117
faMeasureChannelPedestal: slot 9, chan 1 => avg 82.783, rms  1.265, min 78, max 87
faMeasureChannelPedestal: slot 9, chan 2 => avg 78.822, rms  1.221, min 75, max 83
faMeasureChannelPedestal: slot 9, chan 3 => avg 54.711, rms  1.199, min 50, max 59
faMeasureChannelPedestal: slot 9, chan 4 => avg 85.103, rms  1.387, min 80, max 90
faMeasureChannelPedestal: slot 9, chan 5 => avg 88.109, rms  1.298, min 84, max 93
faMeasureChannelPedestal: slot 9, chan 6 => avg 90.234, rms  1.184, min 85, max 95
faMeasureChannelPedestal: slot 9, chan 7 => avg 53.020, rms  1.330, min 47, max 58
faMeasureChannelPedestal: slot 9, chan 8 => avg 105.088, rms  1.261, min 101, max 109
faMeasureChannelPedestal: slot 9, chan 9 => avg 113.454, rms  1.285, min 109, max 119
faMeasureChannelPedestal: slot 9, chan 10 => avg 92.529, rms  1.252, min 89, max 97
faMeasureChannelPedestal: slot 9, chan 11 => avg 120.270, rms  1.167, min 116, max 124
faMeasureChannelPedestal: slot 9, chan 12 => avg 139.707, rms  1.121, min 136, max 144
faMeasureChannelPedestal: slot 9, chan 13 => avg 96.146, rms  1.109, min 92, max 101
faMeasureChannelPedestal: slot 9, chan 14 => avg 70.605, rms  1.123, min 67, max 75
faMeasureChannelPedestal: slot 9, chan 15 => avg 106.771, rms  1.162, min 103, max 111
faMeasureChannelPedestal: slot 10, chan 0 => avg 142.356, rms  1.542, min 137, max 147
faMeasureChannelPedestal: slot 10, chan 1 => avg 135.044, rms  1.283, min 130, max 139
faMeasureChannelPedestal: slot 10, chan 2 => avg 142.467, rms  1.580, min 137, max 148
faMeasureChannelPedestal: slot 10, chan 3 => avg 134.775, rms  1.166, min 131, max 139
faMeasureChannelPedestal: slot 10, chan 4 => avg 131.720, rms  1.305, min 127, max 136
faMeasureChannelPedestal: slot 10, chan 5 => avg 88.756, rms  1.306, min 84, max 94
faMeasureChannelPedestal: slot 10, chan 6 => avg 145.773, rms  1.449, min 141, max 151
faMeasureChannelPedestal: slot 10, chan 7 => avg 128.781, rms  1.406, min 124, max 133
faMeasureChannelPedestal: slot 10, chan 8 => avg 103.697, rms  1.339, min 97, max 109
faMeasureChannelPedestal: slot 10, chan 9 => avg 129.838, rms  1.344, min 125, max 135
faMeasureChannelPedestal: slot 10, chan 10 => avg 129.351, rms  1.384, min 125, max 134
faMeasureChannelPedestal: slot 10, chan 11 => avg 127.267, rms  1.347, min 123, max 132
faMeasureChannelPedestal: slot 10, chan 12 => avg 105.996, rms  1.318, min 102, max 112
faMeasureChannelPedestal: slot 10, chan 13 => avg 128.796, rms  1.301, min 124, max 134
faMeasureChannelPedestal: slot 10, chan 14 => avg 101.696, rms  1.208, min 98, max 106
faMeasureChannelPedestal: slot 10, chan 15 => avg 131.500, rms  1.192, min 127, max 136
faMeasureChannelPedestal: slot 13, chan 0 => avg 131.425, rms  1.279, min 126, max 136
faMeasureChannelPedestal: slot 13, chan 1 => avg 97.378, rms  1.249, min 92, max 102
faMeasureChannelPedestal: slot 13, chan 2 => avg 115.559, rms  1.165, min 112, max 120
faMeasureChannelPedestal: slot 13, chan 3 => avg 121.616, rms  1.192, min 118, max 126
faMeasureChannelPedestal: slot 13, chan 4 => avg 92.712, rms  1.251, min 88, max 97
faMeasureChannelPedestal: slot 13, chan 5 => avg 132.453, rms  1.358, min 127, max 137
faMeasureChannelPedestal: slot 13, chan 6 => avg 138.008, rms  1.326, min 133, max 142
faMeasureChannelPedestal: slot 13, chan 7 => avg 96.533, rms  1.289, min 92, max 102
faMeasureChannelPedestal: slot 13, chan 8 => avg 103.981, rms  1.271, min 99, max 108
faMeasureChannelPedestal: slot 13, chan 9 => avg 125.249, rms  1.256, min 121, max 129
faMeasureChannelPedestal: slot 13, chan 10 => avg 112.322, rms  1.214, min 108, max 117
faMeasureChannelPedestal: slot 13, chan 11 => avg 120.799, rms  1.251, min 117, max 126
faMeasureChannelPedestal: slot 13, chan 12 => avg 90.505, rms  1.148, min 86, max 94
faMeasureChannelPedestal: slot 13, chan 13 => avg 112.153, rms  1.213, min 108, max 130
faMeasureChannelPedestal: slot 13, chan 14 => avg 97.719, rms  1.182, min 93, max 102
faMeasureChannelPedestal: slot 13, chan 15 => avg 111.536, rms  1.174, min 107, max 115
faMeasureChannelPedestal: slot 14, chan 0 => avg 86.000, rms  1.359, min 82, max 99
faMeasureChannelPedestal: slot 14, chan 1 => avg 118.041, rms  1.271, min 113, max 123
faMeasureChannelPedestal: slot 14, chan 2 => avg 137.367, rms  1.272, min 133, max 141
faMeasureChannelPedestal: slot 14, chan 3 => avg 116.069, rms  1.246, min 112, max 121
faMeasureChannelPedestal: slot 14, chan 4 => avg 103.151, rms  1.358, min 99, max 109
faMeasureChannelPedestal: slot 14, chan 5 => avg 141.640, rms  1.349, min 137, max 147
faMeasureChannelPedestal: slot 14, chan 6 => avg 133.489, rms  1.339, min 129, max 138
faMeasureChannelPedestal: slot 14, chan 7 => avg 137.220, rms  1.479, min 132, max 143
faMeasureChannelPedestal: slot 14, chan 8 => avg 118.733, rms  1.304, min 114, max 123
faMeasureChannelPedestal: slot 14, chan 9 => avg 124.838, rms  1.285, min 120, max 129
faMeasureChannelPedestal: slot 14, chan 10 => avg 117.539, rms  1.388, min 112, max 122
faMeasureChannelPedestal: slot 14, chan 11 => avg 90.993, rms  1.249, min 87, max 96
faMeasureChannelPedestal: slot 14, chan 12 => avg 134.188, rms  1.273, min 129, max 139
faMeasureChannelPedestal: slot 14, chan 13 => avg 76.301, rms  1.173, min 72, max 82
faMeasureChannelPedestal: slot 14, chan 14 => avg 100.658, rms  1.205, min 96, max 105
faMeasureChannelPedestal: slot 14, chan 15 => avg 95.304, rms  1.209, min 91, max 99
faMeasureChannelPedestal: slot 15, chan 0 => avg 156.571, rms  1.644, min 151, max 162
faMeasureChannelPedestal: slot 15, chan 1 => avg 115.808, rms  1.287, min 112, max 120
faMeasureChannelPedestal: slot 15, chan 2 => avg 133.124, rms  1.384, min 128, max 138
faMeasureChannelPedestal: slot 15, chan 3 => avg 112.714, rms  1.242, min 109, max 117
faMeasureChannelPedestal: slot 15, chan 4 => avg 97.978, rms  1.222, min 93, max 102
faMeasureChannelPedestal: slot 15, chan 5 => avg 123.906, rms  1.247, min 120, max 129
faMeasureChannelPedestal: slot 15, chan 6 => avg 121.055, rms  1.306, min 116, max 135
faMeasureChannelPedestal: slot 15, chan 7 => avg 82.250, rms  1.297, min 78, max 87
faMeasureChannelPedestal: slot 15, chan 8 => avg 131.079, rms  1.434, min 126, max 136
faMeasureChannelPedestal: slot 15, chan 9 => avg 115.160, rms  1.333, min 110, max 121
faMeasureChannelPedestal: slot 15, chan 10 => avg 149.248, rms  1.406, min 145, max 154
faMeasureChannelPedestal: slot 15, chan 11 => avg 113.912, rms  1.223, min 110, max 119
faMeasureChannelPedestal: slot 15, chan 12 => avg 97.836, rms  1.179, min 94, max 102
faMeasureChannelPedestal: slot 15, chan 13 => avg 100.432, rms  1.157, min 96, max 105
faMeasureChannelPedestal: slot 15, chan 14 => avg 126.451, rms  1.276, min 122, max 131
faMeasureChannelPedestal: slot 15, chan 15 => avg 87.687, rms  1.190, min 83, max 92
faMeasureChannelPedestal: slot 16, chan 0 => avg 105.070, rms  1.379, min 99, max 110
faMeasureChannelPedestal: slot 16, chan 1 => avg 140.954, rms  1.248, min 136, max 146
faMeasureChannelPedestal: slot 16, chan 2 => avg 142.330, rms  1.298, min 138, max 147
faMeasureChannelPedestal: slot 16, chan 3 => avg 86.077, rms  1.194, min 82, max 90
faMeasureChannelPedestal: slot 16, chan 4 => avg 85.130, rms  1.408, min 80, max 90
faMeasureChannelPedestal: slot 16, chan 5 => avg 103.541, rms  1.332, min 97, max 108
faMeasureChannelPedestal: slot 16, chan 6 => avg 128.487, rms  1.454, min 123, max 134
faMeasureChannelPedestal: slot 16, chan 7 => avg 94.802, rms  1.343, min 90, max 100
faMeasureChannelPedestal: slot 16, chan 8 => avg 118.911, rms  1.292, min 114, max 124
faMeasureChannelPedestal: slot 16, chan 9 => avg 124.624, rms  1.322, min 120, max 130
faMeasureChannelPedestal: slot 16, chan 10 => avg 135.142, rms  1.510, min 130, max 140
faMeasureChannelPedestal: slot 16, chan 11 => avg 99.488, rms  1.203, min 95, max 104
faMeasureChannelPedestal: slot 16, chan 12 => avg 105.324, rms  1.334, min 100, max 110
faMeasureChannelPedestal: slot 16, chan 13 => avg 118.446, rms  1.248, min 114, max 123
faMeasureChannelPedestal: slot 16, chan 14 => avg 125.960, rms  1.445, min 121, max 132
faMeasureChannelPedestal: slot 16, chan 15 => avg 89.580, rms  1.197, min 85, max 94
faMeasureChannelPedestal: slot 17, chan 0 => avg 118.473, rms  1.326, min 114, max 123
faMeasureChannelPedestal: slot 17, chan 1 => avg 102.322, rms  1.229, min 99, max 107
faMeasureChannelPedestal: slot 17, chan 2 => avg 115.371, rms  2.356, min 108, max 124
faMeasureChannelPedestal: slot 17, chan 3 => avg 120.669, rms  1.174, min 116, max 125
faMeasureChannelPedestal: slot 17, chan 4 => avg 73.609, rms  1.434, min 68, max 79
faMeasureChannelPedestal: slot 17, chan 5 => avg 129.798, rms  1.401, min 124, max 135
faMeasureChannelPedestal: slot 17, chan 6 => avg 134.152, rms  1.573, min 129, max 140
faMeasureChannelPedestal: slot 17, chan 7 => avg 142.897, rms  1.464, min 137, max 148
faMeasureChannelPedestal: slot 17, chan 8 => avg 111.930, rms  1.228, min 108, max 117
faMeasureChannelPedestal: slot 17, chan 9 => avg 134.944, rms  1.532, min 130, max 141
faMeasureChannelPedestal: slot 17, chan 10 => avg 125.225, rms  1.445, min 120, max 131
faMeasureChannelPedestal: slot 17, chan 11 => avg 108.488, rms  1.226, min 104, max 113
faMeasureChannelPedestal: slot 17, chan 12 => avg 141.408, rms  1.449, min 137, max 146
faMeasureChannelPedestal: slot 17, chan 13 => avg 148.114, rms  1.363, min 143, max 153
faMeasureChannelPedestal: slot 17, chan 14 => avg 106.137, rms  1.178, min 102, max 111
faMeasureChannelPedestal: slot 17, chan 15 => avg 148.688, rms  1.455, min 144, max 154
faMeasureChannelPedestal: slot 18, chan 0 => avg 116.457, rms  1.271, min 112, max 121
faMeasureChannelPedestal: slot 18, chan 1 => avg 113.500, rms  1.414, min 109, max 119
faMeasureChannelPedestal: slot 18, chan 2 => avg 112.487, rms  1.494, min 107, max 117
faMeasureChannelPedestal: slot 18, chan 3 => avg 135.175, rms  1.258, min 131, max 140
faMeasureChannelPedestal: slot 18, chan 4 => avg 140.263, rms  1.441, min 135, max 145
faMeasureChannelPedestal: slot 18, chan 5 => avg 119.805, rms  1.520, min 115, max 125
faMeasureChannelPedestal: slot 18, chan 6 => avg 127.019, rms  1.452, min 122, max 139
faMeasureChannelPedestal: slot 18, chan 7 => avg 80.646, rms  1.386, min 76, max 86
faMeasureChannelPedestal: slot 18, chan 8 => avg 109.931, rms  1.315, min 106, max 115
faMeasureChannelPedestal: slot 18, chan 9 => avg 153.695, rms  1.416, min 149, max 158
faMeasureChannelPedestal: slot 18, chan 10 => avg 117.652, rms  1.337, min 113, max 122
faMeasureChannelPedestal: slot 18, chan 11 => avg 122.229, rms  1.218, min 118, max 127
faMeasureChannelPedestal: slot 18, chan 12 => avg 206.854, rms  1.227, min 203, max 211
faMeasureChannelPedestal: slot 18, chan 13 => avg 240.614, rms  1.228, min 236, max 246
faMeasureChannelPedestal: slot 18, chan 14 => avg 198.396, rms  1.186, min 195, max 202
faMeasureChannelPedestal: slot 18, chan 15 => avg 191.998, rms  1.324, min 187, max 197
faMeasureChannelPedestal: slot 19, chan 0 => avg 208.024, rms  1.194, min 204, max 213
faMeasureChannelPedestal: slot 19, chan 1 => avg 240.881, rms  1.248, min 237, max 246
faMeasureChannelPedestal: slot 19, chan 2 => avg 217.362, rms  1.223, min 213, max 221
faMeasureChannelPedestal: slot 19, chan 3 => avg 185.694, rms  1.220, min 181, max 190
faMeasureChannelPedestal: slot 19, chan 4 => avg 203.403, rms  1.268, min 199, max 208
faMeasureChannelPedestal: slot 19, chan 5 => avg 236.072, rms  1.367, min 231, max 241
faMeasureChannelPedestal: slot 19, chan 6 => avg 172.761, rms  1.428, min 168, max 178
faMeasureChannelPedestal: slot 19, chan 7 => avg 231.370, rms  1.177, min 227, max 235
faMeasureChannelPedestal: slot 19, chan 8 => avg 208.045, rms  1.211, min 204, max 212
faMeasureChannelPedestal: slot 19, chan 9 => avg 197.607, rms  1.328, min 193, max 202
faMeasureChannelPedestal: slot 19, chan 10 => avg 160.563, rms  1.302, min 156, max 165
faMeasureChannelPedestal: slot 19, chan 11 => avg 199.094, rms  1.169, min 195, max 203
faMeasureChannelPedestal: slot 19, chan 12 => avg 222.428, rms  1.217, min 218, max 227
faMeasureChannelPedestal: slot 19, chan 13 => avg 206.377, rms  1.198, min 202, max 210
faMeasureChannelPedestal: slot 19, chan 14 => avg 214.302, rms  1.201, min 210, max 219
faMeasureChannelPedestal: slot 19, chan 15 => avg 195.130, rms  1.151, min 191, max 199
faMeasureChannelPedestal: slot 20, chan 0 => avg 191.701, rms  1.277, min 187, max 197
faMeasureChannelPedestal: slot 20, chan 1 => avg 207.262, rms  1.236, min 203, max 212
faMeasureChannelPedestal: slot 20, chan 2 => avg 164.341, rms  1.374, min 160, max 170
faMeasureChannelPedestal: slot 20, chan 3 => avg 197.462, rms  1.269, min 193, max 202
faMeasureChannelPedestal: slot 20, chan 4 => avg 203.896, rms  1.367, min 199, max 210
faMeasureChannelPedestal: slot 20, chan 5 => avg 225.268, rms  1.218, min 221, max 230
faMeasureChannelPedestal: slot 20, chan 6 => avg 165.631, rms  1.403, min 161, max 171
faMeasureChannelPedestal: slot 20, chan 7 => avg 225.973, rms  1.300, min 222, max 230
faMeasureChannelPedestal: slot 20, chan 8 => avg 185.626, rms  1.268, min 181, max 190
faMeasureChannelPedestal: slot 20, chan 9 => avg 205.881, rms  1.327, min 200, max 210
faMeasureChannelPedestal: slot 20, chan 10 => avg 185.147, rms  1.252, min 181, max 190
faMeasureChannelPedestal: slot 20, chan 11 => avg 169.069, rms  1.488, min 164, max 175
faMeasureChannelPedestal: slot 20, chan 12 => avg 197.813, rms  1.333, min 193, max 203
faMeasureChannelPedestal: slot 20, chan 13 => avg 180.489, rms  1.177, min 176, max 184
faMeasureChannelPedestal: slot 20, chan 14 => avg 184.333, rms  1.379, min 179, max 189
faMeasureChannelPedestal: slot 20, chan 15 => avg 197.930, rms  1.147, min 194, max 202
jlabgefCloseDefaultWindows reached
Closing A16 Window
Closing A24 Window
Closing A32Blt Window
Closing A32 Window
Closing CRCSR Window
Calling gefVmeClose
