
JLAB fadc pedestal measurement on host adcecal2
----------------------------
Opening CRCSR Window (opened at [0xb6f69000,0xb7f69000])
Opening A32 Window (opened at [0xb6f59000,0xb6f69000])
Opening A32Blt Window (opened at [0xacf59000,0xb6f59000])
Opening A24 Window (opened at [0xabf59000,0xacf59000])
Opening A16 Window (opened at [0xabf49000,0xabf59000])
jlabgefMapTsi: Tempe Chip Userspace map successful
VME Bus Error IRQ Disabled
vmeBusCreateLockShm: vmeBus shared memory mutex initialized
Initialized FADC  0  Slot #  3 at address 0xac0d9000 (0x00180000) 
Initialized FADC  1  Slot #  4 at address 0xac159000 (0x00200000) 
Initialized FADC  2  Slot #  5 at address 0xac1d9000 (0x00280000) 
Initialized FADC  3  Slot #  6 at address 0xac259000 (0x00300000) 
Initialized FADC  4  Slot #  7 at address 0xac2d9000 (0x00380000) 
Initialized FADC  5  Slot #  8 at address 0xac359000 (0x00400000) 
Initialized FADC  6  Slot #  9 at address 0xac3d9000 (0x00480000) 
Initialized FADC  7  Slot # 10 at address 0xac459000 (0x00500000) 
jlabgefMemProbe: Clearing VME BERR/2eST (0x800cf900) at VME address 0x580000
jlabgefMemProbe: Clearing VME BERR/2eST (0x800cf900) at VME address 0x600000
Initialized FADC  8  Slot # 13 at address 0xac5d9000 (0x00680000) 
Initialized FADC  9  Slot # 14 at address 0xac659000 (0x00700000) 
Initialized FADC 10  Slot # 15 at address 0xac6d9000 (0x00780000) 
Initialized FADC 11  Slot # 16 at address 0xac759000 (0x00800000) 
Initialized FADC 12  Slot # 17 at address 0xac7d9000 (0x00880000) 
Initialized FADC 13  Slot # 18 at address 0xac859000 (0x00900000) 
Initialized FADC 14  Slot # 19 at address 0xac8d9000 (0x00980000) 
Initialized FADC 15  Slot # 20 at address 0xac959000 (0x00a00000) 
faInit: Enabling FADC Internal Clock, and VXS Triggers (VXS Sync Reset)
faInit: 16 FADC(s) successfully initialized
fadc250Config: nfadc=16
fadc250InitGlobals reached

NOTE: use EXPID=>clasdev< from environment

ReadConfigFile: Using configuration file >/usr/clas12/release/1.3.2/parms/fadc250/adcecal2.cnf<

ReadConfigFile: crate = all  host = adcecal2 - activated

ReadConfigFile: crate = end  host = adcecal2 - disactivated


fadc250DownloadAll reached, nfadc=16
faSetCompression: id=3 opt=0
faSetCompression: read ctrl2=0x00000000
faSetCompression: masked ctrl2=0x00000000
faSetCompression: doing nothing
faSetCompression: writing ctrl2=0x00000000
faSetCompression: id=4 opt=0
faSetCompression: read ctrl2=0x00000000
faSetCompression: masked ctrl2=0x00000000
faSetCompression: doing nothing
faSetCompression: writing ctrl2=0x00000000
faSetCompression: id=5 opt=0
faSetCompression: read ctrl2=0x00000000
faSetCompression: masked ctrl2=0x00000000
faSetCompression: doing nothing
faSetCompression: writing ctrl2=0x00000000
faSetCompression: id=6 opt=0
faSetCompression: read ctrl2=0x00000000
faSetCompression: masked ctrl2=0x00000000
faSetCompression: doing nothing
faSetCompression: writing ctrl2=0x00000000
faSetCompression: id=7 opt=0
faSetCompression: read ctrl2=0x00000000
faSetCompression: masked ctrl2=0x00000000
faSetCompression: doing nothing
faSetCompression: writing ctrl2=0x00000000
faSetCompression: id=8 opt=0
faSetCompression: read ctrl2=0x00000000
faSetCompression: masked ctrl2=0x00000000
faSetCompression: doing nothing
faSetCompression: writing ctrl2=0x00000000
faSetCompression: id=9 opt=0
faSetCompression: read ctrl2=0x00000000
faSetCompression: masked ctrl2=0x00000000
faSetCompression: doing nothing
faSetCompression: writing ctrl2=0x00000000
faSetCompression: id=10 opt=0
faSetCompression: read ctrl2=0x00000000
faSetCompression: masked ctrl2=0x00000000
faSetCompression: doing nothing
faSetCompression: writing ctrl2=0x00000000
faSetCompression: id=13 opt=0
faSetCompression: read ctrl2=0x00000000
faSetCompression: masked ctrl2=0x00000000
faSetCompression: doing nothing
faSetCompression: writing ctrl2=0x00000000
faSetCompression: id=14 opt=0
faSetCompression: read ctrl2=0x00000000
faSetCompression: masked ctrl2=0x00000000
faSetCompression: doing nothing
faSetCompression: writing ctrl2=0x00000000
faSetCompression: id=15 opt=0
faSetCompression: read ctrl2=0x00000000
faSetCompression: masked ctrl2=0x00000000
faSetCompression: doing nothing
faSetCompression: writing ctrl2=0x00000000
faSetCompression: id=16 opt=0
faSetCompression: read ctrl2=0x00000000
faSetCompression: masked ctrl2=0x00000000
faSetCompression: doing nothing
faSetCompression: writing ctrl2=0x00000000
faSetCompression: id=17 opt=0
faSetCompression: read ctrl2=0x00000000
faSetCompression: masked ctrl2=0x00000000
faSetCompression: doing nothing
faSetCompression: writing ctrl2=0x00000000
faSetCompression: id=18 opt=0
faSetCompression: read ctrl2=0x00000000
faSetCompression: masked ctrl2=0x00000000
faSetCompression: doing nothing
faSetCompression: writing ctrl2=0x00000000
faSetCompression: id=19 opt=0
faSetCompression: read ctrl2=0x00000000
faSetCompression: masked ctrl2=0x00000000
faSetCompression: doing nothing
faSetCompression: writing ctrl2=0x00000000
faSetCompression: id=20 opt=0
faSetCompression: read ctrl2=0x00000000
faSetCompression: masked ctrl2=0x00000000
faSetCompression: doing nothing
faSetCompression: writing ctrl2=0x00000000
faMeasureChannelPedestal: slot 3, chan 0 => avg 115.754, rms  1.140, min 111, max 120
faMeasureChannelPedestal: slot 3, chan 1 => avg 107.363, rms  1.218, min 103, max 112
faMeasureChannelPedestal: slot 3, chan 2 => avg 94.902, rms  1.254, min 90, max 100
faMeasureChannelPedestal: slot 3, chan 3 => avg 121.745, rms  1.240, min 118, max 126
faMeasureChannelPedestal: slot 3, chan 4 => avg 82.771, rms  1.229, min 77, max 87
faMeasureChannelPedestal: slot 3, chan 5 => avg 142.415, rms  1.426, min 138, max 148
faMeasureChannelPedestal: slot 3, chan 6 => avg 160.003, rms  1.491, min 154, max 165
faMeasureChannelPedestal: slot 3, chan 7 => avg 102.342, rms  1.374, min 97, max 107
faMeasureChannelPedestal: slot 3, chan 8 => avg 130.164, rms  1.352, min 125, max 136
faMeasureChannelPedestal: slot 3, chan 9 => avg 121.025, rms  1.322, min 115, max 125
faMeasureChannelPedestal: slot 3, chan 10 => avg 148.925, rms  1.383, min 142, max 154
faMeasureChannelPedestal: slot 3, chan 11 => avg 155.099, rms  1.298, min 151, max 159
faMeasureChannelPedestal: slot 3, chan 12 => avg 138.752, rms  1.240, min 134, max 143
faMeasureChannelPedestal: slot 3, chan 13 => avg 118.568, rms  1.172, min 115, max 123
faMeasureChannelPedestal: slot 3, chan 14 => avg 151.700, rms  1.487, min 146, max 158
faMeasureChannelPedestal: slot 3, chan 15 => avg 108.946, rms  1.115, min 105, max 113
faMeasureChannelPedestal: slot 4, chan 0 => avg 73.075, rms  1.160, min 69, max 78
faMeasureChannelPedestal: slot 4, chan 1 => avg 79.247, rms  1.205, min 76, max 84
faMeasureChannelPedestal: slot 4, chan 2 => avg 79.134, rms  1.260, min 73, max 98
faMeasureChannelPedestal: slot 4, chan 3 => avg 76.042, rms  1.187, min 71, max 81
faMeasureChannelPedestal: slot 4, chan 4 => avg 137.841, rms  1.477, min 132, max 144
faMeasureChannelPedestal: slot 4, chan 5 => avg 85.142, rms  1.345, min 80, max 90
faMeasureChannelPedestal: slot 4, chan 6 => avg 131.372, rms  1.286, min 126, max 137
faMeasureChannelPedestal: slot 4, chan 7 => avg 82.257, rms  1.361, min 76, max 88
faMeasureChannelPedestal: slot 4, chan 8 => avg 82.146, rms  1.258, min 77, max 87
faMeasureChannelPedestal: slot 4, chan 9 => avg 117.659, rms  1.290, min 113, max 122
faMeasureChannelPedestal: slot 4, chan 10 => avg 96.139, rms  1.297, min 91, max 101
faMeasureChannelPedestal: slot 4, chan 11 => avg 65.465, rms  1.262, min 61, max 71
faMeasureChannelPedestal: slot 4, chan 12 => avg 72.211, rms  1.257, min 68, max 76
faMeasureChannelPedestal: slot 4, chan 13 => avg 89.585, rms  1.227, min 85, max 94
faMeasureChannelPedestal: slot 4, chan 14 => avg 109.535, rms  1.321, min 105, max 144
faMeasureChannelPedestal: slot 4, chan 15 => avg 97.272, rms  1.159, min 93, max 102
faMeasureChannelPedestal: slot 5, chan 0 => avg 68.939, rms  1.225, min 64, max 74
faMeasureChannelPedestal: slot 5, chan 1 => avg 76.922, rms  1.183, min 73, max 82
faMeasureChannelPedestal: slot 5, chan 2 => avg 119.423, rms  1.133, min 115, max 124
faMeasureChannelPedestal: slot 5, chan 3 => avg 58.804, rms  1.171, min 54, max 64
faMeasureChannelPedestal: slot 5, chan 4 => avg 67.414, rms  1.334, min 62, max 72
faMeasureChannelPedestal: slot 5, chan 5 => avg 95.396, rms  1.328, min 91, max 100
faMeasureChannelPedestal: slot 5, chan 6 => avg 92.810, rms  1.303, min 88, max 97
faMeasureChannelPedestal: slot 5, chan 7 => avg 89.474, rms  1.447, min 84, max 95
faMeasureChannelPedestal: slot 5, chan 8 => avg 128.721, rms  1.272, min 124, max 134
faMeasureChannelPedestal: slot 5, chan 9 => avg 77.048, rms  1.415, min 72, max 82
faMeasureChannelPedestal: slot 5, chan 10 => avg 110.895, rms  1.334, min 106, max 115
faMeasureChannelPedestal: slot 5, chan 11 => avg 112.102, rms  1.279, min 106, max 117
faMeasureChannelPedestal: slot 5, chan 12 => avg 93.884, rms  1.184, min 90, max 98
faMeasureChannelPedestal: slot 5, chan 13 => avg 77.002, rms  1.190, min 73, max 81
faMeasureChannelPedestal: slot 5, chan 14 => avg 97.441, rms  0.986, min 94, max 101
faMeasureChannelPedestal: slot 5, chan 15 => avg 122.815, rms  1.124, min 119, max 127
faMeasureChannelPedestal: slot 6, chan 0 => avg 104.237, rms  1.245, min 100, max 108
faMeasureChannelPedestal: slot 6, chan 1 => avg 81.231, rms  1.218, min 77, max 87
faMeasureChannelPedestal: slot 6, chan 2 => avg 97.049, rms  1.172, min 93, max 101
faMeasureChannelPedestal: slot 6, chan 3 => avg 41.274, rms  1.234, min 37, max 45
faMeasureChannelPedestal: slot 6, chan 4 => avg 81.971, rms  1.331, min 76, max 87
faMeasureChannelPedestal: slot 6, chan 5 => avg 118.754, rms  1.185, min 114, max 123
faMeasureChannelPedestal: slot 6, chan 6 => avg 105.457, rms  1.320, min 101, max 117
faMeasureChannelPedestal: slot 6, chan 7 => avg 114.776, rms  1.272, min 110, max 119
faMeasureChannelPedestal: slot 6, chan 8 => avg 115.273, rms  1.360, min 110, max 121
faMeasureChannelPedestal: slot 6, chan 9 => avg 131.471, rms  1.290, min 126, max 138
faMeasureChannelPedestal: slot 6, chan 10 => avg 101.866, rms  1.381, min 96, max 109
faMeasureChannelPedestal: slot 6, chan 11 => avg 92.596, rms  1.126, min 89, max 96
faMeasureChannelPedestal: slot 6, chan 12 => avg 95.936, rms  1.144, min 92, max 100
faMeasureChannelPedestal: slot 6, chan 13 => avg 137.075, rms  1.272, min 133, max 141
faMeasureChannelPedestal: slot 6, chan 14 => avg 145.504, rms  1.275, min 141, max 150
faMeasureChannelPedestal: slot 6, chan 15 => avg 81.249, rms  1.133, min 78, max 85
faMeasureChannelPedestal: slot 7, chan 0 => avg 133.122, rms  1.243, min 129, max 138
faMeasureChannelPedestal: slot 7, chan 1 => avg 143.751, rms  1.308, min 139, max 157
faMeasureChannelPedestal: slot 7, chan 2 => avg 119.954, rms  1.201, min 116, max 125
faMeasureChannelPedestal: slot 7, chan 3 => avg 70.438, rms  1.244, min 66, max 75
faMeasureChannelPedestal: slot 7, chan 4 => avg 110.934, rms  1.323, min 106, max 116
faMeasureChannelPedestal: slot 7, chan 5 => avg 104.049, rms  1.746, min 99, max 183
faMeasureChannelPedestal: slot 7, chan 6 => avg 134.154, rms  1.319, min 129, max 139
faMeasureChannelPedestal: slot 7, chan 7 => avg 128.132, rms  1.613, min 123, max 169
faMeasureChannelPedestal: slot 7, chan 8 => avg 130.422, rms  1.490, min 125, max 135
faMeasureChannelPedestal: slot 7, chan 9 => avg 135.570, rms  1.284, min 131, max 141
faMeasureChannelPedestal: slot 7, chan 10 => avg 151.045, rms  1.545, min 146, max 156
faMeasureChannelPedestal: slot 7, chan 11 => avg 112.902, rms  1.258, min 108, max 118
faMeasureChannelPedestal: slot 7, chan 12 => avg 152.775, rms  1.313, min 148, max 176
faMeasureChannelPedestal: slot 7, chan 13 => avg 119.143, rms  1.152, min 115, max 144
faMeasureChannelPedestal: slot 7, chan 14 => avg 101.601, rms  1.154, min 97, max 106
faMeasureChannelPedestal: slot 7, chan 15 => avg 138.179, rms  1.370, min 133, max 143
faMeasureChannelPedestal: slot 8, chan 0 => avg 147.049, rms  1.256, min 143, max 152
faMeasureChannelPedestal: slot 8, chan 1 => avg 115.149, rms  1.174, min 111, max 120
faMeasureChannelPedestal: slot 8, chan 2 => avg 113.072, rms  1.241, min 109, max 129
faMeasureChannelPedestal: slot 8, chan 3 => avg 118.123, rms  1.158, min 114, max 122
faMeasureChannelPedestal: slot 8, chan 4 => avg 145.905, rms  1.520, min 141, max 151
faMeasureChannelPedestal: slot 8, chan 5 => avg 129.168, rms  1.259, min 125, max 133
faMeasureChannelPedestal: slot 8, chan 6 => avg 137.802, rms  1.278, min 133, max 142
faMeasureChannelPedestal: slot 8, chan 7 => avg 111.705, rms  1.382, min 107, max 117
faMeasureChannelPedestal: slot 8, chan 8 => avg 109.112, rms  1.364, min 104, max 113
faMeasureChannelPedestal: slot 8, chan 9 => avg 112.476, rms  1.305, min 108, max 117
faMeasureChannelPedestal: slot 8, chan 10 => avg 121.261, rms  1.391, min 117, max 154
faMeasureChannelPedestal: slot 8, chan 11 => avg 149.496, rms  1.194, min 145, max 153
faMeasureChannelPedestal: slot 8, chan 12 => avg 118.746, rms  1.216, min 114, max 123
faMeasureChannelPedestal: slot 8, chan 13 => avg 136.490, rms  1.193, min 132, max 141
faMeasureChannelPedestal: slot 8, chan 14 => avg 136.468, rms  1.167, min 132, max 141
faMeasureChannelPedestal: slot 8, chan 15 => avg 83.949, rms  1.101, min 80, max 88
faMeasureChannelPedestal: slot 9, chan 0 => avg 94.190, rms  1.169, min 90, max 98
faMeasureChannelPedestal: slot 9, chan 1 => avg 93.058, rms  1.162, min 89, max 97
faMeasureChannelPedestal: slot 9, chan 2 => avg 108.954, rms  1.198, min 105, max 113
faMeasureChannelPedestal: slot 9, chan 3 => avg 84.835, rms  1.124, min 80, max 89
faMeasureChannelPedestal: slot 9, chan 4 => avg 85.756, rms  1.312, min 81, max 90
faMeasureChannelPedestal: slot 9, chan 5 => avg 93.915, rms  1.272, min 89, max 99
faMeasureChannelPedestal: slot 9, chan 6 => avg 109.184, rms  1.299, min 105, max 135
faMeasureChannelPedestal: slot 9, chan 7 => avg 110.345, rms  1.306, min 106, max 115
faMeasureChannelPedestal: slot 9, chan 8 => avg 93.707, rms  1.204, min 89, max 98
faMeasureChannelPedestal: slot 9, chan 9 => avg 106.078, rms  1.257, min 102, max 111
faMeasureChannelPedestal: slot 9, chan 10 => avg 100.013, rms  1.183, min 95, max 104
faMeasureChannelPedestal: slot 9, chan 11 => avg 71.048, rms  1.152, min 67, max 75
faMeasureChannelPedestal: slot 9, chan 12 => avg 91.048, rms  1.192, min 87, max 95
faMeasureChannelPedestal: slot 9, chan 13 => avg 79.838, rms  1.189, min 76, max 84
faMeasureChannelPedestal: slot 9, chan 14 => avg 134.345, rms  1.195, min 130, max 138
faMeasureChannelPedestal: slot 9, chan 15 => avg 119.566, rms  1.146, min 115, max 124
faMeasureChannelPedestal: slot 10, chan 0 => avg 60.808, rms  1.380, min 56, max 66
faMeasureChannelPedestal: slot 10, chan 1 => avg 76.287, rms  1.251, min 72, max 81
faMeasureChannelPedestal: slot 10, chan 2 => avg 107.278, rms  1.131, min 103, max 111
faMeasureChannelPedestal: slot 10, chan 3 => avg 97.860, rms  1.192, min 94, max 102
faMeasureChannelPedestal: slot 10, chan 4 => avg 88.112, rms  1.316, min 84, max 93
faMeasureChannelPedestal: slot 10, chan 5 => avg 98.296, rms  1.303, min 93, max 103
faMeasureChannelPedestal: slot 10, chan 6 => avg 76.630, rms  1.289, min 72, max 81
faMeasureChannelPedestal: slot 10, chan 7 => avg 86.732, rms  1.424, min 81, max 92
faMeasureChannelPedestal: slot 10, chan 8 => avg 90.437, rms  1.215, min 85, max 95
faMeasureChannelPedestal: slot 10, chan 9 => avg 98.069, rms  1.366, min 92, max 103
faMeasureChannelPedestal: slot 10, chan 10 => avg 98.017, rms  1.383, min 93, max 102
faMeasureChannelPedestal: slot 10, chan 11 => avg 92.036, rms  1.161, min 88, max 96
faMeasureChannelPedestal: slot 10, chan 12 => avg 96.480, rms  1.159, min 91, max 101
faMeasureChannelPedestal: slot 10, chan 13 => avg 104.384, rms  1.207, min 100, max 109
faMeasureChannelPedestal: slot 10, chan 14 => avg 91.099, rms  1.162, min 87, max 95
faMeasureChannelPedestal: slot 10, chan 15 => avg 70.454, rms  1.143, min 66, max 75
faMeasureChannelPedestal: slot 13, chan 0 => avg 105.582, rms  1.214, min 102, max 109
faMeasureChannelPedestal: slot 13, chan 1 => avg 106.386, rms  1.315, min 102, max 111
faMeasureChannelPedestal: slot 13, chan 2 => avg 130.198, rms  1.245, min 126, max 135
faMeasureChannelPedestal: slot 13, chan 3 => avg 59.731, rms  1.227, min 56, max 64
faMeasureChannelPedestal: slot 13, chan 4 => avg 96.669, rms  1.386, min 91, max 101
faMeasureChannelPedestal: slot 13, chan 5 => avg 94.720, rms  1.314, min 90, max 99
faMeasureChannelPedestal: slot 13, chan 6 => avg 114.096, rms  1.349, min 110, max 118
faMeasureChannelPedestal: slot 13, chan 7 => avg 103.608, rms  1.394, min 98, max 110
faMeasureChannelPedestal: slot 13, chan 8 => avg 63.479, rms  1.325, min 58, max 68
faMeasureChannelPedestal: slot 13, chan 9 => avg 113.092, rms  1.359, min 108, max 118
faMeasureChannelPedestal: slot 13, chan 10 => avg 141.028, rms  1.304, min 136, max 146
faMeasureChannelPedestal: slot 13, chan 11 => avg 112.606, rms  1.316, min 108, max 118
faMeasureChannelPedestal: slot 13, chan 12 => avg 73.114, rms  1.254, min 68, max 77
faMeasureChannelPedestal: slot 13, chan 13 => avg 141.083, rms  1.311, min 137, max 146
faMeasureChannelPedestal: slot 13, chan 14 => avg 61.188, rms  1.167, min 56, max 66
faMeasureChannelPedestal: slot 13, chan 15 => avg 53.180, rms  1.214, min 48, max 57
faMeasureChannelPedestal: slot 14, chan 0 => avg 86.560, rms  1.357, min 82, max 91
faMeasureChannelPedestal: slot 14, chan 1 => avg 101.480, rms  1.278, min 97, max 106
faMeasureChannelPedestal: slot 14, chan 2 => avg 91.310, rms  1.174, min 87, max 96
faMeasureChannelPedestal: slot 14, chan 3 => avg 101.042, rms  1.312, min 97, max 107
faMeasureChannelPedestal: slot 14, chan 4 => avg 60.036, rms  1.299, min 56, max 64
faMeasureChannelPedestal: slot 14, chan 5 => avg 99.778, rms  1.274, min 96, max 104
faMeasureChannelPedestal: slot 14, chan 6 => avg 86.265, rms  1.495, min 78, max 94
faMeasureChannelPedestal: slot 14, chan 7 => avg 77.754, rms  1.378, min 73, max 83
faMeasureChannelPedestal: slot 14, chan 8 => avg 96.939, rms  1.246, min 93, max 101
faMeasureChannelPedestal: slot 14, chan 9 => avg 88.926, rms  1.375, min 84, max 94
faMeasureChannelPedestal: slot 14, chan 10 => avg 107.363, rms  1.340, min 102, max 113
faMeasureChannelPedestal: slot 14, chan 11 => avg 80.501, rms  1.186, min 76, max 84
faMeasureChannelPedestal: slot 14, chan 12 => avg 71.965, rms  1.267, min 67, max 76
faMeasureChannelPedestal: slot 14, chan 13 => avg 83.725, rms  1.129, min 80, max 88
faMeasureChannelPedestal: slot 14, chan 14 => avg 64.001, rms  1.204, min 60, max 69
faMeasureChannelPedestal: slot 14, chan 15 => avg 59.194, rms  1.213, min 54, max 64
faMeasureChannelPedestal: slot 15, chan 0 => avg 139.043, rms  1.207, min 135, max 143
faMeasureChannelPedestal: slot 15, chan 1 => avg 124.438, rms  1.137, min 121, max 128
faMeasureChannelPedestal: slot 15, chan 2 => avg 98.637, rms  1.202, min 94, max 103
faMeasureChannelPedestal: slot 15, chan 3 => avg 74.826, rms  1.209, min 70, max 79
faMeasureChannelPedestal: slot 15, chan 4 => avg 113.079, rms  1.373, min 108, max 118
faMeasureChannelPedestal: slot 15, chan 5 => avg 129.972, rms  1.240, min 126, max 134
faMeasureChannelPedestal: slot 15, chan 6 => avg 122.804, rms  1.329, min 118, max 127
faMeasureChannelPedestal: slot 15, chan 7 => avg 133.591, rms  1.403, min 128, max 138
faMeasureChannelPedestal: slot 15, chan 8 => avg 130.044, rms  1.305, min 126, max 134
faMeasureChannelPedestal: slot 15, chan 9 => avg 122.947, rms  1.381, min 117, max 128
faMeasureChannelPedestal: slot 15, chan 10 => avg 148.525, rms  1.368, min 143, max 153
faMeasureChannelPedestal: slot 15, chan 11 => avg 94.587, rms  1.224, min 90, max 99
faMeasureChannelPedestal: slot 15, chan 12 => avg 117.858, rms  1.243, min 113, max 122
faMeasureChannelPedestal: slot 15, chan 13 => avg 119.096, rms  1.108, min 115, max 123
faMeasureChannelPedestal: slot 15, chan 14 => avg 123.816, rms  1.280, min 120, max 128
faMeasureChannelPedestal: slot 15, chan 15 => avg 100.506, rms  1.168, min 96, max 105
faMeasureChannelPedestal: slot 16, chan 0 => avg 71.829, rms  1.139, min 68, max 78
faMeasureChannelPedestal: slot 16, chan 1 => avg 123.150, rms  1.234, min 119, max 128
faMeasureChannelPedestal: slot 16, chan 2 => avg 123.629, rms  1.279, min 119, max 128
faMeasureChannelPedestal: slot 16, chan 3 => avg 110.060, rms  1.330, min 104, max 115
faMeasureChannelPedestal: slot 16, chan 4 => avg 94.900, rms  1.416, min 90, max 101
faMeasureChannelPedestal: slot 16, chan 5 => avg 112.193, rms  1.266, min 107, max 117
faMeasureChannelPedestal: slot 16, chan 6 => avg 85.630, rms  1.331, min 80, max 91
faMeasureChannelPedestal: slot 16, chan 7 => avg 66.152, rms  1.304, min 62, max 71
faMeasureChannelPedestal: slot 16, chan 8 => avg 110.399, rms  1.242, min 105, max 115
faMeasureChannelPedestal: slot 16, chan 9 => avg 105.783, rms  1.222, min 102, max 110
faMeasureChannelPedestal: slot 16, chan 10 => avg 121.782, rms  1.499, min 117, max 170
faMeasureChannelPedestal: slot 16, chan 11 => avg 72.499, rms  1.103, min 69, max 76
faMeasureChannelPedestal: slot 16, chan 12 => avg 85.633, rms  1.188, min 82, max 90
faMeasureChannelPedestal: slot 16, chan 13 => avg 67.291, rms  1.128, min 64, max 72
faMeasureChannelPedestal: slot 16, chan 14 => avg 49.960, rms  1.181, min 45, max 54
faMeasureChannelPedestal: slot 16, chan 15 => avg 113.475, rms  1.160, min 110, max 118
faMeasureChannelPedestal: slot 17, chan 0 => avg 110.074, rms  1.282, min 106, max 115
faMeasureChannelPedestal: slot 17, chan 1 => avg 61.912, rms  1.303, min 57, max 67
faMeasureChannelPedestal: slot 17, chan 2 => avg 107.034, rms  1.173, min 102, max 111
faMeasureChannelPedestal: slot 17, chan 3 => avg 95.976, rms  1.109, min 92, max 100
faMeasureChannelPedestal: slot 17, chan 4 => avg 81.867, rms  1.310, min 77, max 87
faMeasureChannelPedestal: slot 17, chan 5 => avg 138.711, rms  1.355, min 133, max 143
faMeasureChannelPedestal: slot 17, chan 6 => avg 147.545, rms  1.341, min 143, max 153
faMeasureChannelPedestal: slot 17, chan 7 => avg 126.562, rms  1.409, min 122, max 132
faMeasureChannelPedestal: slot 17, chan 8 => avg 113.312, rms  1.337, min 109, max 118
faMeasureChannelPedestal: slot 17, chan 9 => avg 97.533, rms  1.399, min 93, max 103
faMeasureChannelPedestal: slot 17, chan 10 => avg 120.198, rms  1.239, min 116, max 125
faMeasureChannelPedestal: slot 17, chan 11 => avg 135.623, rms  1.311, min 131, max 141
faMeasureChannelPedestal: slot 17, chan 12 => avg 102.580, rms  1.193, min 98, max 107
faMeasureChannelPedestal: slot 17, chan 13 => avg 82.943, rms  1.161, min 79, max 87
faMeasureChannelPedestal: slot 17, chan 14 => avg 115.109, rms  1.165, min 111, max 119
faMeasureChannelPedestal: slot 17, chan 15 => avg 88.743, rms  1.173, min 84, max 93
faMeasureChannelPedestal: slot 18, chan 0 => avg 128.100, rms  1.301, min 123, max 133
faMeasureChannelPedestal: slot 18, chan 1 => avg 68.618, rms  1.168, min 65, max 75
faMeasureChannelPedestal: slot 18, chan 2 => avg 96.707, rms  1.168, min 93, max 101
faMeasureChannelPedestal: slot 18, chan 3 => avg 79.798, rms  1.178, min 76, max 85
faMeasureChannelPedestal: slot 18, chan 4 => avg 133.351, rms  1.374, min 128, max 138
faMeasureChannelPedestal: slot 18, chan 5 => avg 114.998, rms  1.268, min 110, max 119
faMeasureChannelPedestal: slot 18, chan 6 => avg 109.753, rms  1.350, min 105, max 114
faMeasureChannelPedestal: slot 18, chan 7 => avg 102.152, rms  1.409, min 97, max 107
faMeasureChannelPedestal: slot 18, chan 8 => avg 105.243, rms  1.313, min 101, max 121
faMeasureChannelPedestal: slot 18, chan 9 => avg 129.496, rms  1.349, min 123, max 135
faMeasureChannelPedestal: slot 18, chan 10 => avg 75.320, rms  1.221, min 71, max 80
faMeasureChannelPedestal: slot 18, chan 11 => avg 82.171, rms  1.203, min 78, max 87
faMeasureChannelPedestal: slot 18, chan 12 => avg 227.284, rms  1.157, min 223, max 231
faMeasureChannelPedestal: slot 18, chan 13 => avg 173.500, rms  1.203, min 169, max 178
faMeasureChannelPedestal: slot 18, chan 14 => avg 179.604, rms  1.159, min 176, max 184
faMeasureChannelPedestal: slot 18, chan 15 => avg 158.577, rms  1.270, min 154, max 162
faMeasureChannelPedestal: slot 19, chan 0 => avg 224.593, rms  1.149, min 220, max 228
faMeasureChannelPedestal: slot 19, chan 1 => avg 191.155, rms  1.325, min 187, max 196
faMeasureChannelPedestal: slot 19, chan 2 => avg 213.887, rms  1.234, min 210, max 218
faMeasureChannelPedestal: slot 19, chan 3 => avg 221.035, rms  1.154, min 217, max 226
faMeasureChannelPedestal: slot 19, chan 4 => avg 181.120, rms  1.595, min 176, max 187
faMeasureChannelPedestal: slot 19, chan 5 => avg 214.765, rms  1.361, min 210, max 219
faMeasureChannelPedestal: slot 19, chan 6 => avg 204.722, rms  1.312, min 200, max 209
faMeasureChannelPedestal: slot 19, chan 7 => avg 198.784, rms  1.265, min 193, max 203
faMeasureChannelPedestal: slot 19, chan 8 => avg 207.932, rms  1.534, min 203, max 213
faMeasureChannelPedestal: slot 19, chan 9 => avg 198.256, rms  1.306, min 194, max 203
faMeasureChannelPedestal: slot 19, chan 10 => avg 198.137, rms  1.234, min 193, max 202
faMeasureChannelPedestal: slot 19, chan 11 => avg 179.065, rms  1.134, min 174, max 183
faMeasureChannelPedestal: slot 19, chan 12 => avg 240.818, rms  1.231, min 236, max 245
faMeasureChannelPedestal: slot 19, chan 13 => avg 205.469, rms  1.098, min 201, max 209
faMeasureChannelPedestal: slot 19, chan 14 => avg 195.480, rms  1.174, min 191, max 200
faMeasureChannelPedestal: slot 19, chan 15 => avg 186.513, rms  1.149, min 183, max 191
faMeasureChannelPedestal: slot 20, chan 0 => avg 157.149, rms  1.146, min 153, max 163
faMeasureChannelPedestal: slot 20, chan 1 => avg 134.324, rms  1.368, min 130, max 139
faMeasureChannelPedestal: slot 20, chan 2 => avg 182.630, rms  1.919, min 176, max 190
faMeasureChannelPedestal: slot 20, chan 3 => avg 176.010, rms  1.572, min 171, max 182
faMeasureChannelPedestal: slot 20, chan 4 => avg 195.312, rms  1.310, min 191, max 199
faMeasureChannelPedestal: slot 20, chan 5 => avg 184.930, rms  1.295, min 181, max 189
faMeasureChannelPedestal: slot 20, chan 6 => avg 207.907, rms  1.335, min 203, max 213
faMeasureChannelPedestal: slot 20, chan 7 => avg 188.591, rms  1.339, min 184, max 193
faMeasureChannelPedestal: slot 20, chan 8 => avg 178.805, rms  1.474, min 174, max 184
faMeasureChannelPedestal: slot 20, chan 9 => avg 208.928, rms  1.292, min 204, max 213
faMeasureChannelPedestal: slot 20, chan 10 => avg 174.324, rms  1.318, min 169, max 179
faMeasureChannelPedestal: slot 20, chan 11 => avg 172.777, rms  1.400, min 168, max 178
faMeasureChannelPedestal: slot 20, chan 12 => avg 175.990, rms  1.212, min 172, max 180
faMeasureChannelPedestal: slot 20, chan 13 => avg 174.045, rms  1.157, min 170, max 178
faMeasureChannelPedestal: slot 20, chan 14 => avg 199.844, rms  1.160, min 195, max 204
faMeasureChannelPedestal: slot 20, chan 15 => avg 177.802, rms  1.181, min 174, max 182
jlabgefCloseDefaultWindows reached
Closing A16 Window
Closing A24 Window
Closing A32Blt Window
Closing A32 Window
Closing CRCSR Window
Calling gefVmeClose
