
JLAB fadc pedestal measurement on host adcecal1
----------------------------
Opening CRCSR Window (opened at [0xb6eff000,0xb7eff000])
Opening A32 Window (opened at [0xb6eef000,0xb6eff000])
Opening A32Blt Window (opened at [0xaceef000,0xb6eef000])
Opening A24 Window (opened at [0xabeef000,0xaceef000])
Opening A16 Window (opened at [0xabedf000,0xabeef000])
jlabgefMapTsi: Tempe Chip Userspace map successful
VME Bus Error IRQ Disabled
vmeBusCreateLockShm: vmeBus shared memory mutex initialized
Initialized FADC  0  Slot #  3 at address 0xac06f000 (0x00180000) 
Initialized FADC  1  Slot #  4 at address 0xac0ef000 (0x00200000) 
Initialized FADC  2  Slot #  5 at address 0xac16f000 (0x00280000) 
Initialized FADC  3  Slot #  6 at address 0xac1ef000 (0x00300000) 
Initialized FADC  4  Slot #  7 at address 0xac26f000 (0x00380000) 
Initialized FADC  5  Slot #  8 at address 0xac2ef000 (0x00400000) 
Initialized FADC  6  Slot #  9 at address 0xac36f000 (0x00480000) 
Initialized FADC  7  Slot # 10 at address 0xac3ef000 (0x00500000) 
jlabgefMemProbe: Clearing VME BERR/2eST (0x800cf900) at VME address 0x580000
jlabgefMemProbe: Clearing VME BERR/2eST (0x800cf900) at VME address 0x600000
Initialized FADC  8  Slot # 13 at address 0xac56f000 (0x00680000) 
Initialized FADC  9  Slot # 14 at address 0xac5ef000 (0x00700000) 
Initialized FADC 10  Slot # 15 at address 0xac66f000 (0x00780000) 
Initialized FADC 11  Slot # 16 at address 0xac6ef000 (0x00800000) 
Initialized FADC 12  Slot # 17 at address 0xac76f000 (0x00880000) 
Initialized FADC 13  Slot # 18 at address 0xac7ef000 (0x00900000) 
jlabgefMemProbe: Clearing VME BERR/2eST (0x800cf900) at VME address 0x980000
jlabgefMemProbe: Clearing VME BERR/2eST (0x800cf900) at VME address 0xa00000
faInit: Enabling FADC Internal Clock, and VXS Triggers (VXS Sync Reset)
faInit: 14 FADC(s) successfully initialized
fadc250Config: nfadc=14
fadc250InitGlobals reached

NOTE: use EXPID=>clasdev< from environment

ReadConfigFile: Using configuration file >/usr/clas12/release/1.3.2/parms/fadc250/adcecal1.cnf<

ReadConfigFile: crate = all  host = adcecal1 - activated

ReadConfigFile: crate = end  host = adcecal1 - disactivated


fadc250DownloadAll reached, nfadc=14
faSetCompression: id=3 opt=0
faSetCompression: read ctrl2=0x00000000
faSetCompression: masked ctrl2=0x00000000
faSetCompression: doing nothing
faSetCompression: writing ctrl2=0x00000000
faSetCompression: id=4 opt=0
faSetCompression: read ctrl2=0x00000000
faSetCompression: masked ctrl2=0x00000000
faSetCompression: doing nothing
faSetCompression: writing ctrl2=0x00000000
faSetCompression: id=5 opt=0
faSetCompression: read ctrl2=0x00000000
faSetCompression: masked ctrl2=0x00000000
faSetCompression: doing nothing
faSetCompression: writing ctrl2=0x00000000
faSetCompression: id=6 opt=0
faSetCompression: read ctrl2=0x00000000
faSetCompression: masked ctrl2=0x00000000
faSetCompression: doing nothing
faSetCompression: writing ctrl2=0x00000000
faSetCompression: id=7 opt=0
faSetCompression: read ctrl2=0x00000000
faSetCompression: masked ctrl2=0x00000000
faSetCompression: doing nothing
faSetCompression: writing ctrl2=0x00000000
faSetCompression: id=8 opt=0
faSetCompression: read ctrl2=0x00000000
faSetCompression: masked ctrl2=0x00000000
faSetCompression: doing nothing
faSetCompression: writing ctrl2=0x00000000
faSetCompression: id=9 opt=0
faSetCompression: read ctrl2=0x00000000
faSetCompression: masked ctrl2=0x00000000
faSetCompression: doing nothing
faSetCompression: writing ctrl2=0x00000000
faSetCompression: id=10 opt=0
faSetCompression: read ctrl2=0x00000000
faSetCompression: masked ctrl2=0x00000000
faSetCompression: doing nothing
faSetCompression: writing ctrl2=0x00000000
faSetCompression: id=13 opt=0
faSetCompression: read ctrl2=0x00000000
faSetCompression: masked ctrl2=0x00000000
faSetCompression: doing nothing
faSetCompression: writing ctrl2=0x00000000
faSetCompression: id=14 opt=0
faSetCompression: read ctrl2=0x00000000
faSetCompression: masked ctrl2=0x00000000
faSetCompression: doing nothing
faSetCompression: writing ctrl2=0x00000000
faSetCompression: id=15 opt=0
faSetCompression: read ctrl2=0x00000000
faSetCompression: masked ctrl2=0x00000000
faSetCompression: doing nothing
faSetCompression: writing ctrl2=0x00000000
faSetCompression: id=16 opt=0
faSetCompression: read ctrl2=0x00000000
faSetCompression: masked ctrl2=0x00000000
faSetCompression: doing nothing
faSetCompression: writing ctrl2=0x00000000
faSetCompression: id=17 opt=0
faSetCompression: read ctrl2=0x00000000
faSetCompression: masked ctrl2=0x00000000
faSetCompression: doing nothing
faSetCompression: writing ctrl2=0x00000000
faSetCompression: id=18 opt=0
faSetCompression: read ctrl2=0x00000000
faSetCompression: masked ctrl2=0x00000000
faSetCompression: doing nothing
faSetCompression: writing ctrl2=0x00000000
faMeasureChannelPedestal: slot 3, chan 0 => avg 91.021, rms  1.157, min 87, max 95
faMeasureChannelPedestal: slot 3, chan 1 => avg 131.390, rms  1.224, min 127, max 136
faMeasureChannelPedestal: slot 3, chan 2 => avg 89.710, rms  1.269, min 85, max 95
faMeasureChannelPedestal: slot 3, chan 3 => avg 120.589, rms  1.215, min 116, max 126
faMeasureChannelPedestal: slot 3, chan 4 => avg 89.698, rms  1.406, min 85, max 95
faMeasureChannelPedestal: slot 3, chan 5 => avg 104.034, rms  1.300, min 99, max 109
faMeasureChannelPedestal: slot 3, chan 6 => avg 134.304, rms  1.389, min 130, max 140
faMeasureChannelPedestal: slot 3, chan 7 => avg 106.888, rms  1.316, min 102, max 111
faMeasureChannelPedestal: slot 3, chan 8 => avg 109.146, rms  1.310, min 104, max 114
faMeasureChannelPedestal: slot 3, chan 9 => avg 98.201, rms  1.267, min 94, max 103
faMeasureChannelPedestal: slot 3, chan 10 => avg 87.727, rms  1.262, min 83, max 92
faMeasureChannelPedestal: slot 3, chan 11 => avg 97.932, rms  1.201, min 94, max 102
faMeasureChannelPedestal: slot 3, chan 12 => avg 80.772, rms  1.414, min 76, max 87
faMeasureChannelPedestal: slot 3, chan 13 => avg 126.968, rms  1.320, min 119, max 133
faMeasureChannelPedestal: slot 3, chan 14 => avg 108.546, rms  1.213, min 104, max 114
faMeasureChannelPedestal: slot 3, chan 15 => avg 104.448, rms  1.218, min 101, max 108
faMeasureChannelPedestal: slot 4, chan 0 => avg 109.809, rms  1.253, min 105, max 115
faMeasureChannelPedestal: slot 4, chan 1 => avg 108.463, rms  1.325, min 103, max 113
faMeasureChannelPedestal: slot 4, chan 2 => avg 113.294, rms  1.267, min 108, max 117
faMeasureChannelPedestal: slot 4, chan 3 => avg 121.274, rms  1.229, min 117, max 126
faMeasureChannelPedestal: slot 4, chan 4 => avg 90.712, rms  1.352, min 84, max 96
faMeasureChannelPedestal: slot 4, chan 5 => avg 109.185, rms  1.343, min 104, max 114
faMeasureChannelPedestal: slot 4, chan 6 => avg 124.089, rms  1.315, min 118, max 129
faMeasureChannelPedestal: slot 4, chan 7 => avg 110.945, rms  1.359, min 106, max 116
faMeasureChannelPedestal: slot 4, chan 8 => avg 115.183, rms  1.287, min 111, max 120
faMeasureChannelPedestal: slot 4, chan 9 => avg 110.217, rms  1.251, min 106, max 114
faMeasureChannelPedestal: slot 4, chan 10 => avg 109.219, rms  1.339, min 104, max 114
faMeasureChannelPedestal: slot 4, chan 11 => avg 93.042, rms  1.171, min 90, max 97
faMeasureChannelPedestal: slot 4, chan 12 => avg 98.491, rms  1.194, min 94, max 102
faMeasureChannelPedestal: slot 4, chan 13 => avg 121.524, rms  1.324, min 116, max 127
faMeasureChannelPedestal: slot 4, chan 14 => avg 87.592, rms  1.127, min 83, max 92
faMeasureChannelPedestal: slot 4, chan 15 => avg 101.075, rms  1.212, min 97, max 105
faMeasureChannelPedestal: slot 5, chan 0 => avg 118.871, rms  1.287, min 115, max 123
faMeasureChannelPedestal: slot 5, chan 1 => avg 77.560, rms  1.296, min 73, max 82
faMeasureChannelPedestal: slot 5, chan 2 => avg 65.133, rms  1.351, min 60, max 71
faMeasureChannelPedestal: slot 5, chan 3 => avg 123.114, rms  1.415, min 118, max 129
faMeasureChannelPedestal: slot 5, chan 4 => avg 119.547, rms  1.275, min 115, max 124
faMeasureChannelPedestal: slot 5, chan 5 => avg 90.146, rms  1.400, min 85, max 95
faMeasureChannelPedestal: slot 5, chan 6 => avg 122.399, rms  1.352, min 117, max 128
faMeasureChannelPedestal: slot 5, chan 7 => avg 100.151, rms  1.337, min 96, max 106
faMeasureChannelPedestal: slot 5, chan 8 => avg 95.757, rms  1.403, min 90, max 101
faMeasureChannelPedestal: slot 5, chan 9 => avg 103.529, rms  1.349, min 99, max 109
faMeasureChannelPedestal: slot 5, chan 10 => avg 134.568, rms  1.321, min 130, max 139
faMeasureChannelPedestal: slot 5, chan 11 => avg 102.873, rms  1.232, min 99, max 107
faMeasureChannelPedestal: slot 5, chan 12 => avg 107.114, rms  1.196, min 103, max 112
faMeasureChannelPedestal: slot 5, chan 13 => avg 109.075, rms  1.242, min 105, max 113
faMeasureChannelPedestal: slot 5, chan 14 => avg 109.362, rms  1.192, min 105, max 113
faMeasureChannelPedestal: slot 5, chan 15 => avg 99.733, rms  1.090, min 96, max 104
faMeasureChannelPedestal: slot 6, chan 0 => avg 116.668, rms  1.246, min 112, max 123
faMeasureChannelPedestal: slot 6, chan 1 => avg 103.934, rms  1.231, min 99, max 108
faMeasureChannelPedestal: slot 6, chan 2 => avg 130.150, rms  1.308, min 123, max 137
faMeasureChannelPedestal: slot 6, chan 3 => avg 105.246, rms  1.208, min 101, max 109
faMeasureChannelPedestal: slot 6, chan 4 => avg 96.806, rms  1.179, min 93, max 102
faMeasureChannelPedestal: slot 6, chan 5 => avg 137.186, rms  1.302, min 133, max 142
faMeasureChannelPedestal: slot 6, chan 6 => avg 146.428, rms  1.315, min 141, max 151
faMeasureChannelPedestal: slot 6, chan 7 => avg 94.717, rms  1.421, min 90, max 100
faMeasureChannelPedestal: slot 6, chan 8 => avg 102.513, rms  1.360, min 98, max 110
faMeasureChannelPedestal: slot 6, chan 9 => avg 112.361, rms  1.340, min 107, max 117
faMeasureChannelPedestal: slot 6, chan 10 => avg 140.016, rms  1.516, min 134, max 175
faMeasureChannelPedestal: slot 6, chan 11 => avg 161.363, rms  1.257, min 156, max 166
faMeasureChannelPedestal: slot 6, chan 12 => avg 163.289, rms  1.237, min 159, max 173
faMeasureChannelPedestal: slot 6, chan 13 => avg 95.488, rms  1.247, min 91, max 100
faMeasureChannelPedestal: slot 6, chan 14 => avg 112.105, rms  1.164, min 108, max 117
faMeasureChannelPedestal: slot 6, chan 15 => avg 119.570, rms  1.316, min 115, max 125
faMeasureChannelPedestal: slot 7, chan 0 => avg 85.705, rms  1.331, min 78, max 93
faMeasureChannelPedestal: slot 7, chan 1 => avg 63.080, rms  1.462, min 58, max 100
faMeasureChannelPedestal: slot 7, chan 2 => avg 124.337, rms  1.367, min 120, max 131
faMeasureChannelPedestal: slot 7, chan 3 => avg 84.045, rms  1.263, min 76, max 92
faMeasureChannelPedestal: slot 7, chan 4 => avg 108.587, rms  1.290, min 104, max 113
faMeasureChannelPedestal: slot 7, chan 5 => avg 142.009, rms  1.351, min 137, max 148
faMeasureChannelPedestal: slot 7, chan 6 => avg 92.102, rms  1.336, min 87, max 97
faMeasureChannelPedestal: slot 7, chan 7 => avg 90.000, rms  1.184, min 86, max 95
faMeasureChannelPedestal: slot 7, chan 8 => avg 75.095, rms  1.249, min 71, max 80
faMeasureChannelPedestal: slot 7, chan 9 => avg 95.020, rms  1.171, min 91, max 100
faMeasureChannelPedestal: slot 7, chan 10 => avg 85.533, rms  1.253, min 81, max 90
faMeasureChannelPedestal: slot 7, chan 11 => avg 54.317, rms  1.196, min 50, max 60
faMeasureChannelPedestal: slot 7, chan 12 => avg 95.914, rms  1.165, min 91, max 100
faMeasureChannelPedestal: slot 7, chan 13 => avg 89.252, rms  1.112, min 86, max 93
faMeasureChannelPedestal: slot 7, chan 14 => avg 74.531, rms  2.111, min 70, max 169
faMeasureChannelPedestal: slot 7, chan 15 => avg 109.593, rms  1.168, min 106, max 120
faMeasureChannelPedestal: slot 8, chan 0 => avg 109.049, rms  1.517, min 105, max 149
faMeasureChannelPedestal: slot 8, chan 1 => avg 76.557, rms  1.216, min 72, max 81
faMeasureChannelPedestal: slot 8, chan 2 => avg 104.379, rms  1.188, min 100, max 109
faMeasureChannelPedestal: slot 8, chan 3 => avg 124.240, rms  1.200, min 120, max 129
faMeasureChannelPedestal: slot 8, chan 4 => avg 112.125, rms  1.346, min 108, max 117
faMeasureChannelPedestal: slot 8, chan 5 => avg 109.320, rms  1.307, min 105, max 113
faMeasureChannelPedestal: slot 8, chan 6 => avg 104.456, rms  1.356, min 99, max 110
faMeasureChannelPedestal: slot 8, chan 7 => avg 104.200, rms  1.563, min 99, max 109
faMeasureChannelPedestal: slot 8, chan 8 => avg 87.952, rms  1.313, min 83, max 93
faMeasureChannelPedestal: slot 8, chan 9 => avg 138.736, rms  1.299, min 134, max 143
faMeasureChannelPedestal: slot 8, chan 10 => avg 117.952, rms  1.298, min 114, max 124
faMeasureChannelPedestal: slot 8, chan 11 => avg 118.077, rms  1.191, min 114, max 122
faMeasureChannelPedestal: slot 8, chan 12 => avg 103.576, rms  1.526, min 99, max 160
faMeasureChannelPedestal: slot 8, chan 13 => avg 116.222, rms  1.146, min 112, max 120
faMeasureChannelPedestal: slot 8, chan 14 => avg 83.952, rms  1.267, min 79, max 88
faMeasureChannelPedestal: slot 8, chan 15 => avg 101.196, rms  1.257, min 95, max 107
faMeasureChannelPedestal: slot 9, chan 0 => avg 82.256, rms  1.228, min 78, max 87
faMeasureChannelPedestal: slot 9, chan 1 => avg 101.717, rms  1.272, min 97, max 106
faMeasureChannelPedestal: slot 9, chan 2 => avg 113.933, rms  1.451, min 109, max 119
faMeasureChannelPedestal: slot 9, chan 3 => avg 69.560, rms  1.319, min 65, max 74
faMeasureChannelPedestal: slot 9, chan 4 => avg 66.334, rms  1.402, min 60, max 73
faMeasureChannelPedestal: slot 9, chan 5 => avg 96.755, rms  1.308, min 92, max 101
faMeasureChannelPedestal: slot 9, chan 6 => avg 89.928, rms  1.389, min 85, max 96
faMeasureChannelPedestal: slot 9, chan 7 => avg 63.976, rms  1.320, min 60, max 70
faMeasureChannelPedestal: slot 9, chan 8 => avg 91.543, rms  1.129, min 87, max 95
faMeasureChannelPedestal: slot 9, chan 9 => avg 90.520, rms  1.381, min 86, max 96
faMeasureChannelPedestal: slot 9, chan 10 => avg 118.507, rms  1.297, min 114, max 123
faMeasureChannelPedestal: slot 9, chan 11 => avg 79.654, rms  1.320, min 75, max 84
faMeasureChannelPedestal: slot 9, chan 12 => avg 116.901, rms  1.480, min 112, max 121
faMeasureChannelPedestal: slot 9, chan 13 => avg 63.754, rms  1.193, min 60, max 68
faMeasureChannelPedestal: slot 9, chan 14 => avg 88.663, rms  1.187, min 84, max 93
faMeasureChannelPedestal: slot 9, chan 15 => avg 140.946, rms  1.427, min 136, max 146
faMeasureChannelPedestal: slot 10, chan 0 => avg 99.308, rms  1.271, min 95, max 104
faMeasureChannelPedestal: slot 10, chan 1 => avg 99.170, rms  1.285, min 94, max 105
faMeasureChannelPedestal: slot 10, chan 2 => avg 123.673, rms  1.248, min 117, max 130
faMeasureChannelPedestal: slot 10, chan 3 => avg 113.225, rms  1.284, min 108, max 118
faMeasureChannelPedestal: slot 10, chan 4 => avg 100.674, rms  1.365, min 94, max 109
faMeasureChannelPedestal: slot 10, chan 5 => avg 116.875, rms  1.446, min 109, max 123
faMeasureChannelPedestal: slot 10, chan 6 => avg 116.890, rms  1.313, min 111, max 122
faMeasureChannelPedestal: slot 10, chan 7 => avg 112.474, rms  1.381, min 107, max 118
faMeasureChannelPedestal: slot 10, chan 8 => avg 99.165, rms  1.340, min 93, max 106
faMeasureChannelPedestal: slot 10, chan 9 => avg 106.910, rms  1.341, min 102, max 112
faMeasureChannelPedestal: slot 10, chan 10 => avg 119.008, rms  1.380, min 115, max 125
faMeasureChannelPedestal: slot 10, chan 11 => avg 112.644, rms  1.281, min 107, max 118
faMeasureChannelPedestal: slot 10, chan 12 => avg 122.922, rms  1.200, min 119, max 127
faMeasureChannelPedestal: slot 10, chan 13 => avg 127.507, rms  1.308, min 123, max 132
faMeasureChannelPedestal: slot 10, chan 14 => avg 117.724, rms  1.268, min 113, max 122
faMeasureChannelPedestal: slot 10, chan 15 => avg 115.597, rms  1.281, min 110, max 138
faMeasureChannelPedestal: slot 13, chan 0 => avg 96.256, rms  1.232, min 91, max 103
faMeasureChannelPedestal: slot 13, chan 1 => avg 117.887, rms  1.282, min 113, max 124
faMeasureChannelPedestal: slot 13, chan 2 => avg 132.053, rms  1.219, min 128, max 136
faMeasureChannelPedestal: slot 13, chan 3 => avg 96.137, rms  1.217, min 92, max 101
faMeasureChannelPedestal: slot 13, chan 4 => avg 85.367, rms  1.387, min 80, max 90
faMeasureChannelPedestal: slot 13, chan 5 => avg 108.727, rms  1.453, min 101, max 114
faMeasureChannelPedestal: slot 13, chan 6 => avg 119.030, rms  1.577, min 113, max 124
faMeasureChannelPedestal: slot 13, chan 7 => avg 135.942, rms  1.379, min 131, max 141
faMeasureChannelPedestal: slot 13, chan 8 => avg 148.260, rms  1.217, min 144, max 153
faMeasureChannelPedestal: slot 13, chan 9 => avg 107.713, rms  1.353, min 100, max 114
faMeasureChannelPedestal: slot 13, chan 10 => avg 83.902, rms  1.265, min 79, max 88
faMeasureChannelPedestal: slot 13, chan 11 => avg 119.213, rms  1.343, min 113, max 126
faMeasureChannelPedestal: slot 13, chan 12 => avg 159.221, rms  1.446, min 154, max 164
faMeasureChannelPedestal: slot 13, chan 13 => avg 89.368, rms  1.301, min 83, max 94
faMeasureChannelPedestal: slot 13, chan 14 => avg 114.566, rms  1.336, min 107, max 120
faMeasureChannelPedestal: slot 13, chan 15 => avg 153.499, rms  1.334, min 149, max 158
faMeasureChannelPedestal: slot 14, chan 0 => avg 49.114, rms  1.233, min 45, max 54
faMeasureChannelPedestal: slot 14, chan 1 => avg 77.903, rms  1.263, min 73, max 82
faMeasureChannelPedestal: slot 14, chan 2 => avg 89.961, rms  1.214, min 86, max 94
faMeasureChannelPedestal: slot 14, chan 3 => avg 89.364, rms  1.134, min 85, max 94
faMeasureChannelPedestal: slot 14, chan 4 => avg 106.951, rms  1.259, min 103, max 112
faMeasureChannelPedestal: slot 14, chan 5 => avg 89.749, rms  1.255, min 85, max 95
faMeasureChannelPedestal: slot 14, chan 6 => avg 71.441, rms  1.436, min 66, max 112
faMeasureChannelPedestal: slot 14, chan 7 => avg 104.230, rms  1.244, min 99, max 108
faMeasureChannelPedestal: slot 14, chan 8 => avg 122.387, rms  1.274, min 118, max 127
faMeasureChannelPedestal: slot 14, chan 9 => avg 116.620, rms  1.223, min 112, max 121
faMeasureChannelPedestal: slot 14, chan 10 => avg 73.311, rms  1.318, min 68, max 78
faMeasureChannelPedestal: slot 14, chan 11 => avg 97.100, rms  1.180, min 89, max 105
faMeasureChannelPedestal: slot 14, chan 12 => avg 49.432, rms  1.409, min 43, max 56
faMeasureChannelPedestal: slot 14, chan 13 => avg 76.783, rms  1.274, min 71, max 82
faMeasureChannelPedestal: slot 14, chan 14 => avg 101.322, rms  1.241, min 97, max 105
faMeasureChannelPedestal: slot 14, chan 15 => avg 100.928, rms  1.173, min 97, max 105
faMeasureChannelPedestal: slot 15, chan 0 => avg 94.311, rms  1.167, min 91, max 99
faMeasureChannelPedestal: slot 15, chan 1 => avg 113.804, rms  1.191, min 110, max 119
faMeasureChannelPedestal: slot 15, chan 2 => avg 98.315, rms  1.243, min 94, max 103
faMeasureChannelPedestal: slot 15, chan 3 => avg 99.523, rms  1.311, min 93, max 107
faMeasureChannelPedestal: slot 15, chan 4 => avg 71.157, rms  1.381, min 67, max 77
faMeasureChannelPedestal: slot 15, chan 5 => avg 134.926, rms  1.198, min 131, max 139
faMeasureChannelPedestal: slot 15, chan 6 => avg 74.087, rms  1.256, min 70, max 78
faMeasureChannelPedestal: slot 15, chan 7 => avg 97.448, rms  1.290, min 93, max 102
faMeasureChannelPedestal: slot 15, chan 8 => avg 73.040, rms  1.365, min 68, max 78
faMeasureChannelPedestal: slot 15, chan 9 => avg 92.100, rms  1.239, min 86, max 96
faMeasureChannelPedestal: slot 15, chan 10 => avg 102.077, rms  1.255, min 98, max 107
faMeasureChannelPedestal: slot 15, chan 11 => avg 89.846, rms  1.167, min 85, max 94
faMeasureChannelPedestal: slot 15, chan 12 => avg 67.893, rms  1.173, min 64, max 72
faMeasureChannelPedestal: slot 15, chan 13 => avg 88.415, rms  1.160, min 85, max 92
faMeasureChannelPedestal: slot 15, chan 14 => avg 106.358, rms  1.189, min 102, max 110
faMeasureChannelPedestal: slot 15, chan 15 => avg 106.060, rms  1.201, min 102, max 110
faMeasureChannelPedestal: slot 16, chan 0 => avg 139.082, rms  1.616, min 134, max 145
faMeasureChannelPedestal: slot 16, chan 1 => avg 88.918, rms  1.350, min 85, max 94
faMeasureChannelPedestal: slot 16, chan 2 => avg 94.511, rms  1.258, min 90, max 112
faMeasureChannelPedestal: slot 16, chan 3 => avg 59.632, rms  1.192, min 56, max 64
faMeasureChannelPedestal: slot 16, chan 4 => avg 105.601, rms  1.304, min 100, max 111
faMeasureChannelPedestal: slot 16, chan 5 => avg 115.899, rms  1.274, min 111, max 120
faMeasureChannelPedestal: slot 16, chan 6 => avg 111.956, rms  1.377, min 107, max 116
faMeasureChannelPedestal: slot 16, chan 7 => avg 113.870, rms  1.424, min 109, max 119
faMeasureChannelPedestal: slot 16, chan 8 => avg 71.112, rms  1.303, min 65, max 76
faMeasureChannelPedestal: slot 16, chan 9 => avg 117.205, rms  1.355, min 112, max 122
faMeasureChannelPedestal: slot 16, chan 10 => avg 107.954, rms  1.381, min 103, max 113
faMeasureChannelPedestal: slot 16, chan 11 => avg 80.549, rms  1.291, min 76, max 85
faMeasureChannelPedestal: slot 16, chan 12 => avg 104.349, rms  1.224, min 100, max 109
faMeasureChannelPedestal: slot 16, chan 13 => avg 94.518, rms  1.163, min 90, max 98
faMeasureChannelPedestal: slot 16, chan 14 => avg 111.584, rms  1.111, min 107, max 116
faMeasureChannelPedestal: slot 16, chan 15 => avg 84.862, rms  1.208, min 81, max 89
faMeasureChannelPedestal: slot 17, chan 0 => avg 88.373, rms  1.200, min 85, max 93
faMeasureChannelPedestal: slot 17, chan 1 => avg 105.690, rms  1.207, min 102, max 110
faMeasureChannelPedestal: slot 17, chan 2 => avg 104.645, rms  1.174, min 100, max 109
faMeasureChannelPedestal: slot 17, chan 3 => avg 104.232, rms  1.432, min 99, max 135
faMeasureChannelPedestal: slot 17, chan 4 => avg 119.312, rms  1.249, min 115, max 124
faMeasureChannelPedestal: slot 17, chan 5 => avg 103.313, rms  1.377, min 98, max 107
faMeasureChannelPedestal: slot 17, chan 6 => avg 112.411, rms  1.252, min 108, max 117
faMeasureChannelPedestal: slot 17, chan 7 => avg 94.698, rms  1.294, min 90, max 99
faMeasureChannelPedestal: slot 17, chan 8 => avg 93.139, rms  1.306, min 87, max 99
faMeasureChannelPedestal: slot 17, chan 9 => avg 102.545, rms  1.437, min 97, max 107
faMeasureChannelPedestal: slot 17, chan 10 => avg 156.540, rms  1.400, min 152, max 162
faMeasureChannelPedestal: slot 17, chan 11 => avg 101.833, rms  1.302, min 97, max 107
faMeasureChannelPedestal: slot 17, chan 12 => avg 142.336, rms  1.243, min 138, max 147
faMeasureChannelPedestal: slot 17, chan 13 => avg 105.809, rms  1.233, min 100, max 113
faMeasureChannelPedestal: slot 17, chan 14 => avg 108.252, rms  1.209, min 103, max 112
faMeasureChannelPedestal: slot 17, chan 15 => avg 116.182, rms  1.162, min 111, max 120
faMeasureChannelPedestal: slot 18, chan 0 => avg 101.194, rms  1.251, min 97, max 106
faMeasureChannelPedestal: slot 18, chan 1 => avg 103.317, rms  1.221, min 99, max 108
faMeasureChannelPedestal: slot 18, chan 2 => avg 108.270, rms  1.355, min 100, max 116
faMeasureChannelPedestal: slot 18, chan 3 => avg 109.798, rms  1.187, min 106, max 115
faMeasureChannelPedestal: slot 18, chan 4 => avg 88.015, rms  1.322, min 83, max 92
faMeasureChannelPedestal: slot 18, chan 5 => avg 93.651, rms  1.412, min 89, max 99
faMeasureChannelPedestal: slot 18, chan 6 => avg 94.886, rms  1.459, min 90, max 100
faMeasureChannelPedestal: slot 18, chan 7 => avg 119.167, rms  1.467, min 113, max 124
faMeasureChannelPedestal: slot 18, chan 8 => avg 87.469, rms  1.330, min 83, max 93
faMeasureChannelPedestal: slot 18, chan 9 => avg 86.977, rms  1.235, min 83, max 92
faMeasureChannelPedestal: slot 18, chan 10 => avg 100.479, rms  1.321, min 95, max 105
faMeasureChannelPedestal: slot 18, chan 11 => avg 86.603, rms  1.181, min 82, max 91
faMeasureChannelPedestal: slot 18, chan 12 => avg 199.976, rms  1.259, min 196, max 204
faMeasureChannelPedestal: slot 18, chan 13 => avg 214.076, rms  1.137, min 210, max 218
faMeasureChannelPedestal: slot 18, chan 14 => avg 191.994, rms  1.283, min 188, max 197
faMeasureChannelPedestal: slot 18, chan 15 => avg 180.868, rms  1.202, min 177, max 185
jlabgefCloseDefaultWindows reached
Closing A16 Window
Closing A24 Window
Closing A32Blt Window
Closing A32 Window
Closing CRCSR Window
Calling gefVmeClose
