
JLAB fadc pedestal measurement on host adcecal6
----------------------------
Opening CRCSR Window (opened at [0xb6f96000,0xb7f96000])
Opening A32 Window (opened at [0xb6f86000,0xb6f96000])
Opening A32Blt Window (opened at [0xacf86000,0xb6f86000])
Opening A24 Window (opened at [0xabf86000,0xacf86000])
Opening A16 Window (opened at [0xabf76000,0xabf86000])
jlabgefMapTsi: Tempe Chip Userspace map successful
VME Bus Error IRQ Disabled
vmeBusCreateLockShm: vmeBus shared memory mutex initialized
Initialized FADC  0  Slot #  3 at address 0xac106000 (0x00180000) 
Initialized FADC  1  Slot #  4 at address 0xac186000 (0x00200000) 
Initialized FADC  2  Slot #  5 at address 0xac206000 (0x00280000) 
Initialized FADC  3  Slot #  6 at address 0xac286000 (0x00300000) 
Initialized FADC  4  Slot #  7 at address 0xac306000 (0x00380000) 
Initialized FADC  5  Slot #  8 at address 0xac386000 (0x00400000) 
Initialized FADC  6  Slot #  9 at address 0xac406000 (0x00480000) 
Initialized FADC  7  Slot # 10 at address 0xac486000 (0x00500000) 
jlabgefMemProbe: Clearing VME BERR/2eST (0x800cf900) at VME address 0x580000
jlabgefMemProbe: Clearing VME BERR/2eST (0x800cf900) at VME address 0x600000
Initialized FADC  8  Slot # 13 at address 0xac606000 (0x00680000) 
Initialized FADC  9  Slot # 14 at address 0xac686000 (0x00700000) 
Initialized FADC 10  Slot # 15 at address 0xac706000 (0x00780000) 
Initialized FADC 11  Slot # 16 at address 0xac786000 (0x00800000) 
Initialized FADC 12  Slot # 17 at address 0xac806000 (0x00880000) 
Initialized FADC 13  Slot # 18 at address 0xac886000 (0x00900000) 
Initialized FADC 14  Slot # 19 at address 0xac906000 (0x00980000) 
Initialized FADC 15  Slot # 20 at address 0xac986000 (0x00a00000) 
faInit: Enabling FADC Internal Clock, and VXS Triggers (VXS Sync Reset)
faInit: 16 FADC(s) successfully initialized
fadc250Config: nfadc=16
fadc250InitGlobals reached

NOTE: use EXPID=>clasdev< from environment

ReadConfigFile: Using configuration file >/usr/clas12/release/1.3.2/parms/fadc250/adcecal6.cnf<

ReadConfigFile: crate = all  host = adcecal6 - activated

ReadConfigFile: crate = end  host = adcecal6 - disactivated


fadc250DownloadAll reached, nfadc=16
faSetCompression: id=3 opt=0
faSetCompression: read ctrl2=0x00000000
faSetCompression: masked ctrl2=0x00000000
faSetCompression: doing nothing
faSetCompression: writing ctrl2=0x00000000
faSetCompression: id=4 opt=0
faSetCompression: read ctrl2=0x00000000
faSetCompression: masked ctrl2=0x00000000
faSetCompression: doing nothing
faSetCompression: writing ctrl2=0x00000000
faSetCompression: id=5 opt=0
faSetCompression: read ctrl2=0x00000000
faSetCompression: masked ctrl2=0x00000000
faSetCompression: doing nothing
faSetCompression: writing ctrl2=0x00000000
faSetCompression: id=6 opt=0
faSetCompression: read ctrl2=0x00000000
faSetCompression: masked ctrl2=0x00000000
faSetCompression: doing nothing
faSetCompression: writing ctrl2=0x00000000
faSetCompression: id=7 opt=0
faSetCompression: read ctrl2=0x00000000
faSetCompression: masked ctrl2=0x00000000
faSetCompression: doing nothing
faSetCompression: writing ctrl2=0x00000000
faSetCompression: id=8 opt=0
faSetCompression: read ctrl2=0x00000000
faSetCompression: masked ctrl2=0x00000000
faSetCompression: doing nothing
faSetCompression: writing ctrl2=0x00000000
faSetCompression: id=9 opt=0
faSetCompression: read ctrl2=0x00000000
faSetCompression: masked ctrl2=0x00000000
faSetCompression: doing nothing
faSetCompression: writing ctrl2=0x00000000
faSetCompression: id=10 opt=0
faSetCompression: read ctrl2=0x00000000
faSetCompression: masked ctrl2=0x00000000
faSetCompression: doing nothing
faSetCompression: writing ctrl2=0x00000000
faSetCompression: id=13 opt=0
faSetCompression: read ctrl2=0x00000000
faSetCompression: masked ctrl2=0x00000000
faSetCompression: doing nothing
faSetCompression: writing ctrl2=0x00000000
faSetCompression: id=14 opt=0
faSetCompression: read ctrl2=0x00000000
faSetCompression: masked ctrl2=0x00000000
faSetCompression: doing nothing
faSetCompression: writing ctrl2=0x00000000
faSetCompression: id=15 opt=0
faSetCompression: read ctrl2=0x00000000
faSetCompression: masked ctrl2=0x00000000
faSetCompression: doing nothing
faSetCompression: writing ctrl2=0x00000000
faSetCompression: id=16 opt=0
faSetCompression: read ctrl2=0x00000000
faSetCompression: masked ctrl2=0x00000000
faSetCompression: doing nothing
faSetCompression: writing ctrl2=0x00000000
faSetCompression: id=17 opt=0
faSetCompression: read ctrl2=0x00000000
faSetCompression: masked ctrl2=0x00000000
faSetCompression: doing nothing
faSetCompression: writing ctrl2=0x00000000
faSetCompression: id=18 opt=0
faSetCompression: read ctrl2=0x00000000
faSetCompression: masked ctrl2=0x00000000
faSetCompression: doing nothing
faSetCompression: writing ctrl2=0x00000000
faSetCompression: id=19 opt=0
faSetCompression: read ctrl2=0x00000000
faSetCompression: masked ctrl2=0x00000000
faSetCompression: doing nothing
faSetCompression: writing ctrl2=0x00000000
faSetCompression: id=20 opt=0
faSetCompression: read ctrl2=0x00000000
faSetCompression: masked ctrl2=0x00000000
faSetCompression: doing nothing
faSetCompression: writing ctrl2=0x00000000
faMeasureChannelPedestal: slot 3, chan 0 => avg 110.428, rms  1.187, min 106, max 115
faMeasureChannelPedestal: slot 3, chan 1 => avg 130.082, rms  1.282, min 126, max 134
faMeasureChannelPedestal: slot 3, chan 2 => avg 117.215, rms  1.249, min 112, max 121
faMeasureChannelPedestal: slot 3, chan 3 => avg 137.111, rms  1.330, min 132, max 142
faMeasureChannelPedestal: slot 3, chan 4 => avg 128.216, rms  1.366, min 123, max 134
faMeasureChannelPedestal: slot 3, chan 5 => avg 195.520, rms  1.288, min 190, max 200
faMeasureChannelPedestal: slot 3, chan 6 => avg 139.937, rms  1.305, min 135, max 144
faMeasureChannelPedestal: slot 3, chan 7 => avg 110.994, rms  1.438, min 106, max 116
faMeasureChannelPedestal: slot 3, chan 8 => avg 83.067, rms  1.230, min 79, max 88
faMeasureChannelPedestal: slot 3, chan 9 => avg 123.441, rms  1.301, min 118, max 128
faMeasureChannelPedestal: slot 3, chan 10 => avg 131.762, rms  1.300, min 127, max 137
faMeasureChannelPedestal: slot 3, chan 11 => avg 129.418, rms  1.212, min 125, max 133
faMeasureChannelPedestal: slot 3, chan 12 => avg 158.598, rms  1.161, min 155, max 163
faMeasureChannelPedestal: slot 3, chan 13 => avg 135.553, rms  1.227, min 131, max 141
faMeasureChannelPedestal: slot 3, chan 14 => avg 146.437, rms  1.264, min 142, max 151
faMeasureChannelPedestal: slot 3, chan 15 => avg 167.140, rms  1.277, min 163, max 172
faMeasureChannelPedestal: slot 4, chan 0 => avg 148.321, rms  1.198, min 144, max 153
faMeasureChannelPedestal: slot 4, chan 1 => avg 148.804, rms  1.352, min 145, max 154
faMeasureChannelPedestal: slot 4, chan 2 => avg 105.401, rms  1.221, min 100, max 110
faMeasureChannelPedestal: slot 4, chan 3 => avg 122.827, rms  1.176, min 119, max 127
faMeasureChannelPedestal: slot 4, chan 4 => avg 139.915, rms  1.444, min 134, max 145
faMeasureChannelPedestal: slot 4, chan 5 => avg 99.143, rms  1.182, min 95, max 103
faMeasureChannelPedestal: slot 4, chan 6 => avg 101.980, rms  1.201, min 98, max 106
faMeasureChannelPedestal: slot 4, chan 7 => avg 122.569, rms  1.374, min 117, max 128
faMeasureChannelPedestal: slot 4, chan 8 => avg 135.637, rms  1.293, min 131, max 141
faMeasureChannelPedestal: slot 4, chan 9 => avg 113.943, rms  1.157, min 110, max 118
faMeasureChannelPedestal: slot 4, chan 10 => avg 124.077, rms  1.231, min 120, max 128
faMeasureChannelPedestal: slot 4, chan 11 => avg 132.540, rms  1.229, min 128, max 137
faMeasureChannelPedestal: slot 4, chan 12 => avg 123.123, rms  1.244, min 118, max 128
faMeasureChannelPedestal: slot 4, chan 13 => avg 126.866, rms  1.251, min 122, max 131
faMeasureChannelPedestal: slot 4, chan 14 => avg 105.338, rms  1.197, min 101, max 110
faMeasureChannelPedestal: slot 4, chan 15 => avg 116.040, rms  1.186, min 111, max 120
faMeasureChannelPedestal: slot 5, chan 0 => avg 114.646, rms  1.235, min 110, max 120
faMeasureChannelPedestal: slot 5, chan 1 => avg 118.550, rms  1.260, min 114, max 123
faMeasureChannelPedestal: slot 5, chan 2 => avg 102.829, rms  1.863, min 97, max 159
faMeasureChannelPedestal: slot 5, chan 3 => avg 122.200, rms  2.382, min 117, max 164
faMeasureChannelPedestal: slot 5, chan 4 => avg 157.232, rms  1.400, min 152, max 162
faMeasureChannelPedestal: slot 5, chan 5 => avg 108.801, rms  1.549, min 104, max 155
faMeasureChannelPedestal: slot 5, chan 6 => avg 138.944, rms  1.386, min 133, max 144
faMeasureChannelPedestal: slot 5, chan 7 => avg 69.357, rms  1.401, min 64, max 74
faMeasureChannelPedestal: slot 5, chan 8 => avg 133.878, rms  1.316, min 130, max 138
faMeasureChannelPedestal: slot 5, chan 9 => avg 119.449, rms  1.422, min 114, max 124
faMeasureChannelPedestal: slot 5, chan 10 => avg 100.708, rms  1.249, min 96, max 105
faMeasureChannelPedestal: slot 5, chan 11 => avg 106.361, rms  1.231, min 102, max 111
faMeasureChannelPedestal: slot 5, chan 12 => avg 125.745, rms  1.229, min 122, max 130
faMeasureChannelPedestal: slot 5, chan 13 => avg 135.300, rms  1.426, min 130, max 140
faMeasureChannelPedestal: slot 5, chan 14 => avg 121.028, rms  1.262, min 116, max 125
faMeasureChannelPedestal: slot 5, chan 15 => avg 127.926, rms  1.241, min 124, max 132
faMeasureChannelPedestal: slot 6, chan 0 => avg 101.530, rms  1.199, min 97, max 106
faMeasureChannelPedestal: slot 6, chan 1 => avg 58.097, rms  1.187, min 54, max 63
faMeasureChannelPedestal: slot 6, chan 2 => avg 71.370, rms  1.250, min 67, max 76
faMeasureChannelPedestal: slot 6, chan 3 => avg 115.057, rms  1.230, min 110, max 119
faMeasureChannelPedestal: slot 6, chan 4 => avg 92.960, rms  1.410, min 87, max 98
faMeasureChannelPedestal: slot 6, chan 5 => avg 118.624, rms  1.303, min 114, max 123
faMeasureChannelPedestal: slot 6, chan 6 => avg 109.402, rms  1.301, min 105, max 114
faMeasureChannelPedestal: slot 6, chan 7 => avg 110.495, rms  1.302, min 105, max 115
faMeasureChannelPedestal: slot 6, chan 8 => avg 114.034, rms  1.362, min 108, max 118
faMeasureChannelPedestal: slot 6, chan 9 => avg 84.832, rms  1.335, min 80, max 90
faMeasureChannelPedestal: slot 6, chan 10 => avg 68.583, rms  1.265, min 64, max 74
faMeasureChannelPedestal: slot 6, chan 11 => avg 79.422, rms  1.319, min 74, max 84
faMeasureChannelPedestal: slot 6, chan 12 => avg 98.446, rms  1.229, min 94, max 103
faMeasureChannelPedestal: slot 6, chan 13 => avg 98.890, rms  1.150, min 95, max 103
faMeasureChannelPedestal: slot 6, chan 14 => avg 98.416, rms  1.211, min 94, max 104
faMeasureChannelPedestal: slot 6, chan 15 => avg 93.805, rms  1.202, min 89, max 98
faMeasureChannelPedestal: slot 7, chan 0 => avg 87.133, rms  1.294, min 83, max 92
faMeasureChannelPedestal: slot 7, chan 1 => avg 116.866, rms  1.269, min 112, max 122
faMeasureChannelPedestal: slot 7, chan 2 => avg 71.365, rms  1.142, min 67, max 75
faMeasureChannelPedestal: slot 7, chan 3 => avg 92.689, rms  1.125, min 89, max 97
faMeasureChannelPedestal: slot 7, chan 4 => avg 84.475, rms  1.321, min 80, max 90
faMeasureChannelPedestal: slot 7, chan 5 => avg 121.942, rms  1.264, min 117, max 127
faMeasureChannelPedestal: slot 7, chan 6 => avg 102.985, rms  1.358, min 98, max 108
faMeasureChannelPedestal: slot 7, chan 7 => avg 68.562, rms  1.405, min 63, max 73
faMeasureChannelPedestal: slot 7, chan 8 => avg 118.265, rms  1.241, min 115, max 122
faMeasureChannelPedestal: slot 7, chan 9 => avg 148.755, rms  1.423, min 143, max 154
faMeasureChannelPedestal: slot 7, chan 10 => avg 89.377, rms  1.364, min 85, max 94
faMeasureChannelPedestal: slot 7, chan 11 => avg 88.196, rms  1.171, min 84, max 92
faMeasureChannelPedestal: slot 7, chan 12 => avg 88.163, rms  1.233, min 84, max 93
faMeasureChannelPedestal: slot 7, chan 13 => avg 121.385, rms  1.231, min 117, max 126
faMeasureChannelPedestal: slot 7, chan 14 => avg 79.562, rms  1.185, min 76, max 83
faMeasureChannelPedestal: slot 7, chan 15 => avg 100.647, rms  1.178, min 96, max 105
faMeasureChannelPedestal: slot 8, chan 0 => avg 118.732, rms  1.288, min 115, max 123
faMeasureChannelPedestal: slot 8, chan 1 => avg 90.532, rms  1.309, min 86, max 95
faMeasureChannelPedestal: slot 8, chan 2 => avg 131.563, rms  1.374, min 127, max 136
faMeasureChannelPedestal: slot 8, chan 3 => avg 85.146, rms  1.248, min 81, max 90
faMeasureChannelPedestal: slot 8, chan 4 => avg 106.932, rms  1.290, min 102, max 111
faMeasureChannelPedestal: slot 8, chan 5 => avg 107.137, rms  1.285, min 103, max 112
faMeasureChannelPedestal: slot 8, chan 6 => avg 112.154, rms  1.315, min 107, max 117
faMeasureChannelPedestal: slot 8, chan 7 => avg 99.264, rms  1.339, min 95, max 104
faMeasureChannelPedestal: slot 8, chan 8 => avg 155.894, rms  1.362, min 151, max 161
faMeasureChannelPedestal: slot 8, chan 9 => avg 98.026, rms  1.383, min 92, max 104
faMeasureChannelPedestal: slot 8, chan 10 => avg 101.236, rms  1.313, min 97, max 106
faMeasureChannelPedestal: slot 8, chan 11 => avg 128.052, rms  1.314, min 123, max 132
faMeasureChannelPedestal: slot 8, chan 12 => avg 119.308, rms  1.412, min 114, max 124
faMeasureChannelPedestal: slot 8, chan 13 => avg 94.626, rms  1.117, min 90, max 98
faMeasureChannelPedestal: slot 8, chan 14 => avg 140.244, rms  1.466, min 135, max 145
faMeasureChannelPedestal: slot 8, chan 15 => avg 90.038, rms  1.213, min 86, max 99
faMeasureChannelPedestal: slot 9, chan 0 => avg 90.090, rms  1.230, min 86, max 94
faMeasureChannelPedestal: slot 9, chan 1 => avg 99.325, rms  1.206, min 95, max 104
faMeasureChannelPedestal: slot 9, chan 2 => avg 98.615, rms  1.130, min 95, max 103
faMeasureChannelPedestal: slot 9, chan 3 => avg 94.759, rms  1.180, min 90, max 99
faMeasureChannelPedestal: slot 9, chan 4 => avg 134.278, rms  1.480, min 127, max 139
faMeasureChannelPedestal: slot 9, chan 5 => avg 74.535, rms  1.313, min 70, max 79
faMeasureChannelPedestal: slot 9, chan 6 => avg 122.943, rms  1.384, min 118, max 168
faMeasureChannelPedestal: slot 9, chan 7 => avg 94.803, rms  1.304, min 90, max 99
faMeasureChannelPedestal: slot 9, chan 8 => avg 114.115, rms  1.297, min 109, max 119
faMeasureChannelPedestal: slot 9, chan 9 => avg 116.885, rms  1.354, min 112, max 121
faMeasureChannelPedestal: slot 9, chan 10 => avg 98.373, rms  1.290, min 94, max 103
faMeasureChannelPedestal: slot 9, chan 11 => avg 107.090, rms  1.193, min 103, max 111
faMeasureChannelPedestal: slot 9, chan 12 => avg 102.330, rms  1.242, min 99, max 107
faMeasureChannelPedestal: slot 9, chan 13 => avg 72.332, rms  1.166, min 67, max 77
faMeasureChannelPedestal: slot 9, chan 14 => avg 96.643, rms  1.126, min 92, max 101
faMeasureChannelPedestal: slot 9, chan 15 => avg 114.436, rms  1.143, min 110, max 119
faMeasureChannelPedestal: slot 10, chan 0 => avg 131.336, rms  1.226, min 127, max 136
faMeasureChannelPedestal: slot 10, chan 1 => avg 123.029, rms  1.271, min 119, max 128
faMeasureChannelPedestal: slot 10, chan 2 => avg 134.404, rms  1.315, min 130, max 140
faMeasureChannelPedestal: slot 10, chan 3 => avg 71.533, rms  1.174, min 68, max 76
faMeasureChannelPedestal: slot 10, chan 4 => avg 131.253, rms  1.315, min 125, max 136
faMeasureChannelPedestal: slot 10, chan 5 => avg 136.019, rms  1.334, min 131, max 140
faMeasureChannelPedestal: slot 10, chan 6 => avg 106.097, rms  1.301, min 102, max 111
faMeasureChannelPedestal: slot 10, chan 7 => avg 151.051, rms  1.318, min 146, max 156
faMeasureChannelPedestal: slot 10, chan 8 => avg 113.538, rms  1.319, min 109, max 118
faMeasureChannelPedestal: slot 10, chan 9 => avg 139.622, rms  1.260, min 135, max 144
faMeasureChannelPedestal: slot 10, chan 10 => avg 136.276, rms  1.278, min 132, max 140
faMeasureChannelPedestal: slot 10, chan 11 => avg 155.023, rms  1.094, min 151, max 159
faMeasureChannelPedestal: slot 10, chan 12 => avg 109.508, rms  1.179, min 106, max 114
faMeasureChannelPedestal: slot 10, chan 13 => avg 139.256, rms  1.217, min 134, max 143
faMeasureChannelPedestal: slot 10, chan 14 => avg 118.563, rms  1.199, min 115, max 122
faMeasureChannelPedestal: slot 10, chan 15 => avg 118.479, rms  1.191, min 114, max 123
faMeasureChannelPedestal: slot 13, chan 0 => avg 109.704, rms  1.244, min 106, max 114
faMeasureChannelPedestal: slot 13, chan 1 => avg 111.214, rms  1.278, min 106, max 116
faMeasureChannelPedestal: slot 13, chan 2 => avg 145.142, rms  1.295, min 141, max 149
faMeasureChannelPedestal: slot 13, chan 3 => avg 128.895, rms  1.288, min 124, max 133
faMeasureChannelPedestal: slot 13, chan 4 => avg 96.926, rms  1.362, min 92, max 101
faMeasureChannelPedestal: slot 13, chan 5 => avg 146.165, rms  1.254, min 142, max 151
faMeasureChannelPedestal: slot 13, chan 6 => avg 139.129, rms  1.325, min 134, max 144
faMeasureChannelPedestal: slot 13, chan 7 => avg 77.934, rms  1.357, min 72, max 82
faMeasureChannelPedestal: slot 13, chan 8 => avg 108.504, rms  1.331, min 104, max 113
faMeasureChannelPedestal: slot 13, chan 9 => avg 110.479, rms  1.270, min 105, max 116
faMeasureChannelPedestal: slot 13, chan 10 => avg 133.070, rms  1.308, min 128, max 139
faMeasureChannelPedestal: slot 13, chan 11 => avg 66.787, rms  1.195, min 62, max 71
faMeasureChannelPedestal: slot 13, chan 12 => avg 123.931, rms  1.232, min 119, max 128
faMeasureChannelPedestal: slot 13, chan 13 => avg 120.013, rms  1.302, min 116, max 146
faMeasureChannelPedestal: slot 13, chan 14 => avg 103.627, rms  1.269, min 99, max 108
faMeasureChannelPedestal: slot 13, chan 15 => avg 106.459, rms  1.165, min 102, max 111
faMeasureChannelPedestal: slot 14, chan 0 => avg 130.228, rms  1.366, min 125, max 135
faMeasureChannelPedestal: slot 14, chan 1 => avg 102.557, rms  1.276, min 98, max 107
faMeasureChannelPedestal: slot 14, chan 2 => avg 118.228, rms  1.202, min 114, max 123
faMeasureChannelPedestal: slot 14, chan 3 => avg 102.986, rms  1.217, min 99, max 107
faMeasureChannelPedestal: slot 14, chan 4 => avg 102.016, rms  1.265, min 97, max 106
faMeasureChannelPedestal: slot 14, chan 5 => avg 107.604, rms  1.256, min 103, max 112
faMeasureChannelPedestal: slot 14, chan 6 => avg 126.080, rms  1.278, min 121, max 131
faMeasureChannelPedestal: slot 14, chan 7 => avg 101.425, rms  1.338, min 97, max 106
faMeasureChannelPedestal: slot 14, chan 8 => avg 120.378, rms  1.295, min 116, max 125
faMeasureChannelPedestal: slot 14, chan 9 => avg 80.706, rms  1.254, min 76, max 86
faMeasureChannelPedestal: slot 14, chan 10 => avg 122.088, rms  1.363, min 115, max 128
faMeasureChannelPedestal: slot 14, chan 11 => avg 85.518, rms  1.219, min 81, max 90
faMeasureChannelPedestal: slot 14, chan 12 => avg 139.311, rms  1.441, min 133, max 146
faMeasureChannelPedestal: slot 14, chan 13 => avg 110.192, rms  1.239, min 105, max 116
faMeasureChannelPedestal: slot 14, chan 14 => avg 105.931, rms  1.186, min 102, max 110
faMeasureChannelPedestal: slot 14, chan 15 => avg 89.754, rms  1.173, min 86, max 94
faMeasureChannelPedestal: slot 15, chan 0 => avg 100.805, rms  1.137, min 96, max 105
faMeasureChannelPedestal: slot 15, chan 1 => avg 83.283, rms  1.188, min 79, max 88
faMeasureChannelPedestal: slot 15, chan 2 => avg 119.549, rms  1.359, min 113, max 125
faMeasureChannelPedestal: slot 15, chan 3 => avg 75.470, rms  1.174, min 71, max 79
faMeasureChannelPedestal: slot 15, chan 4 => avg 90.751, rms  1.417, min 82, max 102
faMeasureChannelPedestal: slot 15, chan 5 => avg 84.509, rms  1.263, min 80, max 89
faMeasureChannelPedestal: slot 15, chan 6 => avg 113.874, rms  1.208, min 110, max 119
faMeasureChannelPedestal: slot 15, chan 7 => avg 130.221, rms  1.401, min 123, max 136
faMeasureChannelPedestal: slot 15, chan 8 => avg 117.117, rms  1.297, min 113, max 122
faMeasureChannelPedestal: slot 15, chan 9 => avg 100.751, rms  1.271, min 97, max 105
faMeasureChannelPedestal: slot 15, chan 10 => avg 92.565, rms  1.279, min 88, max 97
faMeasureChannelPedestal: slot 15, chan 11 => avg 80.054, rms  1.431, min 73, max 88
faMeasureChannelPedestal: slot 15, chan 12 => avg 122.232, rms  1.382, min 117, max 127
faMeasureChannelPedestal: slot 15, chan 13 => avg 77.406, rms  1.162, min 73, max 82
faMeasureChannelPedestal: slot 15, chan 14 => avg 123.779, rms  1.151, min 119, max 128
faMeasureChannelPedestal: slot 15, chan 15 => avg 96.390, rms  1.218, min 90, max 101
faMeasureChannelPedestal: slot 16, chan 0 => avg 140.390, rms  1.305, min 135, max 146
faMeasureChannelPedestal: slot 16, chan 1 => avg 103.935, rms  1.385, min 92, max 117
faMeasureChannelPedestal: slot 16, chan 2 => avg 109.134, rms  2.013, min 93, max 127
faMeasureChannelPedestal: slot 16, chan 3 => avg 99.515, rms  1.022, min 96, max 103
faMeasureChannelPedestal: slot 16, chan 4 => avg 89.712, rms  1.277, min 84, max 96
faMeasureChannelPedestal: slot 16, chan 5 => avg 155.512, rms  1.554, min 148, max 164
faMeasureChannelPedestal: slot 16, chan 6 => avg 135.135, rms  1.242, min 131, max 139
faMeasureChannelPedestal: slot 16, chan 7 => avg 84.430, rms  1.316, min 79, max 89
faMeasureChannelPedestal: slot 16, chan 8 => avg 136.331, rms  1.405, min 131, max 141
faMeasureChannelPedestal: slot 16, chan 9 => avg 135.070, rms  1.371, min 130, max 140
faMeasureChannelPedestal: slot 16, chan 10 => avg 106.184, rms  1.274, min 102, max 111
faMeasureChannelPedestal: slot 16, chan 11 => avg 118.015, rms  1.160, min 114, max 123
faMeasureChannelPedestal: slot 16, chan 12 => avg 135.022, rms  1.461, min 130, max 141
faMeasureChannelPedestal: slot 16, chan 13 => avg 88.911, rms  1.057, min 85, max 92
faMeasureChannelPedestal: slot 16, chan 14 => avg 113.457, rms  1.191, min 109, max 118
faMeasureChannelPedestal: slot 16, chan 15 => avg 138.345, rms  1.253, min 134, max 143
faMeasureChannelPedestal: slot 17, chan 0 => avg 113.229, rms  1.248, min 109, max 118
faMeasureChannelPedestal: slot 17, chan 1 => avg 114.485, rms  1.332, min 110, max 119
faMeasureChannelPedestal: slot 17, chan 2 => avg 150.337, rms  1.439, min 145, max 156
faMeasureChannelPedestal: slot 17, chan 3 => avg 125.288, rms  1.289, min 121, max 130
faMeasureChannelPedestal: slot 17, chan 4 => avg 125.762, rms  1.269, min 121, max 131
faMeasureChannelPedestal: slot 17, chan 5 => avg 109.068, rms  1.503, min 104, max 153
faMeasureChannelPedestal: slot 17, chan 6 => avg 144.304, rms  1.501, min 139, max 151
faMeasureChannelPedestal: slot 17, chan 7 => avg 101.231, rms  1.348, min 96, max 106
faMeasureChannelPedestal: slot 17, chan 8 => avg 83.891, rms  1.362, min 79, max 88
faMeasureChannelPedestal: slot 17, chan 9 => avg 111.487, rms  1.258, min 106, max 116
faMeasureChannelPedestal: slot 17, chan 10 => avg 119.289, rms  1.270, min 115, max 124
faMeasureChannelPedestal: slot 17, chan 11 => avg 91.991, rms  1.210, min 87, max 96
faMeasureChannelPedestal: slot 17, chan 12 => avg 105.402, rms  1.217, min 101, max 109
faMeasureChannelPedestal: slot 17, chan 13 => avg 101.073, rms  1.184, min 97, max 105
faMeasureChannelPedestal: slot 17, chan 14 => avg 115.803, rms  1.194, min 111, max 120
faMeasureChannelPedestal: slot 17, chan 15 => avg 138.343, rms  1.190, min 134, max 142
faMeasureChannelPedestal: slot 18, chan 0 => avg 126.842, rms  1.292, min 123, max 132
faMeasureChannelPedestal: slot 18, chan 1 => avg 135.523, rms  1.251, min 131, max 140
faMeasureChannelPedestal: slot 18, chan 2 => avg 125.657, rms  1.193, min 122, max 130
faMeasureChannelPedestal: slot 18, chan 3 => avg 83.252, rms  1.526, min 79, max 152
faMeasureChannelPedestal: slot 18, chan 4 => avg 93.826, rms  1.213, min 90, max 98
faMeasureChannelPedestal: slot 18, chan 5 => avg 123.860, rms  1.302, min 119, max 128
faMeasureChannelPedestal: slot 18, chan 6 => avg 100.638, rms  1.241, min 95, max 105
faMeasureChannelPedestal: slot 18, chan 7 => avg 98.877, rms  1.319, min 94, max 103
faMeasureChannelPedestal: slot 18, chan 8 => avg 99.659, rms  1.178, min 96, max 104
faMeasureChannelPedestal: slot 18, chan 9 => avg 86.843, rms  1.273, min 82, max 92
faMeasureChannelPedestal: slot 18, chan 10 => avg 106.174, rms  1.256, min 102, max 111
faMeasureChannelPedestal: slot 18, chan 11 => avg 93.279, rms  1.056, min 89, max 97
faMeasureChannelPedestal: slot 18, chan 12 => avg 193.282, rms  1.288, min 189, max 197
faMeasureChannelPedestal: slot 18, chan 13 => avg 201.255, rms  1.239, min 197, max 206
faMeasureChannelPedestal: slot 18, chan 14 => avg 181.601, rms  1.291, min 177, max 186
faMeasureChannelPedestal: slot 18, chan 15 => avg 207.993, rms  1.226, min 204, max 213
faMeasureChannelPedestal: slot 19, chan 0 => avg 170.376, rms  1.186, min 167, max 175
faMeasureChannelPedestal: slot 19, chan 1 => avg 148.004, rms  1.296, min 144, max 152
faMeasureChannelPedestal: slot 19, chan 2 => avg 186.373, rms  1.239, min 182, max 191
faMeasureChannelPedestal: slot 19, chan 3 => avg 146.048, rms  1.361, min 141, max 151
faMeasureChannelPedestal: slot 19, chan 4 => avg 147.571, rms  1.405, min 143, max 153
faMeasureChannelPedestal: slot 19, chan 5 => avg 184.525, rms  1.314, min 179, max 189
faMeasureChannelPedestal: slot 19, chan 6 => avg 167.233, rms  1.268, min 163, max 172
faMeasureChannelPedestal: slot 19, chan 7 => avg 229.191, rms  1.342, min 225, max 235
faMeasureChannelPedestal: slot 19, chan 8 => avg 147.465, rms  1.432, min 142, max 153
faMeasureChannelPedestal: slot 19, chan 9 => avg 165.987, rms  1.394, min 160, max 171
faMeasureChannelPedestal: slot 19, chan 10 => avg 163.713, rms  1.281, min 158, max 168
faMeasureChannelPedestal: slot 19, chan 11 => avg 204.323, rms  1.211, min 200, max 208
faMeasureChannelPedestal: slot 19, chan 12 => avg 182.835, rms  1.238, min 179, max 187
faMeasureChannelPedestal: slot 19, chan 13 => avg 166.438, rms  1.310, min 162, max 171
faMeasureChannelPedestal: slot 19, chan 14 => avg 169.838, rms  1.421, min 164, max 175
faMeasureChannelPedestal: slot 19, chan 15 => avg 207.781, rms  1.323, min 202, max 214
faMeasureChannelPedestal: slot 20, chan 0 => avg 200.995, rms  1.219, min 197, max 205
faMeasureChannelPedestal: slot 20, chan 1 => avg 179.760, rms  1.274, min 175, max 184
faMeasureChannelPedestal: slot 20, chan 2 => avg 208.112, rms  1.410, min 203, max 213
faMeasureChannelPedestal: slot 20, chan 3 => avg 204.139, rms  1.364, min 200, max 209
faMeasureChannelPedestal: slot 20, chan 4 => avg 168.830, rms  1.390, min 164, max 174
faMeasureChannelPedestal: slot 20, chan 5 => avg 226.161, rms  1.290, min 222, max 230
faMeasureChannelPedestal: slot 20, chan 6 => avg 215.790, rms  1.289, min 211, max 220
faMeasureChannelPedestal: slot 20, chan 7 => avg 225.108, rms  1.291, min 221, max 230
faMeasureChannelPedestal: slot 20, chan 8 => avg 224.218, rms  1.319, min 220, max 229
faMeasureChannelPedestal: slot 20, chan 9 => avg 238.023, rms  1.309, min 233, max 243
faMeasureChannelPedestal: slot 20, chan 10 => avg 204.778, rms  1.453, min 199, max 210
faMeasureChannelPedestal: slot 20, chan 11 => avg 224.519, rms  1.186, min 221, max 228
faMeasureChannelPedestal: slot 20, chan 12 => avg 195.134, rms  1.359, min 190, max 200
faMeasureChannelPedestal: slot 20, chan 13 => avg 177.471, rms  1.229, min 172, max 182
faMeasureChannelPedestal: slot 20, chan 14 => avg 191.398, rms  1.162, min 187, max 195
faMeasureChannelPedestal: slot 20, chan 15 => avg 191.454, rms  1.348, min 187, max 196
jlabgefCloseDefaultWindows reached
Closing A16 Window
Closing A24 Window
Closing A32Blt Window
Closing A32 Window
Closing CRCSR Window
Calling gefVmeClose
