
JLAB fadc pedestal measurement on host adcftof2
----------------------------
Opening CRCSR Window (opened at [0xb6ef7000,0xb7ef7000])
Opening A32 Window (opened at [0xb6ee7000,0xb6ef7000])
Opening A32Blt Window (opened at [0xacee7000,0xb6ee7000])
Opening A24 Window (opened at [0xabee7000,0xacee7000])
Opening A16 Window (opened at [0xabed7000,0xabee7000])
jlabgefMapTsi: Tempe Chip Userspace map successful
VME Bus Error IRQ Disabled
vmeBusCreateLockShm: vmeBus shared memory mutex initialized
Initialized FADC  0  Slot #  3 at address 0xac067000 (0x00180000) 
Initialized FADC  1  Slot #  4 at address 0xac0e7000 (0x00200000) 
Initialized FADC  2  Slot #  5 at address 0xac167000 (0x00280000) 
Initialized FADC  3  Slot #  6 at address 0xac1e7000 (0x00300000) 
Initialized FADC  4  Slot #  7 at address 0xac267000 (0x00380000) 
Initialized FADC  5  Slot #  8 at address 0xac2e7000 (0x00400000) 
Initialized FADC  6  Slot #  9 at address 0xac367000 (0x00480000) 
Initialized FADC  7  Slot # 10 at address 0xac3e7000 (0x00500000) 
jlabgefMemProbe: Clearing VME BERR/2eST (0x800cf900) at VME address 0x580000
jlabgefMemProbe: Clearing VME BERR/2eST (0x800cf900) at VME address 0x600000
Initialized FADC  8  Slot # 13 at address 0xac567000 (0x00680000) 
Initialized FADC  9  Slot # 14 at address 0xac5e7000 (0x00700000) 
Initialized FADC 10  Slot # 15 at address 0xac667000 (0x00780000) 
Initialized FADC 11  Slot # 16 at address 0xac6e7000 (0x00800000) 
jlabgefMemProbe: Clearing VME BERR/2eST (0x800cf900) at VME address 0x880000
jlabgefMemProbe: Clearing VME BERR/2eST (0x800cf900) at VME address 0x900000
jlabgefMemProbe: Clearing VME BERR/2eST (0x800cf900) at VME address 0x980000
jlabgefMemProbe: Clearing VME BERR/2eST (0x800cf900) at VME address 0xa00000
faInit: Enabling FADC Internal Clock, and VXS Triggers (VXS Sync Reset)
faInit: 12 FADC(s) successfully initialized
fadc250Config: nfadc=12
fadc250InitGlobals reached

NOTE: use EXPID=>clasdev< from environment

ReadConfigFile: Using configuration file >/usr/clas12/release/1.3.2/parms/fadc250/adcftof2.cnf<

ReadConfigFile: crate = all  host = adcftof2 - activated

ReadConfigFile: crate = end  host = adcftof2 - disactivated


fadc250DownloadAll reached, nfadc=12
faMeasureChannelPedestal: slot 3, chan 0 => avg 223.532, rms  1.215, min 218, max 228
faMeasureChannelPedestal: slot 3, chan 1 => avg 225.065, rms  2.660, min 218, max 309
faMeasureChannelPedestal: slot 3, chan 2 => avg 190.681, rms 10.335, min 153, max 743
faMeasureChannelPedestal: slot 3, chan 3 => avg 201.216, rms  7.326, min 176, max 594
faMeasureChannelPedestal: slot 3, chan 4 => avg 213.504, rms  8.307, min 187, max 453
faMeasureChannelPedestal: slot 3, chan 5 => avg 193.717, rms  2.190, min 189, max 239
faMeasureChannelPedestal: slot 3, chan 6 => avg 196.410, rms  7.483, min 179, max 449
faMeasureChannelPedestal: slot 3, chan 7 => avg 221.744, rms 10.814, min 188, max 718
faMeasureChannelPedestal: slot 3, chan 8 => avg 181.310, rms  6.687, min 164, max 450
faMeasureChannelPedestal: slot 3, chan 9 => avg 221.634, rms  4.543, min 214, max 334
faMeasureChannelPedestal: slot 3, chan 10 => avg 210.012, rms  8.904, min 188, max 562
faMeasureChannelPedestal: slot 3, chan 11 => avg 200.342, rms  4.998, min 183, max 385
faMeasureChannelPedestal: slot 3, chan 12 => avg 193.389, rms  3.309, min 183, max 265
faMeasureChannelPedestal: slot 3, chan 13 => avg 269.649, rms  7.793, min 253, max 510
faMeasureChannelPedestal: slot 3, chan 14 => avg 198.395, rms  4.937, min 186, max 369
faMeasureChannelPedestal: slot 3, chan 15 => avg 212.438, rms  5.705, min 202, max 455
faMeasureChannelPedestal: slot 4, chan 0 => avg 168.808, rms 15.440, min 127, max 809
faMeasureChannelPedestal: slot 4, chan 1 => avg 164.680, rms 20.812, min 102, max 1254
faMeasureChannelPedestal: slot 4, chan 2 => avg 176.293, rms 11.399, min 144, max 748
faMeasureChannelPedestal: slot 4, chan 3 => avg 200.728, rms  6.287, min 186, max 426
faMeasureChannelPedestal: slot 4, chan 4 => avg 172.709, rms  1.390, min 167, max 177
faMeasureChannelPedestal: slot 4, chan 5 => avg 162.894, rms  4.374, min 155, max 263
faMeasureChannelPedestal: slot 4, chan 6 => avg 193.847, rms  3.862, min 186, max 319
faMeasureChannelPedestal: slot 4, chan 7 => avg 151.176, rms  7.423, min 133, max 460
faMeasureChannelPedestal: slot 4, chan 8 => avg 185.174, rms  1.385, min 180, max 190
faMeasureChannelPedestal: slot 4, chan 9 => avg 205.529, rms  6.686, min 193, max 443
faMeasureChannelPedestal: slot 4, chan 10 => avg 182.933, rms  3.472, min 174, max 292
faMeasureChannelPedestal: slot 4, chan 11 => avg 141.249, rms  6.131, min 127, max 343
faMeasureChannelPedestal: slot 4, chan 12 => avg 164.152, rms  3.746, min 153, max 300
faMeasureChannelPedestal: slot 4, chan 13 => avg 191.643, rms  5.986, min 174, max 428
faMeasureChannelPedestal: slot 4, chan 14 => avg 206.606, rms 14.057, min 171, max 820
faMeasureChannelPedestal: slot 4, chan 15 => avg 209.554, rms 11.662, min 178, max 824
faMeasureChannelPedestal: slot 5, chan 0 => avg 223.487, rms  8.246, min 200, max 603
faMeasureChannelPedestal: slot 5, chan 1 => avg 205.436, rms  1.245, min 198, max 210
faMeasureChannelPedestal: slot 5, chan 2 => avg 222.004, rms  3.693, min 212, max 316
faMeasureChannelPedestal: slot 5, chan 3 => avg 208.652, rms  8.807, min 182, max 568
faMeasureChannelPedestal: slot 5, chan 4 => avg 221.453, rms  4.448, min 209, max 389
faMeasureChannelPedestal: slot 5, chan 5 => avg 228.509, rms  3.809, min 216, max 380
faMeasureChannelPedestal: slot 5, chan 6 => avg 176.763, rms 29.101, min 98, max 1499
faMeasureChannelPedestal: slot 5, chan 7 => avg 213.367, rms  3.618, min 204, max 318
faMeasureChannelPedestal: slot 5, chan 8 => avg 213.302, rms  7.798, min 198, max 392
faMeasureChannelPedestal: slot 5, chan 9 => avg 200.220, rms  6.545, min 118, max 315
faMeasureChannelPedestal: slot 5, chan 10 => avg 217.397, rms  5.703, min 206, max 347
faMeasureChannelPedestal: slot 5, chan 11 => avg 195.195, rms 10.559, min 152, max 654
faMeasureChannelPedestal: slot 5, chan 12 => avg 216.586, rms  5.831, min 200, max 398
faMeasureChannelPedestal: slot 5, chan 13 => avg 94.917, rms  1.101, min 91, max 99
faMeasureChannelPedestal: slot 5, chan 14 => avg 255.326, rms 14.445, min 213, max 905
faMeasureChannelPedestal: slot 5, chan 15 => avg 118.537, rms  1.127, min 114, max 123
faMeasureChannelPedestal: slot 6, chan 0 => avg 201.814, rms  2.944, min 195, max 264
faMeasureChannelPedestal: slot 6, chan 1 => avg 230.142, rms  6.731, min 212, max 493
faMeasureChannelPedestal: slot 6, chan 2 => avg 214.370, rms  8.057, min 189, max 621
faMeasureChannelPedestal: slot 6, chan 3 => avg 182.095, rms  2.806, min 173, max 309
faMeasureChannelPedestal: slot 6, chan 4 => avg 197.091, rms  4.461, min 187, max 327
faMeasureChannelPedestal: slot 6, chan 5 => avg 78.692, rms  1.306, min 74, max 83
faMeasureChannelPedestal: slot 6, chan 6 => avg 231.909, rms 19.766, min 169, max 1097
faMeasureChannelPedestal: slot 6, chan 7 => avg 122.692, rms  1.264, min 118, max 128
faMeasureChannelPedestal: slot 6, chan 8 => avg 225.789, rms  3.595, min 219, max 303
faMeasureChannelPedestal: slot 6, chan 9 => avg 183.583, rms 10.369, min 157, max 668
faMeasureChannelPedestal: slot 6, chan 10 => avg 194.585, rms  4.706, min 181, max 365
faMeasureChannelPedestal: slot 6, chan 11 => avg 211.200, rms  6.784, min 197, max 405
faMeasureChannelPedestal: slot 6, chan 12 => avg 88.779, rms  1.190, min 85, max 92
faMeasureChannelPedestal: slot 6, chan 13 => avg 116.988, rms  1.106, min 113, max 121
faMeasureChannelPedestal: slot 6, chan 14 => avg 86.131, rms  1.138, min 83, max 90
faMeasureChannelPedestal: slot 6, chan 15 => avg 122.743, rms  1.174, min 119, max 127
faMeasureChannelPedestal: slot 7, chan 0 => avg 220.131, rms  1.114, min 216, max 224
faMeasureChannelPedestal: slot 7, chan 1 => avg 208.864, rms  2.823, min 204, max 320
faMeasureChannelPedestal: slot 7, chan 2 => avg 203.834, rms  1.245, min 200, max 220
faMeasureChannelPedestal: slot 7, chan 3 => avg 177.893, rms  1.207, min 174, max 184
faMeasureChannelPedestal: slot 7, chan 4 => avg 235.938, rms  8.418, min 228, max 624
faMeasureChannelPedestal: slot 7, chan 5 => avg 187.212, rms  4.681, min 179, max 350
faMeasureChannelPedestal: slot 7, chan 6 => avg 150.520, rms  1.365, min 146, max 159
faMeasureChannelPedestal: slot 7, chan 7 => avg 211.663, rms  3.797, min 204, max 378
faMeasureChannelPedestal: slot 7, chan 8 => avg 181.313, rms  8.120, min 172, max 418
faMeasureChannelPedestal: slot 7, chan 9 => avg 184.282, rms  2.103, min 180, max 269
faMeasureChannelPedestal: slot 7, chan 10 => avg 203.889, rms  5.480, min 196, max 496
faMeasureChannelPedestal: slot 7, chan 11 => avg 202.981, rms  4.440, min 198, max 340
faMeasureChannelPedestal: slot 7, chan 12 => avg 190.360, rms  8.905, min 184, max 569
faMeasureChannelPedestal: slot 7, chan 13 => avg 166.903, rms  1.832, min 163, max 227
faMeasureChannelPedestal: slot 7, chan 14 => avg 192.175, rms  5.146, min 188, max 375
faMeasureChannelPedestal: slot 7, chan 15 => avg 218.933, rms  9.945, min 211, max 572
faMeasureChannelPedestal: slot 8, chan 0 => avg 177.278, rms  1.174, min 173, max 187
faMeasureChannelPedestal: slot 8, chan 1 => avg 210.531, rms  1.191, min 206, max 220
faMeasureChannelPedestal: slot 8, chan 2 => avg 203.031, rms  1.217, min 199, max 208
faMeasureChannelPedestal: slot 8, chan 3 => avg 152.020, rms  1.286, min 148, max 156
faMeasureChannelPedestal: slot 8, chan 4 => avg 186.817, rms  1.241, min 182, max 191
faMeasureChannelPedestal: slot 8, chan 5 => avg 209.870, rms  8.056, min 203, max 607
faMeasureChannelPedestal: slot 8, chan 6 => avg 213.193, rms  5.902, min 206, max 451
faMeasureChannelPedestal: slot 8, chan 7 => avg 207.896, rms  7.198, min 201, max 490
faMeasureChannelPedestal: slot 8, chan 8 => avg 165.777, rms  7.189, min 158, max 491
faMeasureChannelPedestal: slot 8, chan 9 => avg 169.399, rms  2.101, min 165, max 234
faMeasureChannelPedestal: slot 8, chan 10 => avg 189.400, rms  1.361, min 185, max 203
faMeasureChannelPedestal: slot 8, chan 11 => avg 188.389, rms  8.516, min 181, max 509
faMeasureChannelPedestal: slot 8, chan 12 => avg 223.250, rms 12.865, min 216, max 934
faMeasureChannelPedestal: slot 8, chan 13 => avg 182.614, rms  2.874, min 177, max 311
faMeasureChannelPedestal: slot 8, chan 14 => avg 222.963, rms  1.440, min 219, max 249
faMeasureChannelPedestal: slot 8, chan 15 => avg 183.838, rms  4.661, min 179, max 346
faMeasureChannelPedestal: slot 9, chan 0 => avg 190.093, rms 10.375, min 183, max 678
faMeasureChannelPedestal: slot 9, chan 1 => avg 186.896, rms  6.476, min 181, max 401
faMeasureChannelPedestal: slot 9, chan 2 => avg 190.295, rms  6.641, min 184, max 534
faMeasureChannelPedestal: slot 9, chan 3 => avg 192.253, rms 18.601, min 175, max 1004
faMeasureChannelPedestal: slot 9, chan 4 => avg 164.774, rms 28.076, min 147, max 1385
faMeasureChannelPedestal: slot 9, chan 5 => avg 234.953, rms  5.989, min 228, max 437
faMeasureChannelPedestal: slot 9, chan 6 => avg 224.619, rms 14.515, min 204, max 851
faMeasureChannelPedestal: slot 9, chan 7 => avg 177.555, rms  2.777, min 172, max 246
faMeasureChannelPedestal: slot 9, chan 8 => avg 209.140, rms  9.178, min 201, max 522
faMeasureChannelPedestal: slot 9, chan 9 => avg 200.068, rms  8.925, min 192, max 569
faMeasureChannelPedestal: slot 9, chan 10 => avg 182.192, rms  5.310, min 174, max 368
faMeasureChannelPedestal: slot 9, chan 11 => avg 173.838, rms  4.960, min 168, max 310
faMeasureChannelPedestal: slot 9, chan 12 => avg 194.875, rms  9.288, min 188, max 485
faMeasureChannelPedestal: slot 9, chan 13 => avg 186.232, rms  3.173, min 180, max 275
faMeasureChannelPedestal: slot 9, chan 14 => avg 161.304, rms  8.836, min 153, max 425
faMeasureChannelPedestal: slot 9, chan 15 => avg 186.608, rms  3.451, min 175, max 272
faMeasureChannelPedestal: slot 10, chan 0 => avg 194.915, rms  5.000, min 190, max 396
faMeasureChannelPedestal: slot 10, chan 1 => avg 198.776, rms  9.604, min 186, max 737
faMeasureChannelPedestal: slot 10, chan 2 => avg 170.447, rms  3.084, min 165, max 279
faMeasureChannelPedestal: slot 10, chan 3 => avg 184.805, rms 13.549, min 174, max 847
faMeasureChannelPedestal: slot 10, chan 4 => avg 204.076, rms 13.711, min 198, max 710
faMeasureChannelPedestal: slot 10, chan 5 => avg 199.371, rms 24.223, min 187, max 1309
faMeasureChannelPedestal: slot 10, chan 6 => avg 191.071, rms  6.049, min 184, max 386
faMeasureChannelPedestal: slot 10, chan 7 => avg 205.044, rms  7.507, min 194, max 511
faMeasureChannelPedestal: slot 10, chan 8 => avg 188.212, rms  5.398, min 181, max 431
faMeasureChannelPedestal: slot 10, chan 9 => avg 195.935, rms 17.926, min 180, max 1004
faMeasureChannelPedestal: slot 10, chan 10 => avg 196.936, rms  3.595, min 190, max 290
faMeasureChannelPedestal: slot 10, chan 11 => avg 199.247, rms  5.445, min 194, max 341
faMeasureChannelPedestal: slot 10, chan 12 => avg 175.239, rms  2.717, min 170, max 275
faMeasureChannelPedestal: slot 10, chan 13 => avg 202.777, rms  3.250, min 198, max 340
faMeasureChannelPedestal: slot 10, chan 14 => avg 181.509, rms  5.188, min 176, max 360
faMeasureChannelPedestal: slot 10, chan 15 => avg 200.786, rms  4.674, min 194, max 376
faMeasureChannelPedestal: slot 13, chan 0 => avg 173.653, rms  5.060, min 166, max 350
faMeasureChannelPedestal: slot 13, chan 1 => avg 180.132, rms  5.239, min 175, max 360
faMeasureChannelPedestal: slot 13, chan 2 => avg 190.257, rms  3.616, min 183, max 331
faMeasureChannelPedestal: slot 13, chan 3 => avg 162.630, rms  7.326, min 156, max 450
faMeasureChannelPedestal: slot 13, chan 4 => avg 178.928, rms  4.281, min 173, max 256
faMeasureChannelPedestal: slot 13, chan 5 => avg 144.309, rms  2.990, min 139, max 213
faMeasureChannelPedestal: slot 13, chan 6 => avg 192.094, rms  3.387, min 185, max 272
faMeasureChannelPedestal: slot 13, chan 7 => avg 193.836, rms  4.264, min 187, max 295
faMeasureChannelPedestal: slot 13, chan 8 => avg 186.620, rms  2.959, min 180, max 265
faMeasureChannelPedestal: slot 13, chan 9 => avg 196.609, rms  3.939, min 191, max 317
faMeasureChannelPedestal: slot 13, chan 10 => avg 192.136, rms  4.045, min 187, max 332
faMeasureChannelPedestal: slot 13, chan 11 => avg 186.747, rms  7.322, min 181, max 368
faMeasureChannelPedestal: slot 13, chan 12 => avg 177.915, rms  4.187, min 172, max 294
faMeasureChannelPedestal: slot 13, chan 13 => avg 180.751, rms  3.400, min 175, max 328
faMeasureChannelPedestal: slot 13, chan 14 => avg 167.500, rms  1.252, min 163, max 172
faMeasureChannelPedestal: slot 13, chan 15 => avg 141.009, rms  1.349, min 136, max 145
faMeasureChannelPedestal: slot 14, chan 0 => avg 189.689, rms  1.244, min 186, max 195
faMeasureChannelPedestal: slot 14, chan 1 => avg 181.783, rms  1.339, min 177, max 186
faMeasureChannelPedestal: slot 14, chan 2 => avg 184.010, rms  1.176, min 180, max 188
faMeasureChannelPedestal: slot 14, chan 3 => avg 207.384, rms  1.197, min 202, max 212
faMeasureChannelPedestal: slot 14, chan 4 => avg 174.556, rms  1.410, min 169, max 179
faMeasureChannelPedestal: slot 14, chan 5 => avg 198.853, rms  1.381, min 194, max 204
faMeasureChannelPedestal: slot 14, chan 6 => avg 196.375, rms  1.270, min 192, max 200
faMeasureChannelPedestal: slot 14, chan 7 => avg 203.162, rms  1.397, min 198, max 208
faMeasureChannelPedestal: slot 14, chan 8 => avg 191.803, rms  1.240, min 187, max 196
faMeasureChannelPedestal: slot 14, chan 9 => avg 180.027, rms  1.332, min 176, max 185
faMeasureChannelPedestal: slot 14, chan 10 => avg 185.437, rms  1.290, min 181, max 190
faMeasureChannelPedestal: slot 14, chan 11 => avg 201.635, rms  1.175, min 197, max 207
faMeasureChannelPedestal: slot 14, chan 12 => avg 194.816, rms  1.301, min 190, max 200
faMeasureChannelPedestal: slot 14, chan 13 => avg 199.030, rms  1.166, min 195, max 203
faMeasureChannelPedestal: slot 14, chan 14 => avg 170.873, rms  1.292, min 166, max 176
faMeasureChannelPedestal: slot 14, chan 15 => avg 175.196, rms  1.192, min 171, max 179
faMeasureChannelPedestal: slot 15, chan 0 => avg 231.824, rms  1.220, min 228, max 236
faMeasureChannelPedestal: slot 15, chan 1 => avg 195.651, rms  1.222, min 191, max 200
faMeasureChannelPedestal: slot 15, chan 2 => avg 205.720, rms  1.248, min 200, max 209
faMeasureChannelPedestal: slot 15, chan 3 => avg 195.975, rms  1.192, min 191, max 200
faMeasureChannelPedestal: slot 15, chan 4 => avg 221.100, rms  1.146, min 217, max 225
faMeasureChannelPedestal: slot 15, chan 5 => avg 178.458, rms  2.220, min 151, max 204
faMeasureChannelPedestal: slot 15, chan 6 => avg 218.107, rms  1.194, min 214, max 223
faMeasureChannelPedestal: slot 15, chan 7 => avg 186.701, rms  1.330, min 182, max 191
faMeasureChannelPedestal: slot 15, chan 8 => avg 226.133, rms  1.284, min 221, max 231
faMeasureChannelPedestal: slot 15, chan 9 => avg 215.470, rms  1.354, min 209, max 220
faMeasureChannelPedestal: slot 15, chan 10 => avg 182.948, rms  1.316, min 179, max 188
faMeasureChannelPedestal: slot 15, chan 11 => avg 252.678, rms  1.182, min 248, max 258
faMeasureChannelPedestal: slot 15, chan 12 => avg 226.938, rms  1.257, min 222, max 231
faMeasureChannelPedestal: slot 15, chan 13 => avg 121.815, rms  1.167, min 118, max 127
faMeasureChannelPedestal: slot 15, chan 14 => avg 222.738, rms  1.140, min 219, max 227
faMeasureChannelPedestal: slot 15, chan 15 => avg 88.147, rms  1.120, min 84, max 92
faMeasureChannelPedestal: slot 16, chan 0 => avg 211.532, rms  1.129, min 207, max 216
faMeasureChannelPedestal: slot 16, chan 1 => avg 213.019, rms  1.235, min 208, max 218
faMeasureChannelPedestal: slot 16, chan 2 => avg 200.671, rms  1.219, min 196, max 205
faMeasureChannelPedestal: slot 16, chan 3 => avg 231.048, rms  1.219, min 227, max 236
faMeasureChannelPedestal: slot 16, chan 4 => avg 196.457, rms  1.385, min 191, max 202
faMeasureChannelPedestal: slot 16, chan 5 => avg 189.487, rms  1.227, min 186, max 194
faMeasureChannelPedestal: slot 16, chan 6 => avg 190.514, rms  1.331, min 186, max 195
faMeasureChannelPedestal: slot 16, chan 7 => avg 236.645, rms  1.273, min 232, max 241
faMeasureChannelPedestal: slot 16, chan 8 => avg 208.058, rms  1.198, min 204, max 212
faMeasureChannelPedestal: slot 16, chan 9 => avg 174.042, rms  1.365, min 169, max 179
faMeasureChannelPedestal: slot 16, chan 10 => avg 182.298, rms  1.213, min 178, max 186
faMeasureChannelPedestal: slot 16, chan 11 => avg 221.146, rms  1.175, min 217, max 226
faMeasureChannelPedestal: slot 16, chan 12 => avg 179.127, rms  1.310, min 175, max 184
faMeasureChannelPedestal: slot 16, chan 13 => avg 98.752, rms  1.150, min 95, max 103
faMeasureChannelPedestal: slot 16, chan 14 => avg 184.635, rms  1.145, min 181, max 188
faMeasureChannelPedestal: slot 16, chan 15 => avg 57.526, rms  1.144, min 54, max 62
jlabgefCloseDefaultWindows reached
Closing A16 Window
Closing A24 Window
Closing A32Blt Window
Closing A32 Window
Closing CRCSR Window
Calling gefVmeClose
