
JLAB fadc pedestal measurement on host adcft1
----------------------------
Opening CRCSR Window (opened at [0xb6f42000,0xb7f42000])
Opening A32 Window (opened at [0xb6f32000,0xb6f42000])
Opening A32Blt Window (opened at [0xacf32000,0xb6f32000])
Opening A24 Window (opened at [0xabf32000,0xacf32000])
Opening A16 Window (opened at [0xabf22000,0xabf32000])
jlabgefMapTsi: Tempe Chip Userspace map successful
VME Bus Error IRQ Disabled
vmeBusCreateLockShm: vmeBus shared memory mutex initialized
Initialized FADC  0  Slot #  3 at address 0xac0b2000 (0x00180000) 
Initialized FADC  1  Slot #  4 at address 0xac132000 (0x00200000) 
Initialized FADC  2  Slot #  5 at address 0xac1b2000 (0x00280000) 
Initialized FADC  3  Slot #  6 at address 0xac232000 (0x00300000) 
Initialized FADC  4  Slot #  7 at address 0xac2b2000 (0x00380000) 
Initialized FADC  5  Slot #  8 at address 0xac332000 (0x00400000) 
Initialized FADC  6  Slot #  9 at address 0xac3b2000 (0x00480000) 
Initialized FADC  7  Slot # 10 at address 0xac432000 (0x00500000) 
jlabgefMemProbe: Clearing VME BERR/2eST (0x800cf900) at VME address 0x580000
jlabgefMemProbe: Clearing VME BERR/2eST (0x800cf900) at VME address 0x600000
Initialized FADC  8  Slot # 13 at address 0xac5b2000 (0x00680000) 
Initialized FADC  9  Slot # 14 at address 0xac632000 (0x00700000) 
Initialized FADC 10  Slot # 15 at address 0xac6b2000 (0x00780000) 
jlabgefMemProbe: Clearing VME BERR/2eST (0x800cf900) at VME address 0x800000
jlabgefMemProbe: Clearing VME BERR/2eST (0x800cf900) at VME address 0x880000
jlabgefMemProbe: Clearing VME BERR/2eST (0x800cf900) at VME address 0x900000
jlabgefMemProbe: Clearing VME BERR/2eST (0x800cf900) at VME address 0x980000
jlabgefMemProbe: Clearing VME BERR/2eST (0x800cf900) at VME address 0xa00000
faInit: Enabling FADC Internal Clock, and VXS Triggers (VXS Sync Reset)
faInit: 11 FADC(s) successfully initialized
fadc250Config: nfadc=11
fadc250InitGlobals reached

NOTE: use EXPID=>clasdev< from environment

ReadConfigFile: Using configuration file >/usr/clas12/release/1.3.2/parms/fadc250/adcft1.cnf<

ReadConfigFile: crate = adcft1  host = adcft1 - activated

ReadConfigFile: crate = end  host = adcft1 - disactivated


fadc250DownloadAll reached, nfadc=11
faSetCompression: id=3 opt=0
faSetCompression: read ctrl2=0x00000000
faSetCompression: masked ctrl2=0x00000000
faSetCompression: doing nothing
faSetCompression: writing ctrl2=0x00000000
faSetCompression: id=4 opt=0
faSetCompression: read ctrl2=0x00000000
faSetCompression: masked ctrl2=0x00000000
faSetCompression: doing nothing
faSetCompression: writing ctrl2=0x00000000
faSetCompression: id=5 opt=0
faSetCompression: read ctrl2=0x00000000
faSetCompression: masked ctrl2=0x00000000
faSetCompression: doing nothing
faSetCompression: writing ctrl2=0x00000000
faSetCompression: id=6 opt=0
faSetCompression: read ctrl2=0x00000000
faSetCompression: masked ctrl2=0x00000000
faSetCompression: doing nothing
faSetCompression: writing ctrl2=0x00000000
faSetCompression: id=7 opt=0
faSetCompression: read ctrl2=0x00000000
faSetCompression: masked ctrl2=0x00000000
faSetCompression: doing nothing
faSetCompression: writing ctrl2=0x00000000
faSetCompression: id=8 opt=0
faSetCompression: read ctrl2=0x00000000
faSetCompression: masked ctrl2=0x00000000
faSetCompression: doing nothing
faSetCompression: writing ctrl2=0x00000000
faSetCompression: id=9 opt=0
faSetCompression: read ctrl2=0x00000000
faSetCompression: masked ctrl2=0x00000000
faSetCompression: doing nothing
faSetCompression: writing ctrl2=0x00000000
faSetCompression: id=10 opt=0
faSetCompression: read ctrl2=0x00000000
faSetCompression: masked ctrl2=0x00000000
faSetCompression: doing nothing
faSetCompression: writing ctrl2=0x00000000
faSetCompression: id=13 opt=0
faSetCompression: read ctrl2=0x00000000
faSetCompression: masked ctrl2=0x00000000
faSetCompression: doing nothing
faSetCompression: writing ctrl2=0x00000000
faSetCompression: id=14 opt=0
faSetCompression: read ctrl2=0x00000000
faSetCompression: masked ctrl2=0x00000000
faSetCompression: doing nothing
faSetCompression: writing ctrl2=0x00000000
faSetCompression: id=15 opt=0
faSetCompression: read ctrl2=0x00000000
faSetCompression: masked ctrl2=0x00000000
faSetCompression: doing nothing
faSetCompression: writing ctrl2=0x00000000
faMeasureChannelPedestal: slot 3, chan 0 => avg 178.675, rms  2.126, min 172, max 186
faMeasureChannelPedestal: slot 3, chan 1 => avg 170.851, rms  2.138, min 163, max 178
faMeasureChannelPedestal: slot 3, chan 2 => avg 202.464, rms  2.072, min 195, max 209
faMeasureChannelPedestal: slot 3, chan 3 => avg 228.945, rms  2.121, min 223, max 236
faMeasureChannelPedestal: slot 3, chan 4 => avg 217.512, rms  2.132, min 210, max 226
faMeasureChannelPedestal: slot 3, chan 5 => avg 233.323, rms  2.230, min 225, max 242
faMeasureChannelPedestal: slot 3, chan 6 => avg 215.972, rms  2.154, min 209, max 223
faMeasureChannelPedestal: slot 3, chan 7 => avg 193.487, rms  2.224, min 184, max 203
faMeasureChannelPedestal: slot 3, chan 8 => avg 188.084, rms  2.263, min 180, max 196
faMeasureChannelPedestal: slot 3, chan 9 => avg 174.737, rms  2.259, min 167, max 182
faMeasureChannelPedestal: slot 3, chan 10 => avg 205.446, rms  2.213, min 197, max 213
faMeasureChannelPedestal: slot 3, chan 11 => avg 223.554, rms  2.070, min 215, max 230
faMeasureChannelPedestal: slot 3, chan 12 => avg 176.945, rms  2.217, min 169, max 185
faMeasureChannelPedestal: slot 3, chan 13 => avg 176.432, rms  2.150, min 168, max 184
faMeasureChannelPedestal: slot 3, chan 14 => avg 173.546, rms  2.039, min 166, max 182
faMeasureChannelPedestal: slot 3, chan 15 => avg 195.094, rms  1.451, min 190, max 200
faMeasureChannelPedestal: slot 4, chan 0 => avg 173.147, rms  2.059, min 166, max 181
faMeasureChannelPedestal: slot 4, chan 1 => avg 188.696, rms  2.024, min 182, max 196
faMeasureChannelPedestal: slot 4, chan 2 => avg 187.697, rms  2.147, min 179, max 196
faMeasureChannelPedestal: slot 4, chan 3 => avg 177.302, rms  2.139, min 169, max 185
faMeasureChannelPedestal: slot 4, chan 4 => avg 185.691, rms  2.263, min 177, max 193
faMeasureChannelPedestal: slot 4, chan 5 => avg 166.228, rms  2.115, min 159, max 174
faMeasureChannelPedestal: slot 4, chan 6 => avg 171.176, rms  2.169, min 162, max 179
faMeasureChannelPedestal: slot 4, chan 7 => avg 167.052, rms  2.210, min 159, max 175
faMeasureChannelPedestal: slot 4, chan 8 => avg 190.880, rms  2.173, min 182, max 198
faMeasureChannelPedestal: slot 4, chan 9 => avg 163.794, rms  2.101, min 155, max 172
faMeasureChannelPedestal: slot 4, chan 10 => avg 234.904, rms  2.170, min 227, max 243
faMeasureChannelPedestal: slot 4, chan 11 => avg 230.808, rms  2.123, min 224, max 238
faMeasureChannelPedestal: slot 4, chan 12 => avg 195.752, rms  2.099, min 189, max 203
faMeasureChannelPedestal: slot 4, chan 13 => avg 170.465, rms  2.015, min 163, max 179
faMeasureChannelPedestal: slot 4, chan 14 => avg 186.394, rms  2.092, min 179, max 194
faMeasureChannelPedestal: slot 4, chan 15 => avg 161.537, rms  1.984, min 155, max 169
faMeasureChannelPedestal: slot 5, chan 0 => avg 182.161, rms  2.161, min 174, max 191
faMeasureChannelPedestal: slot 5, chan 1 => avg 195.046, rms  2.199, min 185, max 204
faMeasureChannelPedestal: slot 5, chan 2 => avg 189.673, rms  2.168, min 182, max 199
faMeasureChannelPedestal: slot 5, chan 3 => avg 167.326, rms  2.218, min 160, max 176
faMeasureChannelPedestal: slot 5, chan 4 => avg 195.896, rms  2.333, min 187, max 204
faMeasureChannelPedestal: slot 5, chan 5 => avg 222.062, rms  2.170, min 213, max 230
faMeasureChannelPedestal: slot 5, chan 6 => avg 209.661, rms  2.247, min 202, max 218
faMeasureChannelPedestal: slot 5, chan 7 => avg 188.184, rms  2.214, min 180, max 198
faMeasureChannelPedestal: slot 5, chan 8 => avg 204.467, rms  2.160, min 197, max 213
faMeasureChannelPedestal: slot 5, chan 9 => avg 169.624, rms  2.225, min 162, max 178
faMeasureChannelPedestal: slot 5, chan 10 => avg 202.403, rms  2.199, min 194, max 210
faMeasureChannelPedestal: slot 5, chan 11 => avg 235.827, rms  2.151, min 228, max 244
faMeasureChannelPedestal: slot 5, chan 12 => avg 205.856, rms  2.124, min 197, max 213
faMeasureChannelPedestal: slot 5, chan 13 => avg 197.944, rms  2.147, min 191, max 206
faMeasureChannelPedestal: slot 5, chan 14 => avg 206.978, rms  2.152, min 200, max 216
faMeasureChannelPedestal: slot 5, chan 15 => avg 174.876, rms  2.101, min 167, max 182
faMeasureChannelPedestal: slot 6, chan 0 => avg 176.076, rms  2.047, min 169, max 183
faMeasureChannelPedestal: slot 6, chan 1 => avg 233.304, rms  2.082, min 225, max 240
faMeasureChannelPedestal: slot 6, chan 2 => avg 190.559, rms  2.070, min 183, max 199
faMeasureChannelPedestal: slot 6, chan 3 => avg 211.293, rms  2.038, min 204, max 219
faMeasureChannelPedestal: slot 6, chan 4 => avg 192.753, rms  2.088, min 186, max 201
faMeasureChannelPedestal: slot 6, chan 5 => avg 178.674, rms  2.161, min 171, max 186
faMeasureChannelPedestal: slot 6, chan 6 => avg 213.630, rms  2.274, min 205, max 223
faMeasureChannelPedestal: slot 6, chan 7 => avg 193.562, rms  2.186, min 185, max 200
faMeasureChannelPedestal: slot 6, chan 8 => avg 170.628, rms  2.154, min 163, max 178
faMeasureChannelPedestal: slot 6, chan 9 => avg 214.974, rms  2.159, min 207, max 223
faMeasureChannelPedestal: slot 6, chan 10 => avg 208.453, rms  2.082, min 201, max 215
faMeasureChannelPedestal: slot 6, chan 11 => avg 203.580, rms  2.051, min 196, max 211
faMeasureChannelPedestal: slot 6, chan 12 => avg 203.897, rms  2.134, min 196, max 212
faMeasureChannelPedestal: slot 6, chan 13 => avg 202.156, rms  2.149, min 195, max 210
faMeasureChannelPedestal: slot 6, chan 14 => avg 172.558, rms  2.062, min 165, max 179
faMeasureChannelPedestal: slot 6, chan 15 => avg 210.704, rms  2.004, min 202, max 218
faMeasureChannelPedestal: slot 7, chan 0 => avg 150.984, rms  2.157, min 143, max 159
faMeasureChannelPedestal: slot 7, chan 1 => avg 174.739, rms  2.101, min 167, max 182
faMeasureChannelPedestal: slot 7, chan 2 => avg 141.466, rms  2.174, min 133, max 150
faMeasureChannelPedestal: slot 7, chan 3 => avg 181.235, rms  2.047, min 174, max 190
faMeasureChannelPedestal: slot 7, chan 4 => avg 159.027, rms  2.236, min 152, max 168
faMeasureChannelPedestal: slot 7, chan 5 => avg 186.060, rms  2.153, min 177, max 194
faMeasureChannelPedestal: slot 7, chan 6 => avg 173.364, rms  2.204, min 166, max 181
faMeasureChannelPedestal: slot 7, chan 7 => avg 212.160, rms  2.145, min 205, max 220
faMeasureChannelPedestal: slot 7, chan 8 => avg 161.003, rms  2.149, min 152, max 169
faMeasureChannelPedestal: slot 7, chan 9 => avg 198.806, rms  2.091, min 191, max 207
faMeasureChannelPedestal: slot 7, chan 10 => avg 166.502, rms  2.259, min 159, max 175
faMeasureChannelPedestal: slot 7, chan 11 => avg 159.949, rms  2.105, min 150, max 167
faMeasureChannelPedestal: slot 7, chan 12 => avg 172.326, rms  2.097, min 165, max 180
faMeasureChannelPedestal: slot 7, chan 13 => avg 192.618, rms  2.084, min 186, max 200
faMeasureChannelPedestal: slot 7, chan 14 => avg 175.910, rms  2.109, min 168, max 183
faMeasureChannelPedestal: slot 7, chan 15 => avg 185.949, rms  2.028, min 179, max 194
faMeasureChannelPedestal: slot 8, chan 0 => avg 176.432, rms  2.169, min 168, max 185
faMeasureChannelPedestal: slot 8, chan 1 => avg 200.278, rms  2.159, min 192, max 207
faMeasureChannelPedestal: slot 8, chan 2 => avg 214.866, rms  2.131, min 207, max 223
faMeasureChannelPedestal: slot 8, chan 3 => avg 186.515, rms  2.118, min 179, max 196
faMeasureChannelPedestal: slot 8, chan 4 => avg 229.423, rms  2.215, min 222, max 237
faMeasureChannelPedestal: slot 8, chan 5 => avg 192.814, rms  2.202, min 186, max 200
faMeasureChannelPedestal: slot 8, chan 6 => avg 147.870, rms  2.254, min 140, max 156
faMeasureChannelPedestal: slot 8, chan 7 => avg 184.434, rms  2.287, min 176, max 193
faMeasureChannelPedestal: slot 8, chan 8 => avg 189.338, rms  2.199, min 182, max 197
faMeasureChannelPedestal: slot 8, chan 9 => avg 207.068, rms  2.167, min 199, max 215
faMeasureChannelPedestal: slot 8, chan 10 => avg 215.902, rms  2.174, min 208, max 223
faMeasureChannelPedestal: slot 8, chan 11 => avg 194.636, rms  2.135, min 187, max 203
faMeasureChannelPedestal: slot 8, chan 12 => avg 177.891, rms  2.114, min 169, max 185
faMeasureChannelPedestal: slot 8, chan 13 => avg 202.094, rms  2.062, min 195, max 209
faMeasureChannelPedestal: slot 8, chan 14 => avg 195.275, rms  2.041, min 188, max 204
faMeasureChannelPedestal: slot 8, chan 15 => avg 182.553, rms  2.040, min 176, max 191
faMeasureChannelPedestal: slot 9, chan 0 => avg 189.796, rms  2.098, min 182, max 197
faMeasureChannelPedestal: slot 9, chan 1 => avg 197.404, rms  2.116, min 190, max 205
faMeasureChannelPedestal: slot 9, chan 2 => avg 210.823, rms  2.129, min 202, max 219
faMeasureChannelPedestal: slot 9, chan 3 => avg 213.755, rms  2.104, min 206, max 222
faMeasureChannelPedestal: slot 9, chan 4 => avg 196.534, rms  2.150, min 189, max 204
faMeasureChannelPedestal: slot 9, chan 5 => avg 194.044, rms  2.176, min 185, max 202
faMeasureChannelPedestal: slot 9, chan 6 => avg 206.173, rms  2.188, min 197, max 214
faMeasureChannelPedestal: slot 9, chan 7 => avg 193.924, rms  2.238, min 185, max 204
faMeasureChannelPedestal: slot 9, chan 8 => avg 165.147, rms  2.112, min 158, max 173
faMeasureChannelPedestal: slot 9, chan 9 => avg 212.377, rms  2.132, min 205, max 221
faMeasureChannelPedestal: slot 9, chan 10 => avg 171.235, rms  2.179, min 164, max 181
faMeasureChannelPedestal: slot 9, chan 11 => avg 174.614, rms  2.087, min 165, max 182
faMeasureChannelPedestal: slot 9, chan 12 => avg 187.759, rms  2.191, min 180, max 196
faMeasureChannelPedestal: slot 9, chan 13 => avg 190.065, rms  2.063, min 183, max 198
faMeasureChannelPedestal: slot 9, chan 14 => avg 204.682, rms  2.071, min 197, max 213
faMeasureChannelPedestal: slot 9, chan 15 => avg 182.040, rms  2.132, min 174, max 189
faMeasureChannelPedestal: slot 10, chan 0 => avg 194.145, rms  2.312, min 186, max 204
faMeasureChannelPedestal: slot 10, chan 1 => avg 180.820, rms  2.128, min 174, max 188
faMeasureChannelPedestal: slot 10, chan 2 => avg 192.327, rms  2.127, min 185, max 200
faMeasureChannelPedestal: slot 10, chan 3 => avg 201.229, rms  2.081, min 193, max 208
faMeasureChannelPedestal: slot 10, chan 4 => avg 167.753, rms  2.185, min 160, max 176
faMeasureChannelPedestal: slot 10, chan 5 => avg 195.124, rms  2.294, min 187, max 203
faMeasureChannelPedestal: slot 10, chan 6 => avg 190.136, rms  2.188, min 183, max 198
faMeasureChannelPedestal: slot 10, chan 7 => avg 194.613, rms  2.200, min 187, max 203
faMeasureChannelPedestal: slot 10, chan 8 => avg 207.486, rms  2.217, min 200, max 216
faMeasureChannelPedestal: slot 10, chan 9 => avg 215.871, rms  2.228, min 208, max 225
faMeasureChannelPedestal: slot 10, chan 10 => avg 208.028, rms  2.162, min 200, max 216
faMeasureChannelPedestal: slot 10, chan 11 => avg 235.560, rms  2.124, min 228, max 244
faMeasureChannelPedestal: slot 10, chan 12 => avg 216.109, rms  2.158, min 208, max 224
faMeasureChannelPedestal: slot 10, chan 13 => avg 207.150, rms  2.148, min 199, max 215
faMeasureChannelPedestal: slot 10, chan 14 => avg 215.221, rms  2.111, min 207, max 223
faMeasureChannelPedestal: slot 10, chan 15 => avg 202.288, rms  2.201, min 195, max 210
faMeasureChannelPedestal: slot 13, chan 0 => avg 185.965, rms  2.080, min 178, max 194
faMeasureChannelPedestal: slot 13, chan 1 => avg 228.872, rms  2.007, min 221, max 237
faMeasureChannelPedestal: slot 13, chan 2 => avg 220.394, rms  2.086, min 212, max 227
faMeasureChannelPedestal: slot 13, chan 3 => avg 217.604, rms  2.087, min 211, max 226
faMeasureChannelPedestal: slot 13, chan 4 => avg 205.066, rms  2.198, min 198, max 212
faMeasureChannelPedestal: slot 13, chan 5 => avg 224.880, rms  2.120, min 218, max 233
faMeasureChannelPedestal: slot 13, chan 6 => avg 226.804, rms  1.988, min 219, max 234
faMeasureChannelPedestal: slot 13, chan 7 => avg 225.088, rms  2.203, min 217, max 233
faMeasureChannelPedestal: slot 13, chan 8 => avg 227.773, rms  2.046, min 221, max 236
faMeasureChannelPedestal: slot 13, chan 9 => avg 233.256, rms  2.236, min 225, max 241
faMeasureChannelPedestal: slot 13, chan 10 => avg 203.539, rms  2.194, min 196, max 211
faMeasureChannelPedestal: slot 13, chan 11 => avg 185.946, rms  2.243, min 177, max 193
faMeasureChannelPedestal: slot 13, chan 12 => avg 217.704, rms  2.106, min 209, max 225
faMeasureChannelPedestal: slot 13, chan 13 => avg 225.821, rms  2.021, min 219, max 233
faMeasureChannelPedestal: slot 13, chan 14 => avg 195.182, rms  2.072, min 188, max 203
faMeasureChannelPedestal: slot 13, chan 15 => avg 208.887, rms  2.052, min 200, max 216
faMeasureChannelPedestal: slot 14, chan 0 => avg 221.639, rms  2.189, min 214, max 230
faMeasureChannelPedestal: slot 14, chan 1 => avg 179.463, rms  2.301, min 171, max 188
faMeasureChannelPedestal: slot 14, chan 2 => avg 176.856, rms  2.287, min 168, max 185
faMeasureChannelPedestal: slot 14, chan 3 => avg 194.664, rms  2.235, min 187, max 203
faMeasureChannelPedestal: slot 14, chan 4 => avg 233.632, rms  2.154, min 227, max 240
faMeasureChannelPedestal: slot 14, chan 5 => avg 217.644, rms  2.121, min 209, max 225
faMeasureChannelPedestal: slot 14, chan 6 => avg 188.995, rms  2.110, min 181, max 197
faMeasureChannelPedestal: slot 14, chan 7 => avg 229.331, rms  2.205, min 222, max 238
faMeasureChannelPedestal: slot 14, chan 8 => avg 219.285, rms  2.136, min 212, max 226
faMeasureChannelPedestal: slot 14, chan 9 => avg 247.962, rms  2.246, min 240, max 257
faMeasureChannelPedestal: slot 14, chan 10 => avg 188.121, rms  2.189, min 179, max 196
faMeasureChannelPedestal: slot 14, chan 11 => avg 152.311, rms  2.140, min 143, max 160
faMeasureChannelPedestal: slot 14, chan 12 => avg 193.733, rms  2.124, min 185, max 201
faMeasureChannelPedestal: slot 14, chan 13 => avg 215.463, rms  2.171, min 207, max 223
faMeasureChannelPedestal: slot 14, chan 14 => avg 196.606, rms  2.147, min 188, max 203
faMeasureChannelPedestal: slot 14, chan 15 => avg 166.879, rms  2.204, min 159, max 174
faMeasureChannelPedestal: slot 15, chan 0 => avg 197.041, rms  2.119, min 190, max 204
faMeasureChannelPedestal: slot 15, chan 1 => avg 198.270, rms  2.163, min 190, max 206
faMeasureChannelPedestal: slot 15, chan 2 => avg 182.419, rms  2.177, min 175, max 191
faMeasureChannelPedestal: slot 15, chan 3 => avg 203.946, rms  2.127, min 196, max 212
faMeasureChannelPedestal: slot 15, chan 4 => avg 188.108, rms  2.203, min 181, max 196
faMeasureChannelPedestal: slot 15, chan 5 => avg 195.265, rms  2.229, min 188, max 203
faMeasureChannelPedestal: slot 15, chan 6 => avg 232.555, rms  2.060, min 225, max 242
faMeasureChannelPedestal: slot 15, chan 7 => avg 201.030, rms  2.154, min 193, max 210
faMeasureChannelPedestal: slot 15, chan 8 => avg 214.529, rms  2.049, min 207, max 223
faMeasureChannelPedestal: slot 15, chan 9 => avg 195.123, rms  1.991, min 188, max 203
faMeasureChannelPedestal: slot 15, chan 10 => avg 213.799, rms  1.994, min 204, max 222
faMeasureChannelPedestal: slot 15, chan 11 => avg 242.243, rms  1.965, min 235, max 250
faMeasureChannelPedestal: slot 15, chan 12 => avg 198.868, rms  1.303, min 194, max 204
faMeasureChannelPedestal: slot 15, chan 13 => avg 200.985, rms  1.169, min 197, max 205
faMeasureChannelPedestal: slot 15, chan 14 => avg 200.514, rms  1.147, min 196, max 205
faMeasureChannelPedestal: slot 15, chan 15 => avg 201.861, rms  1.209, min 198, max 206
jlabgefCloseDefaultWindows reached
Closing A16 Window
Closing A24 Window
Closing A32Blt Window
Closing A32 Window
Closing CRCSR Window
Calling gefVmeClose
