
JLAB fadc pedestal measurement on host adcftof5
----------------------------
Opening CRCSR Window (opened at [0xb6f2b000,0xb7f2b000])
Opening A32 Window (opened at [0xb6f1b000,0xb6f2b000])
Opening A32Blt Window (opened at [0xacf1b000,0xb6f1b000])
Opening A24 Window (opened at [0xabf1b000,0xacf1b000])
Opening A16 Window (opened at [0xabf0b000,0xabf1b000])
jlabgefMapTsi: Tempe Chip Userspace map successful
VME Bus Error IRQ Disabled
vmeBusCreateLockShm: vmeBus shared memory mutex initialized
Initialized FADC  0  Slot #  3 at address 0xac09b000 (0x00180000) 
Initialized FADC  1  Slot #  4 at address 0xac11b000 (0x00200000) 
Initialized FADC  2  Slot #  5 at address 0xac19b000 (0x00280000) 
Initialized FADC  3  Slot #  6 at address 0xac21b000 (0x00300000) 
Initialized FADC  4  Slot #  7 at address 0xac29b000 (0x00380000) 
Initialized FADC  5  Slot #  8 at address 0xac31b000 (0x00400000) 
Initialized FADC  6  Slot #  9 at address 0xac39b000 (0x00480000) 
Initialized FADC  7  Slot # 10 at address 0xac41b000 (0x00500000) 
jlabgefMemProbe: Clearing VME BERR/2eST (0x800cf900) at VME address 0x580000
jlabgefMemProbe: Clearing VME BERR/2eST (0x800cf900) at VME address 0x600000
Initialized FADC  8  Slot # 13 at address 0xac59b000 (0x00680000) 
Initialized FADC  9  Slot # 14 at address 0xac61b000 (0x00700000) 
Initialized FADC 10  Slot # 15 at address 0xac69b000 (0x00780000) 
Initialized FADC 11  Slot # 16 at address 0xac71b000 (0x00800000) 
jlabgefMemProbe: Clearing VME BERR/2eST (0x800cf900) at VME address 0x880000
jlabgefMemProbe: Clearing VME BERR/2eST (0x800cf900) at VME address 0x900000
jlabgefMemProbe: Clearing VME BERR/2eST (0x800cf900) at VME address 0x980000
jlabgefMemProbe: Clearing VME BERR/2eST (0x800cf900) at VME address 0xa00000
faInit: Enabling FADC Internal Clock, and VXS Triggers (VXS Sync Reset)
faInit: 12 FADC(s) successfully initialized
fadc250Config: nfadc=12
fadc250InitGlobals reached

NOTE: use EXPID=>clasdev< from environment

ReadConfigFile: Using configuration file >/usr/clas12/release/1.3.2/parms/fadc250/adcftof5.cnf<

ReadConfigFile: crate = all  host = adcftof5 - activated

ReadConfigFile: crate = end  host = adcftof5 - disactivated


fadc250DownloadAll reached, nfadc=12
faMeasureChannelPedestal: slot 3, chan 0 => avg 182.485, rms  1.264, min 178, max 187
faMeasureChannelPedestal: slot 3, chan 1 => avg 183.058, rms  2.575, min 176, max 266
faMeasureChannelPedestal: slot 3, chan 2 => avg 174.897, rms  3.284, min 168, max 284
faMeasureChannelPedestal: slot 3, chan 3 => avg 171.440, rms 11.026, min 136, max 654
faMeasureChannelPedestal: slot 3, chan 4 => avg 187.626, rms  8.136, min 153, max 572
faMeasureChannelPedestal: slot 3, chan 5 => avg 196.617, rms  5.061, min 185, max 338
faMeasureChannelPedestal: slot 3, chan 6 => avg 165.606, rms  9.078, min 144, max 616
faMeasureChannelPedestal: slot 3, chan 7 => avg 202.262, rms 14.950, min 159, max 852
faMeasureChannelPedestal: slot 3, chan 8 => avg 169.604, rms  7.670, min 148, max 520
faMeasureChannelPedestal: slot 3, chan 9 => avg 181.583, rms  9.788, min 161, max 521
faMeasureChannelPedestal: slot 3, chan 10 => avg 183.243, rms  4.167, min 174, max 306
faMeasureChannelPedestal: slot 3, chan 11 => avg 200.434, rms  2.152, min 195, max 267
faMeasureChannelPedestal: slot 3, chan 12 => avg 199.540, rms 10.148, min 178, max 549
faMeasureChannelPedestal: slot 3, chan 13 => avg 212.878, rms  2.671, min 207, max 302
faMeasureChannelPedestal: slot 3, chan 14 => avg 190.034, rms  7.349, min 169, max 350
faMeasureChannelPedestal: slot 3, chan 15 => avg 188.829, rms  5.148, min 174, max 391
faMeasureChannelPedestal: slot 4, chan 0 => avg 201.581, rms 20.014, min 144, max 1137
faMeasureChannelPedestal: slot 4, chan 1 => avg 202.166, rms 12.931, min 166, max 813
faMeasureChannelPedestal: slot 4, chan 2 => avg 210.209, rms 20.316, min 167, max 987
faMeasureChannelPedestal: slot 4, chan 3 => avg 215.837, rms 11.041, min 193, max 558
faMeasureChannelPedestal: slot 4, chan 4 => avg 206.455, rms 10.272, min 180, max 646
faMeasureChannelPedestal: slot 4, chan 5 => avg 225.454, rms  6.109, min 209, max 376
faMeasureChannelPedestal: slot 4, chan 6 => avg 200.945, rms  8.799, min 183, max 435
faMeasureChannelPedestal: slot 4, chan 7 => avg 204.102, rms  2.591, min 197, max 290
faMeasureChannelPedestal: slot 4, chan 8 => avg 223.190, rms  5.303, min 208, max 458
faMeasureChannelPedestal: slot 4, chan 9 => avg 242.162, rms  3.068, min 234, max 320
faMeasureChannelPedestal: slot 4, chan 10 => avg 199.519, rms  5.905, min 182, max 353
faMeasureChannelPedestal: slot 4, chan 11 => avg 220.522, rms  2.251, min 215, max 268
faMeasureChannelPedestal: slot 4, chan 12 => avg 210.595, rms  4.822, min 190, max 381
faMeasureChannelPedestal: slot 4, chan 13 => avg 199.718, rms  7.537, min 183, max 450
faMeasureChannelPedestal: slot 4, chan 14 => avg 218.878, rms  5.610, min 203, max 459
faMeasureChannelPedestal: slot 4, chan 15 => avg 206.808, rms  3.874, min 199, max 326
faMeasureChannelPedestal: slot 5, chan 0 => avg 193.555, rms  4.890, min 184, max 329
faMeasureChannelPedestal: slot 5, chan 1 => avg 152.191, rms  8.378, min 127, max 476
faMeasureChannelPedestal: slot 5, chan 2 => avg 180.213, rms  6.288, min 169, max 347
faMeasureChannelPedestal: slot 5, chan 3 => avg 172.118, rms  4.386, min 162, max 315
faMeasureChannelPedestal: slot 5, chan 4 => avg 174.838, rms  3.533, min 165, max 300
faMeasureChannelPedestal: slot 5, chan 5 => avg 193.188, rms  5.862, min 175, max 459
faMeasureChannelPedestal: slot 5, chan 6 => avg 201.254, rms 14.203, min 167, max 627
faMeasureChannelPedestal: slot 5, chan 7 => avg 197.301, rms  4.915, min 185, max 357
faMeasureChannelPedestal: slot 5, chan 8 => avg 172.956, rms  5.335, min 160, max 288
faMeasureChannelPedestal: slot 5, chan 9 => avg 213.579, rms 12.252, min 181, max 635
faMeasureChannelPedestal: slot 5, chan 10 => avg 174.492, rms 10.650, min 140, max 564
faMeasureChannelPedestal: slot 5, chan 11 => avg 175.423, rms  7.708, min 152, max 366
faMeasureChannelPedestal: slot 5, chan 12 => avg 188.082, rms  5.122, min 178, max 309
faMeasureChannelPedestal: slot 5, chan 13 => avg 99.383, rms  1.156, min 95, max 103
faMeasureChannelPedestal: slot 5, chan 14 => avg 165.134, rms  7.781, min 149, max 405
faMeasureChannelPedestal: slot 5, chan 15 => avg 61.365, rms  1.138, min 57, max 65
faMeasureChannelPedestal: slot 6, chan 0 => avg 187.236, rms  3.244, min 180, max 291
faMeasureChannelPedestal: slot 6, chan 1 => avg 163.554, rms  5.658, min 149, max 368
faMeasureChannelPedestal: slot 6, chan 2 => avg 212.761, rms  2.479, min 205, max 277
faMeasureChannelPedestal: slot 6, chan 3 => avg 182.384, rms  6.429, min 167, max 374
faMeasureChannelPedestal: slot 6, chan 4 => avg 204.104, rms  5.411, min 193, max 362
faMeasureChannelPedestal: slot 6, chan 5 => avg 101.225, rms  1.278, min 97, max 106
faMeasureChannelPedestal: slot 6, chan 6 => avg 211.944, rms  4.415, min 203, max 307
faMeasureChannelPedestal: slot 6, chan 7 => avg 100.620, rms  1.328, min 96, max 105
faMeasureChannelPedestal: slot 6, chan 8 => avg 198.609, rms  4.991, min 188, max 326
faMeasureChannelPedestal: slot 6, chan 9 => avg 232.840, rms  6.073, min 220, max 383
faMeasureChannelPedestal: slot 6, chan 10 => avg 199.969, rms 41.497, min 51, max 2300
faMeasureChannelPedestal: slot 6, chan 11 => avg 189.045, rms  5.868, min 177, max 331
faMeasureChannelPedestal: slot 6, chan 12 => avg 98.923, rms  1.252, min 95, max 104
faMeasureChannelPedestal: slot 6, chan 13 => avg 89.276, rms  1.162, min 85, max 94
faMeasureChannelPedestal: slot 6, chan 14 => avg 45.515, rms  1.148, min 42, max 50
faMeasureChannelPedestal: slot 6, chan 15 => avg 76.066, rms  1.154, min 72, max 81
faMeasureChannelPedestal: slot 7, chan 0 => avg 216.533, rms  1.329, min 212, max 221
faMeasureChannelPedestal: slot 7, chan 1 => avg 162.695, rms  1.400, min 159, max 168
faMeasureChannelPedestal: slot 7, chan 2 => avg 215.663, rms  1.241, min 211, max 226
faMeasureChannelPedestal: slot 7, chan 3 => avg 179.584, rms  1.323, min 175, max 184
faMeasureChannelPedestal: slot 7, chan 4 => avg 192.015, rms  2.230, min 187, max 277
faMeasureChannelPedestal: slot 7, chan 5 => avg 199.539, rms  5.405, min 185, max 427
faMeasureChannelPedestal: slot 7, chan 6 => avg 217.472, rms  3.149, min 213, max 372
faMeasureChannelPedestal: slot 7, chan 7 => avg 186.936, rms 28.658, min 164, max 1562
faMeasureChannelPedestal: slot 7, chan 8 => avg 209.422, rms  3.273, min 204, max 323
faMeasureChannelPedestal: slot 7, chan 9 => avg 177.362, rms  6.936, min 170, max 463
faMeasureChannelPedestal: slot 7, chan 10 => avg 198.349, rms  2.838, min 193, max 333
faMeasureChannelPedestal: slot 7, chan 11 => avg 184.866, rms  4.315, min 175, max 292
faMeasureChannelPedestal: slot 7, chan 12 => avg 205.976, rms 11.448, min 193, max 812
faMeasureChannelPedestal: slot 7, chan 13 => avg 171.501, rms  6.830, min 164, max 519
faMeasureChannelPedestal: slot 7, chan 14 => avg 153.880, rms  8.623, min 145, max 537
faMeasureChannelPedestal: slot 7, chan 15 => avg 197.469, rms  4.696, min 191, max 353
faMeasureChannelPedestal: slot 8, chan 0 => avg 171.252, rms  1.433, min 166, max 176
faMeasureChannelPedestal: slot 8, chan 1 => avg 199.433, rms  1.264, min 195, max 211
faMeasureChannelPedestal: slot 8, chan 2 => avg 198.944, rms  1.238, min 194, max 207
faMeasureChannelPedestal: slot 8, chan 3 => avg 166.742, rms  1.312, min 162, max 184
faMeasureChannelPedestal: slot 8, chan 4 => avg 151.936, rms  2.130, min 146, max 245
faMeasureChannelPedestal: slot 8, chan 5 => avg 170.132, rms  4.804, min 163, max 356
faMeasureChannelPedestal: slot 8, chan 6 => avg 141.124, rms  2.288, min 136, max 222
faMeasureChannelPedestal: slot 8, chan 7 => avg 183.266, rms  2.587, min 179, max 301
faMeasureChannelPedestal: slot 8, chan 8 => avg 212.302, rms 12.305, min 202, max 849
faMeasureChannelPedestal: slot 8, chan 9 => avg 160.663, rms  7.076, min 153, max 550
faMeasureChannelPedestal: slot 8, chan 10 => avg 199.186, rms  4.817, min 193, max 428
faMeasureChannelPedestal: slot 8, chan 11 => avg 205.060, rms  4.359, min 200, max 354
faMeasureChannelPedestal: slot 8, chan 12 => avg 213.547, rms  1.564, min 209, max 260
faMeasureChannelPedestal: slot 8, chan 13 => avg 201.367, rms  1.994, min 196, max 285
faMeasureChannelPedestal: slot 8, chan 14 => avg 182.204, rms  6.241, min 174, max 510
faMeasureChannelPedestal: slot 8, chan 15 => avg 172.389, rms  4.749, min 167, max 387
faMeasureChannelPedestal: slot 9, chan 0 => avg 183.590, rms  5.106, min 178, max 389
faMeasureChannelPedestal: slot 9, chan 1 => avg 198.508, rms  1.931, min 194, max 239
faMeasureChannelPedestal: slot 9, chan 2 => avg 176.977, rms  5.609, min 171, max 369
faMeasureChannelPedestal: slot 9, chan 3 => avg 167.003, rms  9.175, min 158, max 541
faMeasureChannelPedestal: slot 9, chan 4 => avg 191.365, rms  5.664, min 185, max 445
faMeasureChannelPedestal: slot 9, chan 5 => avg 171.189, rms  4.304, min 166, max 324
faMeasureChannelPedestal: slot 9, chan 6 => avg 172.664, rms  3.416, min 166, max 260
faMeasureChannelPedestal: slot 9, chan 7 => avg 212.502, rms  7.986, min 206, max 478
faMeasureChannelPedestal: slot 9, chan 8 => avg 202.634, rms  2.626, min 195, max 300
faMeasureChannelPedestal: slot 9, chan 9 => avg 175.148, rms  5.613, min 170, max 459
faMeasureChannelPedestal: slot 9, chan 10 => avg 190.178, rms 11.773, min 183, max 734
faMeasureChannelPedestal: slot 9, chan 11 => avg 210.229, rms  2.851, min 206, max 316
faMeasureChannelPedestal: slot 9, chan 12 => avg 205.267, rms  3.991, min 196, max 326
faMeasureChannelPedestal: slot 9, chan 13 => avg 207.540, rms  4.356, min 202, max 376
faMeasureChannelPedestal: slot 9, chan 14 => avg 213.613, rms  4.934, min 208, max 400
faMeasureChannelPedestal: slot 9, chan 15 => avg 183.920, rms  5.834, min 177, max 445
faMeasureChannelPedestal: slot 10, chan 0 => avg 193.916, rms  3.843, min 190, max 347
faMeasureChannelPedestal: slot 10, chan 1 => avg 198.064, rms  4.412, min 190, max 390
faMeasureChannelPedestal: slot 10, chan 2 => avg 165.309, rms  5.861, min 159, max 450
faMeasureChannelPedestal: slot 10, chan 3 => avg 150.510, rms  8.853, min 144, max 469
faMeasureChannelPedestal: slot 10, chan 4 => avg 158.532, rms  7.575, min 151, max 533
faMeasureChannelPedestal: slot 10, chan 5 => avg 212.172, rms  9.976, min 205, max 576
faMeasureChannelPedestal: slot 10, chan 6 => avg 167.754, rms 17.735, min 159, max 1091
faMeasureChannelPedestal: slot 10, chan 7 => avg 184.785, rms  3.655, min 177, max 289
faMeasureChannelPedestal: slot 10, chan 8 => avg 205.484, rms  4.675, min 199, max 334
faMeasureChannelPedestal: slot 10, chan 9 => avg 165.482, rms  3.672, min 161, max 294
faMeasureChannelPedestal: slot 10, chan 10 => avg 165.528, rms  8.519, min 158, max 519
faMeasureChannelPedestal: slot 10, chan 11 => avg 147.246, rms  3.441, min 142, max 255
faMeasureChannelPedestal: slot 10, chan 12 => avg 223.457, rms  7.165, min 217, max 522
faMeasureChannelPedestal: slot 10, chan 13 => avg 186.753, rms  7.104, min 180, max 449
faMeasureChannelPedestal: slot 10, chan 14 => avg 168.103, rms  4.810, min 163, max 345
faMeasureChannelPedestal: slot 10, chan 15 => avg 189.305, rms  3.086, min 184, max 286
faMeasureChannelPedestal: slot 13, chan 0 => avg 169.071, rms  8.665, min 159, max 422
faMeasureChannelPedestal: slot 13, chan 1 => avg 141.141, rms  5.956, min 136, max 357
faMeasureChannelPedestal: slot 13, chan 2 => avg 174.374, rms  5.814, min 169, max 351
faMeasureChannelPedestal: slot 13, chan 3 => avg 160.900, rms  4.615, min 155, max 300
faMeasureChannelPedestal: slot 13, chan 4 => avg 198.432, rms  3.410, min 193, max 300
faMeasureChannelPedestal: slot 13, chan 5 => avg 189.378, rms  1.989, min 184, max 224
faMeasureChannelPedestal: slot 13, chan 6 => avg 163.783, rms  3.475, min 158, max 252
faMeasureChannelPedestal: slot 13, chan 7 => avg 177.290, rms 22.905, min 161, max 1335
faMeasureChannelPedestal: slot 13, chan 8 => avg 179.157, rms  3.970, min 173, max 292
faMeasureChannelPedestal: slot 13, chan 9 => avg 175.252, rms  2.962, min 170, max 247
faMeasureChannelPedestal: slot 13, chan 10 => avg 190.099, rms  4.974, min 181, max 393
faMeasureChannelPedestal: slot 13, chan 11 => avg 161.852, rms  3.838, min 156, max 288
faMeasureChannelPedestal: slot 13, chan 12 => avg 193.948, rms  4.271, min 186, max 311
faMeasureChannelPedestal: slot 13, chan 13 => avg 187.092, rms 10.662, min 177, max 635
faMeasureChannelPedestal: slot 13, chan 14 => avg 165.194, rms  4.419, min 160, max 325
faMeasureChannelPedestal: slot 13, chan 15 => avg 181.216, rms  4.782, min 176, max 325
faMeasureChannelPedestal: slot 14, chan 0 => avg 232.644, rms  6.855, min 226, max 474
faMeasureChannelPedestal: slot 14, chan 1 => avg 190.705, rms  7.812, min 181, max 549
faMeasureChannelPedestal: slot 14, chan 2 => avg 157.068, rms  6.155, min 147, max 400
faMeasureChannelPedestal: slot 14, chan 3 => avg 189.047, rms  3.046, min 179, max 243
faMeasureChannelPedestal: slot 14, chan 4 => avg 152.383, rms 11.150, min 142, max 538
faMeasureChannelPedestal: slot 14, chan 5 => avg 187.816, rms  3.184, min 182, max 278
faMeasureChannelPedestal: slot 14, chan 6 => avg 218.080, rms  4.456, min 213, max 348
faMeasureChannelPedestal: slot 14, chan 7 => avg 170.429, rms  4.118, min 165, max 352
faMeasureChannelPedestal: slot 14, chan 8 => avg 169.482, rms  1.299, min 165, max 174
faMeasureChannelPedestal: slot 14, chan 9 => avg 211.199, rms  1.347, min 206, max 215
faMeasureChannelPedestal: slot 14, chan 10 => avg 185.297, rms  1.347, min 181, max 190
faMeasureChannelPedestal: slot 14, chan 11 => avg 174.313, rms  1.389, min 170, max 181
faMeasureChannelPedestal: slot 14, chan 12 => avg 171.199, rms  1.244, min 166, max 176
faMeasureChannelPedestal: slot 14, chan 13 => avg 180.984, rms  1.217, min 177, max 187
faMeasureChannelPedestal: slot 14, chan 14 => avg 185.932, rms  1.201, min 181, max 191
faMeasureChannelPedestal: slot 14, chan 15 => avg 132.292, rms  1.165, min 129, max 136
faMeasureChannelPedestal: slot 15, chan 0 => avg 192.534, rms  1.222, min 187, max 197
faMeasureChannelPedestal: slot 15, chan 1 => avg 209.890, rms  1.289, min 205, max 214
faMeasureChannelPedestal: slot 15, chan 2 => avg 225.664, rms  1.244, min 222, max 230
faMeasureChannelPedestal: slot 15, chan 3 => avg 214.048, rms  1.213, min 210, max 219
faMeasureChannelPedestal: slot 15, chan 4 => avg 210.013, rms  1.328, min 205, max 217
faMeasureChannelPedestal: slot 15, chan 5 => avg 221.707, rms  1.350, min 217, max 226
faMeasureChannelPedestal: slot 15, chan 6 => avg 190.183, rms  1.394, min 186, max 195
faMeasureChannelPedestal: slot 15, chan 7 => avg 142.188, rms  1.375, min 136, max 147
faMeasureChannelPedestal: slot 15, chan 8 => avg 214.097, rms  1.494, min 209, max 221
faMeasureChannelPedestal: slot 15, chan 9 => avg 185.524, rms  1.472, min 181, max 216
faMeasureChannelPedestal: slot 15, chan 10 => avg 199.202, rms  3.111, min 194, max 352
faMeasureChannelPedestal: slot 15, chan 11 => avg 182.913, rms  1.456, min 177, max 188
faMeasureChannelPedestal: slot 15, chan 12 => avg 196.328, rms  1.201, min 192, max 201
faMeasureChannelPedestal: slot 15, chan 13 => avg 53.938, rms  1.226, min 50, max 58
faMeasureChannelPedestal: slot 15, chan 14 => avg 164.337, rms  1.249, min 160, max 170
faMeasureChannelPedestal: slot 15, chan 15 => avg 87.704, rms  1.121, min 84, max 92
faMeasureChannelPedestal: slot 16, chan 0 => avg 174.785, rms  1.242, min 170, max 179
faMeasureChannelPedestal: slot 16, chan 1 => avg 218.552, rms  1.271, min 214, max 223
faMeasureChannelPedestal: slot 16, chan 2 => avg 218.171, rms  1.265, min 214, max 222
faMeasureChannelPedestal: slot 16, chan 3 => avg 181.671, rms  1.300, min 177, max 187
faMeasureChannelPedestal: slot 16, chan 4 => avg 193.267, rms  1.386, min 188, max 198
faMeasureChannelPedestal: slot 16, chan 5 => avg 191.745, rms  1.358, min 187, max 197
faMeasureChannelPedestal: slot 16, chan 6 => avg 214.830, rms  1.269, min 209, max 220
faMeasureChannelPedestal: slot 16, chan 7 => avg 197.940, rms  1.391, min 193, max 203
faMeasureChannelPedestal: slot 16, chan 8 => avg 184.858, rms  1.274, min 179, max 189
faMeasureChannelPedestal: slot 16, chan 9 => avg 169.042, rms  1.347, min 165, max 174
faMeasureChannelPedestal: slot 16, chan 10 => avg 187.298, rms  1.462, min 182, max 200
faMeasureChannelPedestal: slot 16, chan 11 => avg 190.899, rms  1.550, min 186, max 196
faMeasureChannelPedestal: slot 16, chan 12 => avg 183.695, rms  1.270, min 180, max 188
faMeasureChannelPedestal: slot 16, chan 13 => avg 67.936, rms  1.171, min 64, max 73
faMeasureChannelPedestal: slot 16, chan 14 => avg 154.460, rms  1.394, min 149, max 159
faMeasureChannelPedestal: slot 16, chan 15 => avg 72.543, rms  1.168, min 69, max 76
jlabgefCloseDefaultWindows reached
Closing A16 Window
Closing A24 Window
Closing A32Blt Window
Closing A32 Window
Closing CRCSR Window
Calling gefVmeClose
